[12-Feb-2024 15:16:06 UTC] Avvio importazione 20240212 151606
[12-Feb-2024 15:16:09 UTC] Richiamo nr.1 : 250
[12-Feb-2024 15:16:09 UTC] Total records var total: 10269
[12-Feb-2024 15:16:11 UTC] Richiamo nr.2 : 250
[12-Feb-2024 15:16:14 UTC] Richiamo nr.3 : 250
[12-Feb-2024 15:16:16 UTC] Richiamo nr.4 : 250
[12-Feb-2024 15:16:18 UTC] Richiamo nr.5 : 250
[12-Feb-2024 15:16:20 UTC] Richiamo nr.6 : 250
[12-Feb-2024 15:16:22 UTC] Richiamo nr.7 : 250
[12-Feb-2024 15:16:24 UTC] Richiamo nr.8 : 250
[12-Feb-2024 15:16:27 UTC] Richiamo nr.9 : 250
[12-Feb-2024 15:16:29 UTC] Richiamo nr.10 : 250
[12-Feb-2024 15:16:31 UTC] Richiamo nr.11 : 250
[12-Feb-2024 15:16:33 UTC] Richiamo nr.12 : 250
[12-Feb-2024 15:16:34 UTC] Richiamo nr.13 : 250
[12-Feb-2024 15:16:37 UTC] Richiamo nr.14 : 250
[12-Feb-2024 15:16:39 UTC] Richiamo nr.15 : 250
[12-Feb-2024 15:16:41 UTC] Richiamo nr.16 : 250
[12-Feb-2024 15:16:43 UTC] Richiamo nr.17 : 250
[12-Feb-2024 15:16:45 UTC] Richiamo nr.18 : 250
[12-Feb-2024 15:16:47 UTC] Richiamo nr.19 : 250
[12-Feb-2024 15:16:50 UTC] Richiamo nr.20 : 250
[12-Feb-2024 15:16:52 UTC] Richiamo nr.21 : 250
[12-Feb-2024 15:16:54 UTC] Richiamo nr.22 : 250
[12-Feb-2024 15:16:56 UTC] Richiamo nr.23 : 250
[12-Feb-2024 15:16:59 UTC] Richiamo nr.24 : 250
[12-Feb-2024 15:17:01 UTC] Richiamo nr.25 : 250
[12-Feb-2024 15:17:04 UTC] Richiamo nr.26 : 250
[12-Feb-2024 15:17:06 UTC] Richiamo nr.27 : 250
[12-Feb-2024 15:17:09 UTC] Richiamo nr.28 : 250
[12-Feb-2024 15:17:11 UTC] Richiamo nr.29 : 250
[12-Feb-2024 15:17:13 UTC] Richiamo nr.30 : 250
[12-Feb-2024 15:17:15 UTC] Richiamo nr.31 : 250
[12-Feb-2024 15:17:17 UTC] Richiamo nr.32 : 250
[12-Feb-2024 15:17:19 UTC] Richiamo nr.33 : 250
[12-Feb-2024 15:17:22 UTC] Richiamo nr.34 : 250
[12-Feb-2024 15:17:24 UTC] Richiamo nr.35 : 250
[12-Feb-2024 15:17:26 UTC] Richiamo nr.36 : 250
[12-Feb-2024 15:17:28 UTC] Richiamo nr.37 : 250
[12-Feb-2024 15:17:31 UTC] Richiamo nr.38 : 250
[12-Feb-2024 15:17:33 UTC] Richiamo nr.39 : 250
[12-Feb-2024 15:17:35 UTC] Richiamo nr.40 : 250
[12-Feb-2024 15:17:37 UTC] Richiamo nr.41 : 250
[12-Feb-2024 15:17:38 UTC] Richiamo nr.42 : 19
[12-Feb-2024 15:17:38 UTC] Total records : 19
[12-Feb-2024 15:17:38 UTC] IMPORT OK CNT=0
[12-Feb-2024 15:21:38 UTC] Avvio importazione 20240212 152138
[12-Feb-2024 15:21:40 UTC] Richiamo nr.1 : 250
[12-Feb-2024 15:21:40 UTC] Total records var total: 10270
[12-Feb-2024 15:21:43 UTC] Richiamo nr.2 : 250
[12-Feb-2024 15:21:44 UTC] Richiamo nr.3 : 250
[12-Feb-2024 15:21:47 UTC] Richiamo nr.4 : 250
[12-Feb-2024 15:21:48 UTC] Richiamo nr.5 : 250
[12-Feb-2024 15:21:51 UTC] Richiamo nr.6 : 250
[12-Feb-2024 15:21:53 UTC] Richiamo nr.7 : 250
[12-Feb-2024 15:21:55 UTC] Richiamo nr.8 : 250
[12-Feb-2024 15:21:58 UTC] Richiamo nr.9 : 250
[12-Feb-2024 15:22:00 UTC] Richiamo nr.10 : 250
[12-Feb-2024 15:22:02 UTC] Richiamo nr.11 : 250
[12-Feb-2024 15:22:04 UTC] Richiamo nr.12 : 250
[12-Feb-2024 15:22:07 UTC] Richiamo nr.13 : 250
[12-Feb-2024 15:22:09 UTC] Richiamo nr.14 : 250
[12-Feb-2024 15:22:11 UTC] Richiamo nr.15 : 250
[12-Feb-2024 15:22:13 UTC] Richiamo nr.16 : 250
[12-Feb-2024 15:22:15 UTC] Richiamo nr.17 : 250
[12-Feb-2024 15:22:18 UTC] Richiamo nr.18 : 250
[12-Feb-2024 15:22:20 UTC] Richiamo nr.19 : 250
[12-Feb-2024 15:22:22 UTC] Richiamo nr.20 : 250
[12-Feb-2024 15:22:24 UTC] Richiamo nr.21 : 250
[12-Feb-2024 15:22:26 UTC] Richiamo nr.22 : 250
[12-Feb-2024 15:22:28 UTC] Richiamo nr.23 : 250
[12-Feb-2024 15:22:30 UTC] Richiamo nr.24 : 250
[12-Feb-2024 15:22:33 UTC] Richiamo nr.25 : 250
[12-Feb-2024 15:22:35 UTC] Richiamo nr.26 : 250
[12-Feb-2024 15:22:37 UTC] Richiamo nr.27 : 250
[12-Feb-2024 15:22:39 UTC] Richiamo nr.28 : 250
[12-Feb-2024 15:22:41 UTC] Richiamo nr.29 : 250
[12-Feb-2024 15:22:43 UTC] Richiamo nr.30 : 250
[12-Feb-2024 15:22:45 UTC] Richiamo nr.31 : 250
[12-Feb-2024 15:22:47 UTC] Richiamo nr.32 : 250
[12-Feb-2024 15:22:49 UTC] Richiamo nr.33 : 250
[12-Feb-2024 15:22:51 UTC] Richiamo nr.34 : 250
[12-Feb-2024 15:22:53 UTC] Richiamo nr.35 : 250
[12-Feb-2024 15:22:55 UTC] Richiamo nr.36 : 250
[12-Feb-2024 15:22:58 UTC] Richiamo nr.37 : 250
[12-Feb-2024 15:23:00 UTC] Richiamo nr.38 : 250
[12-Feb-2024 15:23:02 UTC] Richiamo nr.39 : 250
[12-Feb-2024 15:23:04 UTC] Richiamo nr.40 : 250
[12-Feb-2024 15:23:07 UTC] Richiamo nr.41 : 250
[12-Feb-2024 15:23:08 UTC] Richiamo nr.42 : 20
[12-Feb-2024 15:23:08 UTC] Total records : 10270
[12-Feb-2024 15:25:04 UTC] IMPORT OK CNT=8646
