[08-Jan-2025 14:09:24 UTC] PHP Warning:  odbc_exec(): SQL error: [IBM][System i Access ODBC Driver][DB2 for i5/OS]SQL0199 - Keyword TRIM not expected. Valid tokens: )., SQL state 37000 in SQLExecDirect in /www/php80/htdocs/getItems_v3T.php on line 247
[08-Jan-2025 14:10:08 UTC] PHP Warning:  odbc_exec(): SQL error: [IBM][System i Access ODBC Driver][DB2 for i5/OS]SQL0199 - Keyword TRIM not expected. Valid tokens: )., SQL state 37000 in SQLExecDirect in /www/php80/htdocs/getItems_v3T.php on line 247
[08-Jan-2025 14:10:41 UTC] PHP Warning:  odbc_exec(): SQL error: [IBM][System i Access ODBC Driver][DB2 for i5/OS]SQL0104 - Token CYWTXT was not valid. Valid tokens: )., SQL state 37000 in SQLExecDirect in /www/php80/htdocs/getItems_v3T.php on line 246
[08-Jan-2025 14:12:24 UTC] PHP Warning:  odbc_exec(): SQL error: [IBM][System i Access ODBC Driver][DB2 for i5/OS]SQL0204 - COLAESCE in *LIBL type *N not found., SQL state S0002 in SQLExecDirect in /www/php80/htdocs/getItems_v3T.php on line 247
[08-Jan-2025 14:20:20 UTC] PHP Warning:  odbc_exec(): SQL error: [IBM][System i Access ODBC Driver][DB2 for i5/OS]SQL0171 - Argument 1 of function XMLAGG not valid., SQL state S1000 in SQLExecDirect in /www/php80/htdocs/getItems_v3T.php on line 269
[08-Jan-2025 14:22:46 UTC] PHP Warning:  odbc_exec(): SQL error: [IBM][System i Access ODBC Driver][DB2 for i5/OS]SQL0171 - Argument 1 of function XMLAGG not valid., SQL state S1000 in SQLExecDirect in /www/php80/htdocs/getItems_v3T.php on line 269
[09-Jan-2025 13:16:16 UTC] PHP Warning:  odbc_exec(): SQL error: [IBM][System i Access ODBC Driver][DB2 for i5/OS]SQL0104 - Token = was not valid. Valid tokens: )., SQL state 37000 in SQLExecDirect in /www/php80/htdocs/getItems_v3.php on line 241
[09-Jan-2025 13:16:18 UTC] PHP Warning:  odbc_exec(): SQL error: [IBM][System i Access ODBC Driver][DB2 for i5/OS]SQL0104 - Token = was not valid. Valid tokens: )., SQL state 37000 in SQLExecDirect in /www/php80/htdocs/getItems_v3.php on line 241
[09-Jan-2025 13:16:19 UTC] PHP Warning:  odbc_exec(): SQL error: [IBM][System i Access ODBC Driver][DB2 for i5/OS]SQL0104 - Token = was not valid. Valid tokens: )., SQL state 37000 in SQLExecDirect in /www/php80/htdocs/getItems_v3.php on line 241
[09-Jan-2025 13:16:20 UTC] PHP Warning:  odbc_exec(): SQL error: [IBM][System i Access ODBC Driver][DB2 for i5/OS]SQL0104 - Token = was not valid. Valid tokens: )., SQL state 37000 in SQLExecDirect in /www/php80/htdocs/getItems_v3.php on line 241
[09-Jan-2025 13:16:20 UTC] PHP Warning:  odbc_exec(): SQL error: [IBM][System i Access ODBC Driver][DB2 for i5/OS]SQL0104 - Token = was not valid. Valid tokens: )., SQL state 37000 in SQLExecDirect in /www/php80/htdocs/getItems_v3.php on line 241
[09-Jan-2025 13:16:28 UTC] PHP Warning:  odbc_exec(): SQL error: [IBM][System i Access ODBC Driver][DB2 for i5/OS]SQL0104 - Token = was not valid. Valid tokens: )., SQL state 37000 in SQLExecDirect in /www/php80/htdocs/getItems_v3.php on line 241
[09-Jan-2025 13:16:38 UTC] PHP Warning:  odbc_exec(): SQL error: [IBM][System i Access ODBC Driver][DB2 for i5/OS]SQL0104 - Token = was not valid. Valid tokens: )., SQL state 37000 in SQLExecDirect in /www/php80/htdocs/getItems_v3.php on line 241
[09-Jan-2025 13:16:40 UTC] PHP Warning:  odbc_exec(): SQL error: [IBM][System i Access ODBC Driver][DB2 for i5/OS]SQL0104 - Token = was not valid. Valid tokens: )., SQL state 37000 in SQLExecDirect in /www/php80/htdocs/getItems_v3.php on line 241
[09-Jan-2025 13:16:49 UTC] PHP Warning:  odbc_exec(): SQL error: [IBM][System i Access ODBC Driver][DB2 for i5/OS]SQL0104 - Token = was not valid. Valid tokens: )., SQL state 37000 in SQLExecDirect in /www/php80/htdocs/getItems_v3.php on line 241
[09-Jan-2025 14:33:22 UTC] PHP Warning:  odbc_exec(): SQL error: [IBM][System i Access ODBC Driver][DB2 for i5/OS]SQL0421 - Number of columns not consistent., SQL state S1000 in SQLExecDirect in /www/php80/htdocs/getItems_v3.php on line 242
[09-Jan-2025 14:34:04 UTC] PHP Warning:  odbc_exec(): SQL error: [IBM][System i Access ODBC Driver][DB2 for i5/OS]SQL0421 - Number of columns not consistent., SQL state S1000 in SQLExecDirect in /www/php80/htdocs/getItems_v3.php on line 242
[09-Jan-2025 14:41:38 UTC] PHP Warning:  odbc_exec(): SQL error: [IBM][System i Access ODBC Driver][DB2 for i5/OS]SQL0170 - Number of arguments for function VARCHAR_FORMAT not valid., SQL state 37000 in SQLExecDirect in /www/php80/htdocs/getItems_v3.php on line 241
[09-Jan-2025 15:15:43 UTC] PHP Warning:  odbc_exec(): SQL error: [IBM][System i Access ODBC Driver][DB2 for i5/OS]SQL0421 - Number of columns not consistent., SQL state S1000 in SQLExecDirect in /www/php80/htdocs/getItems_v3.php on line 242
[09-Jan-2025 15:15:52 UTC] PHP Warning:  odbc_exec(): SQL error: [IBM][System i Access ODBC Driver][DB2 for i5/OS]SQL0421 - Number of columns not consistent., SQL state S1000 in SQLExecDirect in /www/php80/htdocs/getItems_v3.php on line 242
