[01-Feb-2025 09:53:29 Europe/Rome] Inizio elaborazione
[01-Feb-2025 09:53:29 Europe/Rome] Trovate 29 timbrature
[01-Feb-2025 09:53:29 Europe/Rome] 20250000066 - richiamo servizio gepacon
[01-Feb-2025 09:53:29 Europe/Rome] curl data: {"success":true}
[01-Feb-2025 09:53:30 Europe/Rome] fine procedura
[01-Feb-2025 13:53:31 Europe/Rome] Inizio elaborazione
[01-Feb-2025 13:53:31 Europe/Rome] Trovate 29 timbrature
[01-Feb-2025 13:53:31 Europe/Rome] 20250000067 - richiamo servizio gepacon
[01-Feb-2025 13:53:32 Europe/Rome] curl data: {"success":true}
[01-Feb-2025 13:53:32 Europe/Rome] fine procedura
[01-Feb-2025 17:53:33 Europe/Rome] Inizio elaborazione
[01-Feb-2025 17:53:33 Europe/Rome] Trovate 0 timbrature
[01-Feb-2025 17:53:33 Europe/Rome] fine procedura
[02-Feb-2025 09:53:29 Europe/Rome] Inizio elaborazione
[02-Feb-2025 09:53:29 Europe/Rome] Trovate 0 timbrature
[02-Feb-2025 09:53:29 Europe/Rome] fine procedura
[02-Feb-2025 13:53:31 Europe/Rome] Inizio elaborazione
[02-Feb-2025 13:53:31 Europe/Rome] Trovate 0 timbrature
[02-Feb-2025 13:53:31 Europe/Rome] fine procedura
[02-Feb-2025 17:53:32 Europe/Rome] Inizio elaborazione
[02-Feb-2025 17:53:32 Europe/Rome] Trovate 0 timbrature
[02-Feb-2025 17:53:32 Europe/Rome] fine procedura
[03-Feb-2025 09:53:30 Europe/Rome] Inizio elaborazione
[03-Feb-2025 09:53:30 Europe/Rome] Trovate 62 timbrature
[03-Feb-2025 09:53:30 Europe/Rome] 20250000068 - richiamo servizio gepacon
[03-Feb-2025 09:53:31 Europe/Rome] curl data: {"success":true}
[03-Feb-2025 09:53:31 Europe/Rome] fine procedura
[03-Feb-2025 13:53:32 Europe/Rome] Inizio elaborazione
[03-Feb-2025 13:53:32 Europe/Rome] Trovate 97 timbrature
[03-Feb-2025 13:53:32 Europe/Rome] 20250000069 - richiamo servizio gepacon
[03-Feb-2025 13:53:33 Europe/Rome] curl data: {"success":true}
[03-Feb-2025 13:53:33 Europe/Rome] fine procedura
