[01-Aug-2024 09:54:07 Europe/Rome] Inizio elaborazione
[01-Aug-2024 09:54:08 Europe/Rome] Trovate 58 timbrature
[01-Aug-2024 09:54:08 Europe/Rome] 20240000580 - richiamo servizio gepacon
[01-Aug-2024 09:54:09 Europe/Rome] curl data: {"success":true}
[01-Aug-2024 09:54:09 Europe/Rome] fine procedura
[01-Aug-2024 13:54:11 Europe/Rome] Inizio elaborazione
[01-Aug-2024 13:54:11 Europe/Rome] Trovate 98 timbrature
[01-Aug-2024 13:54:11 Europe/Rome] 20240000581 - richiamo servizio gepacon
[01-Aug-2024 13:54:12 Europe/Rome] curl data: {"success":true}
[01-Aug-2024 13:54:13 Europe/Rome] fine procedura
[01-Aug-2024 17:54:15 Europe/Rome] Inizio elaborazione
[01-Aug-2024 17:54:15 Europe/Rome] Trovate 56 timbrature
[01-Aug-2024 17:54:15 Europe/Rome] 20240000582 - richiamo servizio gepacon
[01-Aug-2024 17:54:16 Europe/Rome] curl data: {"success":true}
[01-Aug-2024 17:54:16 Europe/Rome] fine procedura
[02-Aug-2024 09:54:03 Europe/Rome] Inizio elaborazione
[02-Aug-2024 09:54:03 Europe/Rome] Trovate 56 timbrature
[02-Aug-2024 09:54:03 Europe/Rome] 20240000583 - richiamo servizio gepacon
[02-Aug-2024 09:54:04 Europe/Rome] curl data: {"success":true}
[02-Aug-2024 09:54:04 Europe/Rome] fine procedura
[02-Aug-2024 13:54:07 Europe/Rome] Inizio elaborazione
[02-Aug-2024 13:54:07 Europe/Rome] Trovate 95 timbrature
[02-Aug-2024 13:54:07 Europe/Rome] 20240000584 - richiamo servizio gepacon
[02-Aug-2024 13:54:08 Europe/Rome] curl data: {"success":true}
[02-Aug-2024 13:54:09 Europe/Rome] fine procedura
[02-Aug-2024 17:54:11 Europe/Rome] Inizio elaborazione
[02-Aug-2024 17:54:11 Europe/Rome] Trovate 51 timbrature
[02-Aug-2024 17:54:11 Europe/Rome] 20240000585 - richiamo servizio gepacon
[02-Aug-2024 17:54:12 Europe/Rome] curl data: {"success":true}
[02-Aug-2024 17:54:12 Europe/Rome] fine procedura
[03-Aug-2024 09:54:01 Europe/Rome] Inizio elaborazione
[03-Aug-2024 09:54:01 Europe/Rome] Trovate 0 timbrature
[03-Aug-2024 09:54:01 Europe/Rome] fine procedura
[03-Aug-2024 13:54:03 Europe/Rome] Inizio elaborazione
[03-Aug-2024 13:54:03 Europe/Rome] Trovate 0 timbrature
[03-Aug-2024 13:54:03 Europe/Rome] fine procedura
[03-Aug-2024 17:54:05 Europe/Rome] Inizio elaborazione
[03-Aug-2024 17:54:05 Europe/Rome] Trovate 0 timbrature
[03-Aug-2024 17:54:05 Europe/Rome] fine procedura
[04-Aug-2024 09:54:00 Europe/Rome] Inizio elaborazione
[04-Aug-2024 09:54:00 Europe/Rome] Trovate 0 timbrature
[04-Aug-2024 09:54:00 Europe/Rome] fine procedura
[04-Aug-2024 13:54:02 Europe/Rome] Inizio elaborazione
[04-Aug-2024 13:54:02 Europe/Rome] Trovate 0 timbrature
[04-Aug-2024 13:54:02 Europe/Rome] fine procedura
[04-Aug-2024 17:54:04 Europe/Rome] Inizio elaborazione
[04-Aug-2024 17:54:04 Europe/Rome] Trovate 0 timbrature
[04-Aug-2024 17:54:04 Europe/Rome] fine procedura
[05-Aug-2024 09:54:01 Europe/Rome] Inizio elaborazione
[05-Aug-2024 09:54:01 Europe/Rome] Trovate 62 timbrature
[05-Aug-2024 09:54:01 Europe/Rome] 20240000586 - richiamo servizio gepacon
[05-Aug-2024 09:54:02 Europe/Rome] curl data: {"success":true}
[05-Aug-2024 09:54:02 Europe/Rome] fine procedura
[05-Aug-2024 13:54:04 Europe/Rome] Inizio elaborazione
[05-Aug-2024 13:54:04 Europe/Rome] Trovate 103 timbrature
[05-Aug-2024 13:54:04 Europe/Rome] 20240000587 - richiamo servizio gepacon
[05-Aug-2024 13:54:05 Europe/Rome] curl data: {"success":true}
[05-Aug-2024 13:54:06 Europe/Rome] fine procedura
[05-Aug-2024 17:54:07 Europe/Rome] Inizio elaborazione
[05-Aug-2024 17:54:08 Europe/Rome] Trovate 63 timbrature
[05-Aug-2024 17:54:08 Europe/Rome] 20240000588 - richiamo servizio gepacon
[05-Aug-2024 17:54:09 Europe/Rome] curl data: {"success":true}
[05-Aug-2024 17:54:09 Europe/Rome] fine procedura
[06-Aug-2024 09:54:01 Europe/Rome] Inizio elaborazione
[06-Aug-2024 09:54:01 Europe/Rome] Trovate 61 timbrature
[06-Aug-2024 09:54:01 Europe/Rome] 20240000589 - richiamo servizio gepacon
[06-Aug-2024 09:54:02 Europe/Rome] curl data: {"success":true}
[06-Aug-2024 09:54:02 Europe/Rome] fine procedura
[06-Aug-2024 13:54:04 Europe/Rome] Inizio elaborazione
[06-Aug-2024 13:54:05 Europe/Rome] Trovate 106 timbrature
[06-Aug-2024 13:54:05 Europe/Rome] 20240000590 - richiamo servizio gepacon
[06-Aug-2024 13:54:06 Europe/Rome] curl data: {"success":true}
[06-Aug-2024 13:54:06 Europe/Rome] fine procedura
[06-Aug-2024 17:54:08 Europe/Rome] Inizio elaborazione
[06-Aug-2024 17:54:08 Europe/Rome] Trovate 58 timbrature
[06-Aug-2024 17:54:08 Europe/Rome] 20240000591 - richiamo servizio gepacon
[06-Aug-2024 17:54:09 Europe/Rome] curl data: {"success":true}
[06-Aug-2024 17:54:09 Europe/Rome] fine procedura
[07-Aug-2024 09:54:04 Europe/Rome] Inizio elaborazione
[07-Aug-2024 09:54:04 Europe/Rome] Trovate 61 timbrature
[07-Aug-2024 09:54:04 Europe/Rome] 20240000592 - richiamo servizio gepacon
[07-Aug-2024 09:54:05 Europe/Rome] curl data: {"success":true}
[07-Aug-2024 09:54:05 Europe/Rome] fine procedura
[07-Aug-2024 13:54:07 Europe/Rome] Inizio elaborazione
[07-Aug-2024 13:54:08 Europe/Rome] Trovate 107 timbrature
[07-Aug-2024 13:54:08 Europe/Rome] 20240000593 - richiamo servizio gepacon
[07-Aug-2024 13:54:09 Europe/Rome] curl data: {"success":true}
[07-Aug-2024 13:54:09 Europe/Rome] fine procedura
[07-Aug-2024 17:54:11 Europe/Rome] Inizio elaborazione
[07-Aug-2024 17:54:11 Europe/Rome] Trovate 57 timbrature
[07-Aug-2024 17:54:11 Europe/Rome] 20240000594 - richiamo servizio gepacon
[07-Aug-2024 17:54:12 Europe/Rome] curl data: {"success":true}
[07-Aug-2024 17:54:12 Europe/Rome] fine procedura
[08-Aug-2024 09:54:02 Europe/Rome] Inizio elaborazione
[08-Aug-2024 09:54:03 Europe/Rome] Trovate 66 timbrature
[08-Aug-2024 09:54:03 Europe/Rome] 20240000595 - richiamo servizio gepacon
[08-Aug-2024 09:54:04 Europe/Rome] curl data: {"success":true}
[08-Aug-2024 09:54:04 Europe/Rome] fine procedura
[08-Aug-2024 13:54:06 Europe/Rome] Inizio elaborazione
[08-Aug-2024 13:54:06 Europe/Rome] Trovate 105 timbrature
[08-Aug-2024 13:54:06 Europe/Rome] 20240000596 - richiamo servizio gepacon
[08-Aug-2024 13:54:07 Europe/Rome] curl data: {"success":true}
[08-Aug-2024 13:54:07 Europe/Rome] fine procedura
[08-Aug-2024 17:54:10 Europe/Rome] Inizio elaborazione
[08-Aug-2024 17:54:10 Europe/Rome] Trovate 65 timbrature
[08-Aug-2024 17:54:10 Europe/Rome] 20240000597 - richiamo servizio gepacon
[08-Aug-2024 17:54:11 Europe/Rome] curl data: {"success":true}
[08-Aug-2024 17:54:11 Europe/Rome] fine procedura
[09-Aug-2024 09:54:03 Europe/Rome] Inizio elaborazione
[09-Aug-2024 09:54:03 Europe/Rome] Trovate 0 timbrature
[09-Aug-2024 09:54:03 Europe/Rome] fine procedura
[09-Aug-2024 13:54:07 Europe/Rome] Inizio elaborazione
[09-Aug-2024 13:54:07 Europe/Rome] Trovate 0 timbrature
[09-Aug-2024 13:54:07 Europe/Rome] fine procedura
[09-Aug-2024 17:54:09 Europe/Rome] Inizio elaborazione
[09-Aug-2024 17:54:09 Europe/Rome] Trovate 0 timbrature
[09-Aug-2024 17:54:09 Europe/Rome] fine procedura
[10-Aug-2024 09:54:03 Europe/Rome] Inizio elaborazione
[10-Aug-2024 09:54:03 Europe/Rome] Trovate 0 timbrature
[10-Aug-2024 09:54:03 Europe/Rome] fine procedura
[10-Aug-2024 13:54:06 Europe/Rome] Inizio elaborazione
[10-Aug-2024 13:54:06 Europe/Rome] Trovate 0 timbrature
[10-Aug-2024 13:54:06 Europe/Rome] fine procedura
[10-Aug-2024 17:54:08 Europe/Rome] Inizio elaborazione
[10-Aug-2024 17:54:08 Europe/Rome] Trovate 0 timbrature
[10-Aug-2024 17:54:08 Europe/Rome] fine procedura
[11-Aug-2024 09:53:59 Europe/Rome] Inizio elaborazione
[11-Aug-2024 09:53:59 Europe/Rome] Trovate 0 timbrature
[11-Aug-2024 09:53:59 Europe/Rome] fine procedura
[11-Aug-2024 13:54:01 Europe/Rome] Inizio elaborazione
[11-Aug-2024 13:54:01 Europe/Rome] Trovate 0 timbrature
[11-Aug-2024 13:54:01 Europe/Rome] fine procedura
[11-Aug-2024 17:54:03 Europe/Rome] Inizio elaborazione
[11-Aug-2024 17:54:03 Europe/Rome] Trovate 0 timbrature
[11-Aug-2024 17:54:03 Europe/Rome] fine procedura
[12-Aug-2024 09:54:03 Europe/Rome] Inizio elaborazione
[12-Aug-2024 09:54:03 Europe/Rome] Trovate 0 timbrature
[12-Aug-2024 09:54:03 Europe/Rome] fine procedura
[12-Aug-2024 13:54:05 Europe/Rome] Inizio elaborazione
[12-Aug-2024 13:54:05 Europe/Rome] Trovate 0 timbrature
[12-Aug-2024 13:54:05 Europe/Rome] fine procedura
[12-Aug-2024 17:54:06 Europe/Rome] Inizio elaborazione
[12-Aug-2024 17:54:06 Europe/Rome] Trovate 0 timbrature
[12-Aug-2024 17:54:06 Europe/Rome] fine procedura
[13-Aug-2024 09:54:02 Europe/Rome] Inizio elaborazione
[13-Aug-2024 09:54:02 Europe/Rome] Trovate 0 timbrature
[13-Aug-2024 09:54:02 Europe/Rome] fine procedura
[13-Aug-2024 13:54:04 Europe/Rome] Inizio elaborazione
[13-Aug-2024 13:54:04 Europe/Rome] Trovate 0 timbrature
[13-Aug-2024 13:54:04 Europe/Rome] fine procedura
[13-Aug-2024 17:54:06 Europe/Rome] Inizio elaborazione
[13-Aug-2024 17:54:06 Europe/Rome] Trovate 0 timbrature
[13-Aug-2024 17:54:06 Europe/Rome] fine procedura
[14-Aug-2024 09:54:03 Europe/Rome] Inizio elaborazione
[14-Aug-2024 09:54:03 Europe/Rome] Trovate 0 timbrature
[14-Aug-2024 09:54:03 Europe/Rome] fine procedura
[14-Aug-2024 13:54:05 Europe/Rome] Inizio elaborazione
[14-Aug-2024 13:54:05 Europe/Rome] Trovate 0 timbrature
[14-Aug-2024 13:54:05 Europe/Rome] fine procedura
[14-Aug-2024 17:54:07 Europe/Rome] Inizio elaborazione
[14-Aug-2024 17:54:07 Europe/Rome] Trovate 0 timbrature
[14-Aug-2024 17:54:07 Europe/Rome] fine procedura
[15-Aug-2024 09:54:51 Europe/Rome] Inizio elaborazione
[15-Aug-2024 09:54:51 Europe/Rome] Trovate 0 timbrature
[15-Aug-2024 09:54:51 Europe/Rome] fine procedura
[15-Aug-2024 13:54:53 Europe/Rome] Inizio elaborazione
[15-Aug-2024 13:54:53 Europe/Rome] Trovate 0 timbrature
[15-Aug-2024 13:54:53 Europe/Rome] fine procedura
[15-Aug-2024 17:54:55 Europe/Rome] Inizio elaborazione
[15-Aug-2024 17:54:55 Europe/Rome] Trovate 0 timbrature
[15-Aug-2024 17:54:55 Europe/Rome] fine procedura
[16-Aug-2024 09:54:03 Europe/Rome] Inizio elaborazione
[16-Aug-2024 09:54:03 Europe/Rome] Trovate 0 timbrature
[16-Aug-2024 09:54:03 Europe/Rome] fine procedura
[16-Aug-2024 13:54:06 Europe/Rome] Inizio elaborazione
[16-Aug-2024 13:54:06 Europe/Rome] Trovate 0 timbrature
[16-Aug-2024 13:54:06 Europe/Rome] fine procedura
[16-Aug-2024 17:54:08 Europe/Rome] Inizio elaborazione
[16-Aug-2024 17:54:08 Europe/Rome] Trovate 0 timbrature
[16-Aug-2024 17:54:08 Europe/Rome] fine procedura
[17-Aug-2024 09:54:03 Europe/Rome] Inizio elaborazione
[17-Aug-2024 09:54:03 Europe/Rome] Trovate 0 timbrature
[17-Aug-2024 09:54:03 Europe/Rome] fine procedura
[17-Aug-2024 13:54:06 Europe/Rome] Inizio elaborazione
[17-Aug-2024 13:54:06 Europe/Rome] Trovate 0 timbrature
[17-Aug-2024 13:54:06 Europe/Rome] fine procedura
[17-Aug-2024 17:54:08 Europe/Rome] Inizio elaborazione
[17-Aug-2024 17:54:08 Europe/Rome] Trovate 0 timbrature
[17-Aug-2024 17:54:08 Europe/Rome] fine procedura
[18-Aug-2024 09:54:02 Europe/Rome] Inizio elaborazione
[18-Aug-2024 09:54:02 Europe/Rome] Trovate 0 timbrature
[18-Aug-2024 09:54:02 Europe/Rome] fine procedura
[18-Aug-2024 13:54:04 Europe/Rome] Inizio elaborazione
[18-Aug-2024 13:54:04 Europe/Rome] Trovate 0 timbrature
[18-Aug-2024 13:54:04 Europe/Rome] fine procedura
[18-Aug-2024 17:54:06 Europe/Rome] Inizio elaborazione
[18-Aug-2024 17:54:06 Europe/Rome] Trovate 0 timbrature
[18-Aug-2024 17:54:06 Europe/Rome] fine procedura
[19-Aug-2024 09:54:50 Europe/Rome] Inizio elaborazione
[19-Aug-2024 09:54:50 Europe/Rome] Trovate 0 timbrature
[19-Aug-2024 09:54:50 Europe/Rome] fine procedura
[19-Aug-2024 13:54:52 Europe/Rome] Inizio elaborazione
[19-Aug-2024 13:54:52 Europe/Rome] Trovate 0 timbrature
[19-Aug-2024 13:54:52 Europe/Rome] fine procedura
[19-Aug-2024 17:54:54 Europe/Rome] Inizio elaborazione
[19-Aug-2024 17:54:54 Europe/Rome] Trovate 0 timbrature
[19-Aug-2024 17:54:54 Europe/Rome] fine procedura
[20-Aug-2024 09:54:03 Europe/Rome] Inizio elaborazione
[20-Aug-2024 09:54:04 Europe/Rome] Trovate 0 timbrature
[20-Aug-2024 09:54:04 Europe/Rome] fine procedura
[20-Aug-2024 13:54:06 Europe/Rome] Inizio elaborazione
[20-Aug-2024 13:54:06 Europe/Rome] Trovate 0 timbrature
[20-Aug-2024 13:54:06 Europe/Rome] fine procedura
[20-Aug-2024 17:54:08 Europe/Rome] Inizio elaborazione
[20-Aug-2024 17:54:08 Europe/Rome] Trovate 0 timbrature
[20-Aug-2024 17:54:08 Europe/Rome] fine procedura
[21-Aug-2024 09:53:59 Europe/Rome] Inizio elaborazione
[21-Aug-2024 09:54:00 Europe/Rome] Trovate 0 timbrature
[21-Aug-2024 09:54:00 Europe/Rome] fine procedura
[21-Aug-2024 13:54:01 Europe/Rome] Inizio elaborazione
[21-Aug-2024 13:54:02 Europe/Rome] Trovate 0 timbrature
[21-Aug-2024 13:54:02 Europe/Rome] fine procedura
[21-Aug-2024 17:54:03 Europe/Rome] Inizio elaborazione
[21-Aug-2024 17:54:03 Europe/Rome] Trovate 0 timbrature
[21-Aug-2024 17:54:03 Europe/Rome] fine procedura
[22-Aug-2024 09:54:03 Europe/Rome] Inizio elaborazione
[22-Aug-2024 09:54:04 Europe/Rome] Trovate 0 timbrature
[22-Aug-2024 09:54:04 Europe/Rome] fine procedura
[22-Aug-2024 13:54:06 Europe/Rome] Inizio elaborazione
[22-Aug-2024 13:54:06 Europe/Rome] Trovate 0 timbrature
[22-Aug-2024 13:54:06 Europe/Rome] fine procedura
[22-Aug-2024 17:54:08 Europe/Rome] Inizio elaborazione
[22-Aug-2024 17:54:08 Europe/Rome] Trovate 0 timbrature
[22-Aug-2024 17:54:08 Europe/Rome] fine procedura
[23-Aug-2024 09:54:04 Europe/Rome] Inizio elaborazione
[23-Aug-2024 09:54:04 Europe/Rome] Trovate 0 timbrature
[23-Aug-2024 09:54:04 Europe/Rome] fine procedura
[23-Aug-2024 13:54:06 Europe/Rome] Inizio elaborazione
[23-Aug-2024 13:54:06 Europe/Rome] Trovate 0 timbrature
[23-Aug-2024 13:54:06 Europe/Rome] fine procedura
[23-Aug-2024 17:54:08 Europe/Rome] Inizio elaborazione
[23-Aug-2024 17:54:08 Europe/Rome] Trovate 0 timbrature
[23-Aug-2024 17:54:08 Europe/Rome] fine procedura
[24-Aug-2024 09:54:02 Europe/Rome] Inizio elaborazione
[24-Aug-2024 09:54:02 Europe/Rome] Trovate 0 timbrature
[24-Aug-2024 09:54:02 Europe/Rome] fine procedura
[24-Aug-2024 13:54:04 Europe/Rome] Inizio elaborazione
[24-Aug-2024 13:54:04 Europe/Rome] Trovate 0 timbrature
[24-Aug-2024 13:54:04 Europe/Rome] fine procedura
[24-Aug-2024 17:54:06 Europe/Rome] Inizio elaborazione
[24-Aug-2024 17:54:06 Europe/Rome] Trovate 0 timbrature
[24-Aug-2024 17:54:06 Europe/Rome] fine procedura
[25-Aug-2024 09:54:00 Europe/Rome] Inizio elaborazione
[25-Aug-2024 09:54:00 Europe/Rome] Trovate 0 timbrature
[25-Aug-2024 09:54:00 Europe/Rome] fine procedura
[25-Aug-2024 13:54:02 Europe/Rome] Inizio elaborazione
[25-Aug-2024 13:54:02 Europe/Rome] Trovate 0 timbrature
[25-Aug-2024 13:54:02 Europe/Rome] fine procedura
[25-Aug-2024 17:54:04 Europe/Rome] Inizio elaborazione
[25-Aug-2024 17:54:04 Europe/Rome] Trovate 0 timbrature
[25-Aug-2024 17:54:04 Europe/Rome] fine procedura
[26-Aug-2024 09:54:04 Europe/Rome] Inizio elaborazione
[26-Aug-2024 09:54:04 Europe/Rome] Trovate 63 timbrature
[26-Aug-2024 09:54:04 Europe/Rome] 20240000598 - richiamo servizio gepacon
[26-Aug-2024 09:54:05 Europe/Rome] curl data: {"success":true}
[26-Aug-2024 09:54:05 Europe/Rome] fine procedura
[26-Aug-2024 13:54:08 Europe/Rome] Inizio elaborazione
[26-Aug-2024 13:54:08 Europe/Rome] Trovate 110 timbrature
[26-Aug-2024 13:54:08 Europe/Rome] 20240000599 - richiamo servizio gepacon
[26-Aug-2024 13:54:09 Europe/Rome] curl data: {"success":true}
[26-Aug-2024 13:54:10 Europe/Rome] fine procedura
[26-Aug-2024 17:54:12 Europe/Rome] Inizio elaborazione
[26-Aug-2024 17:54:12 Europe/Rome] Trovate 64 timbrature
[26-Aug-2024 17:54:12 Europe/Rome] 20240000600 - richiamo servizio gepacon
[26-Aug-2024 17:54:13 Europe/Rome] curl data: {"success":true}
[26-Aug-2024 17:54:13 Europe/Rome] fine procedura
[27-Aug-2024 09:54:05 Europe/Rome] Inizio elaborazione
[27-Aug-2024 09:54:06 Europe/Rome] Trovate 65 timbrature
[27-Aug-2024 09:54:06 Europe/Rome] 20240000601 - richiamo servizio gepacon
[27-Aug-2024 09:54:07 Europe/Rome] curl data: {"success":true}
[27-Aug-2024 09:54:07 Europe/Rome] fine procedura
[27-Aug-2024 13:54:10 Europe/Rome] Inizio elaborazione
[27-Aug-2024 13:54:10 Europe/Rome] Trovate 109 timbrature
[27-Aug-2024 13:54:10 Europe/Rome] 20240000602 - richiamo servizio gepacon
[27-Aug-2024 13:54:11 Europe/Rome] curl data: {"success":true}
[27-Aug-2024 13:54:12 Europe/Rome] fine procedura
[27-Aug-2024 17:54:14 Europe/Rome] Inizio elaborazione
[27-Aug-2024 17:54:14 Europe/Rome] Trovate 64 timbrature
[27-Aug-2024 17:54:14 Europe/Rome] 20240000603 - richiamo servizio gepacon
[27-Aug-2024 17:54:15 Europe/Rome] curl data: {"success":true}
[27-Aug-2024 17:54:15 Europe/Rome] fine procedura
[28-Aug-2024 09:54:03 Europe/Rome] Inizio elaborazione
[28-Aug-2024 09:54:03 Europe/Rome] Trovate 64 timbrature
[28-Aug-2024 09:54:04 Europe/Rome] 20240000604 - richiamo servizio gepacon
[28-Aug-2024 09:54:05 Europe/Rome] curl data: {"success":true}
[28-Aug-2024 09:54:05 Europe/Rome] fine procedura
[28-Aug-2024 13:54:07 Europe/Rome] Inizio elaborazione
[28-Aug-2024 13:54:07 Europe/Rome] Trovate 113 timbrature
[28-Aug-2024 13:54:07 Europe/Rome] 20240000605 - richiamo servizio gepacon
[28-Aug-2024 13:54:09 Europe/Rome] curl data: {"success":true}
[28-Aug-2024 13:54:09 Europe/Rome] fine procedura
[28-Aug-2024 17:54:11 Europe/Rome] Inizio elaborazione
[28-Aug-2024 17:54:11 Europe/Rome] Trovate 63 timbrature
[28-Aug-2024 17:54:11 Europe/Rome] 20240000606 - richiamo servizio gepacon
[28-Aug-2024 17:54:13 Europe/Rome] curl data: {"success":true}
[28-Aug-2024 17:54:13 Europe/Rome] fine procedura
[29-Aug-2024 09:54:06 Europe/Rome] Inizio elaborazione
[29-Aug-2024 09:54:06 Europe/Rome] Trovate 66 timbrature
[29-Aug-2024 09:54:06 Europe/Rome] 20240000607 - richiamo servizio gepacon
[29-Aug-2024 09:54:08 Europe/Rome] curl data: {"success":true}
[29-Aug-2024 09:54:08 Europe/Rome] fine procedura
[29-Aug-2024 13:54:10 Europe/Rome] Inizio elaborazione
[29-Aug-2024 13:54:10 Europe/Rome] Trovate 105 timbrature
[29-Aug-2024 13:54:10 Europe/Rome] 20240000608 - richiamo servizio gepacon
[29-Aug-2024 13:54:11 Europe/Rome] curl data: {"success":true}
[29-Aug-2024 13:54:11 Europe/Rome] fine procedura
[29-Aug-2024 17:54:14 Europe/Rome] Inizio elaborazione
[29-Aug-2024 17:54:14 Europe/Rome] Trovate 60 timbrature
[29-Aug-2024 17:54:14 Europe/Rome] 20240000609 - richiamo servizio gepacon
[29-Aug-2024 17:54:15 Europe/Rome] curl data: {"success":true}
[29-Aug-2024 17:54:15 Europe/Rome] fine procedura
[30-Aug-2024 09:54:04 Europe/Rome] Inizio elaborazione
[30-Aug-2024 09:54:04 Europe/Rome] Trovate 60 timbrature
[30-Aug-2024 09:54:05 Europe/Rome] 20240000610 - richiamo servizio gepacon
[30-Aug-2024 09:54:05 Europe/Rome] curl data: {"success":true}
[30-Aug-2024 09:54:06 Europe/Rome] fine procedura
[30-Aug-2024 13:54:08 Europe/Rome] Inizio elaborazione
[30-Aug-2024 13:54:08 Europe/Rome] Trovate 102 timbrature
[30-Aug-2024 13:54:08 Europe/Rome] 20240000611 - richiamo servizio gepacon
[30-Aug-2024 13:54:09 Europe/Rome] curl data: {"success":true}
[30-Aug-2024 13:54:09 Europe/Rome] fine procedura
[30-Aug-2024 17:54:11 Europe/Rome] Inizio elaborazione
[30-Aug-2024 17:54:11 Europe/Rome] Trovate 55 timbrature
[30-Aug-2024 17:54:11 Europe/Rome] 20240000612 - richiamo servizio gepacon
[30-Aug-2024 17:54:13 Europe/Rome] curl data: {"success":true}
[30-Aug-2024 17:54:13 Europe/Rome] fine procedura
[31-Aug-2024 09:54:02 Europe/Rome] Inizio elaborazione
[31-Aug-2024 09:54:02 Europe/Rome] Trovate 27 timbrature
[31-Aug-2024 09:54:02 Europe/Rome] 20240000613 - richiamo servizio gepacon
[31-Aug-2024 09:54:03 Europe/Rome] curl data: {"success":true}
[31-Aug-2024 09:54:03 Europe/Rome] fine procedura
[31-Aug-2024 13:54:05 Europe/Rome] Inizio elaborazione
[31-Aug-2024 13:54:05 Europe/Rome] Trovate 27 timbrature
[31-Aug-2024 13:54:05 Europe/Rome] 20240000614 - richiamo servizio gepacon
[31-Aug-2024 13:54:05 Europe/Rome] curl data: {"success":true}
[31-Aug-2024 13:54:06 Europe/Rome] fine procedura
[31-Aug-2024 17:54:08 Europe/Rome] Inizio elaborazione
[31-Aug-2024 17:54:08 Europe/Rome] Trovate 0 timbrature
[31-Aug-2024 17:54:08 Europe/Rome] fine procedura
