[01-Jan-2025 09:54:09 Europe/Rome] Inizio elaborazione
[01-Jan-2025 09:54:09 Europe/Rome] Trovate 0 timbrature
[01-Jan-2025 09:54:09 Europe/Rome] fine procedura
[01-Jan-2025 13:54:12 Europe/Rome] Inizio elaborazione
[01-Jan-2025 13:54:12 Europe/Rome] Trovate 0 timbrature
[01-Jan-2025 13:54:12 Europe/Rome] fine procedura
[01-Jan-2025 17:54:14 Europe/Rome] Inizio elaborazione
[01-Jan-2025 17:54:14 Europe/Rome] Trovate 0 timbrature
[01-Jan-2025 17:54:14 Europe/Rome] fine procedura
[02-Jan-2025 09:54:04 Europe/Rome] Inizio elaborazione
[02-Jan-2025 09:54:05 Europe/Rome] Trovate 65 timbrature
[02-Jan-2025 09:54:05 Europe/Rome] 20250000001 - richiamo servizio gepacon
[02-Jan-2025 09:54:05 Europe/Rome] curl data: {"success":true}
[02-Jan-2025 09:54:05 Europe/Rome] fine procedura
[02-Jan-2025 13:54:07 Europe/Rome] Inizio elaborazione
[02-Jan-2025 13:54:07 Europe/Rome] Trovate 104 timbrature
[02-Jan-2025 13:54:07 Europe/Rome] 20250000002 - richiamo servizio gepacon
[02-Jan-2025 13:54:08 Europe/Rome] curl data: {"success":true}
[02-Jan-2025 13:54:08 Europe/Rome] fine procedura
[02-Jan-2025 17:54:10 Europe/Rome] Inizio elaborazione
[02-Jan-2025 17:54:10 Europe/Rome] Trovate 62 timbrature
[02-Jan-2025 17:54:10 Europe/Rome] 20250000003 - richiamo servizio gepacon
[02-Jan-2025 17:54:11 Europe/Rome] curl data: {"success":true}
[02-Jan-2025 17:54:11 Europe/Rome] fine procedura
[03-Jan-2025 09:54:08 Europe/Rome] Inizio elaborazione
[03-Jan-2025 09:54:08 Europe/Rome] Trovate 64 timbrature
[03-Jan-2025 09:54:08 Europe/Rome] 20250000004 - richiamo servizio gepacon
[03-Jan-2025 09:54:09 Europe/Rome] curl data: {"success":true}
[03-Jan-2025 09:54:09 Europe/Rome] fine procedura
[03-Jan-2025 13:54:12 Europe/Rome] Inizio elaborazione
[03-Jan-2025 13:54:13 Europe/Rome] Trovate 106 timbrature
[03-Jan-2025 13:54:13 Europe/Rome] 20250000005 - richiamo servizio gepacon
[03-Jan-2025 13:54:13 Europe/Rome] curl data: {"success":true}
[03-Jan-2025 13:54:14 Europe/Rome] fine procedura
[03-Jan-2025 17:54:16 Europe/Rome] Inizio elaborazione
[03-Jan-2025 17:54:16 Europe/Rome] Trovate 63 timbrature
[03-Jan-2025 17:54:17 Europe/Rome] 20250000006 - richiamo servizio gepacon
[03-Jan-2025 17:54:17 Europe/Rome] curl data: {"success":true}
[03-Jan-2025 17:54:18 Europe/Rome] fine procedura
[04-Jan-2025 09:54:06 Europe/Rome] Inizio elaborazione
[04-Jan-2025 09:54:06 Europe/Rome] Trovate 0 timbrature
[04-Jan-2025 09:54:06 Europe/Rome] fine procedura
[04-Jan-2025 13:54:09 Europe/Rome] Inizio elaborazione
[04-Jan-2025 13:54:09 Europe/Rome] Trovate 0 timbrature
[04-Jan-2025 13:54:09 Europe/Rome] fine procedura
[04-Jan-2025 17:54:11 Europe/Rome] Inizio elaborazione
[04-Jan-2025 17:54:11 Europe/Rome] Trovate 0 timbrature
[04-Jan-2025 17:54:11 Europe/Rome] fine procedura
[05-Jan-2025 09:54:05 Europe/Rome] Inizio elaborazione
[05-Jan-2025 09:54:05 Europe/Rome] Trovate 0 timbrature
[05-Jan-2025 09:54:05 Europe/Rome] fine procedura
[05-Jan-2025 13:54:08 Europe/Rome] Inizio elaborazione
[05-Jan-2025 13:54:08 Europe/Rome] Trovate 0 timbrature
[05-Jan-2025 13:54:08 Europe/Rome] fine procedura
[05-Jan-2025 17:54:10 Europe/Rome] Inizio elaborazione
[05-Jan-2025 17:54:11 Europe/Rome] Trovate 0 timbrature
[05-Jan-2025 17:54:11 Europe/Rome] fine procedura
[06-Jan-2025 09:54:51 Europe/Rome] Inizio elaborazione
[06-Jan-2025 09:54:51 Europe/Rome] Trovate 0 timbrature
[06-Jan-2025 09:54:51 Europe/Rome] fine procedura
[06-Jan-2025 13:54:54 Europe/Rome] Inizio elaborazione
[06-Jan-2025 13:54:54 Europe/Rome] Trovate 0 timbrature
[06-Jan-2025 13:54:54 Europe/Rome] fine procedura
[06-Jan-2025 17:54:58 Europe/Rome] Inizio elaborazione
[06-Jan-2025 17:54:58 Europe/Rome] Trovate 0 timbrature
[06-Jan-2025 17:54:58 Europe/Rome] fine procedura
[07-Jan-2025 09:54:54 Europe/Rome] Inizio elaborazione
[07-Jan-2025 09:54:54 Europe/Rome] Trovate 65 timbrature
[07-Jan-2025 09:54:54 Europe/Rome] 20250000007 - richiamo servizio gepacon
[07-Jan-2025 09:54:55 Europe/Rome] curl data: {"success":true}
[07-Jan-2025 09:54:55 Europe/Rome] fine procedura
[07-Jan-2025 13:54:59 Europe/Rome] Inizio elaborazione
[07-Jan-2025 13:55:00 Europe/Rome] Trovate 102 timbrature
[07-Jan-2025 13:55:00 Europe/Rome] 20250000008 - richiamo servizio gepacon
[07-Jan-2025 13:55:01 Europe/Rome] curl data: {"success":true}
[07-Jan-2025 13:55:01 Europe/Rome] fine procedura
[07-Jan-2025 17:55:04 Europe/Rome] Inizio elaborazione
[07-Jan-2025 17:55:04 Europe/Rome] Trovate 61 timbrature
[07-Jan-2025 17:55:04 Europe/Rome] 20250000009 - richiamo servizio gepacon
[07-Jan-2025 17:55:05 Europe/Rome] curl data: {"success":true}
[07-Jan-2025 17:55:05 Europe/Rome] fine procedura
[08-Jan-2025 09:54:07 Europe/Rome] Inizio elaborazione
[08-Jan-2025 09:54:08 Europe/Rome] Trovate 61 timbrature
[08-Jan-2025 09:54:08 Europe/Rome] 20250000010 - richiamo servizio gepacon
[08-Jan-2025 09:54:08 Europe/Rome] curl data: {"success":true}
[08-Jan-2025 09:54:09 Europe/Rome] fine procedura
[08-Jan-2025 13:54:12 Europe/Rome] Inizio elaborazione
[08-Jan-2025 13:54:13 Europe/Rome] Trovate 101 timbrature
[08-Jan-2025 13:54:13 Europe/Rome] 20250000011 - richiamo servizio gepacon
[08-Jan-2025 13:54:14 Europe/Rome] curl data: {"success":true}
[08-Jan-2025 13:54:14 Europe/Rome] fine procedura
[08-Jan-2025 17:54:17 Europe/Rome] Inizio elaborazione
[08-Jan-2025 17:54:18 Europe/Rome] Trovate 56 timbrature
[08-Jan-2025 17:54:18 Europe/Rome] 20250000012 - richiamo servizio gepacon
[08-Jan-2025 17:54:19 Europe/Rome] curl data: {"success":true}
[08-Jan-2025 17:54:19 Europe/Rome] fine procedura
[09-Jan-2025 09:54:08 Europe/Rome] Inizio elaborazione
[09-Jan-2025 09:54:08 Europe/Rome] Trovate 60 timbrature
[09-Jan-2025 09:54:08 Europe/Rome] 20250000013 - richiamo servizio gepacon
[09-Jan-2025 09:54:09 Europe/Rome] curl data: {"success":true}
[09-Jan-2025 09:54:09 Europe/Rome] fine procedura
[09-Jan-2025 13:54:13 Europe/Rome] Inizio elaborazione
[09-Jan-2025 13:54:13 Europe/Rome] Trovate 103 timbrature
[09-Jan-2025 13:54:14 Europe/Rome] 20250000014 - richiamo servizio gepacon
[09-Jan-2025 13:54:14 Europe/Rome] curl data: {"success":true}
[09-Jan-2025 13:54:15 Europe/Rome] fine procedura
[09-Jan-2025 17:54:19 Europe/Rome] Inizio elaborazione
[09-Jan-2025 17:54:19 Europe/Rome] Trovate 58 timbrature
[09-Jan-2025 17:54:20 Europe/Rome] 20250000015 - richiamo servizio gepacon
[09-Jan-2025 17:54:20 Europe/Rome] curl data: {"success":true}
[09-Jan-2025 17:54:21 Europe/Rome] fine procedura
[10-Jan-2025 09:54:08 Europe/Rome] Inizio elaborazione
[10-Jan-2025 09:54:08 Europe/Rome] Trovate 61 timbrature
[10-Jan-2025 09:54:08 Europe/Rome] 20250000016 - richiamo servizio gepacon
[10-Jan-2025 09:54:09 Europe/Rome] curl data: {"success":true}
[10-Jan-2025 09:54:09 Europe/Rome] fine procedura
[10-Jan-2025 13:54:13 Europe/Rome] Inizio elaborazione
[10-Jan-2025 13:54:13 Europe/Rome] Trovate 102 timbrature
[10-Jan-2025 13:54:13 Europe/Rome] 20250000017 - richiamo servizio gepacon
[10-Jan-2025 13:54:15 Europe/Rome] curl data: {"success":true}
[10-Jan-2025 13:54:15 Europe/Rome] fine procedura
[10-Jan-2025 17:54:19 Europe/Rome] Inizio elaborazione
[10-Jan-2025 17:54:19 Europe/Rome] Trovate 55 timbrature
[10-Jan-2025 17:54:19 Europe/Rome] 20250000018 - richiamo servizio gepacon
[10-Jan-2025 17:54:20 Europe/Rome] curl data: {"success":true}
[10-Jan-2025 17:54:20 Europe/Rome] fine procedura
[11-Jan-2025 09:54:07 Europe/Rome] Inizio elaborazione
[11-Jan-2025 09:54:07 Europe/Rome] Trovate 0 timbrature
[11-Jan-2025 09:54:07 Europe/Rome] fine procedura
[11-Jan-2025 13:54:10 Europe/Rome] Inizio elaborazione
[11-Jan-2025 13:54:10 Europe/Rome] Trovate 0 timbrature
[11-Jan-2025 13:54:10 Europe/Rome] fine procedura
[11-Jan-2025 17:54:14 Europe/Rome] Inizio elaborazione
[11-Jan-2025 17:54:14 Europe/Rome] Trovate 0 timbrature
[11-Jan-2025 17:54:14 Europe/Rome] fine procedura
[12-Jan-2025 09:54:08 Europe/Rome] Inizio elaborazione
[12-Jan-2025 09:54:08 Europe/Rome] Trovate 0 timbrature
[12-Jan-2025 09:54:08 Europe/Rome] fine procedura
[12-Jan-2025 13:54:11 Europe/Rome] Inizio elaborazione
[12-Jan-2025 13:54:11 Europe/Rome] Trovate 0 timbrature
[12-Jan-2025 13:54:11 Europe/Rome] fine procedura
[12-Jan-2025 17:54:13 Europe/Rome] Inizio elaborazione
[12-Jan-2025 17:54:13 Europe/Rome] Trovate 0 timbrature
[12-Jan-2025 17:54:13 Europe/Rome] fine procedura
[13-Jan-2025 09:54:09 Europe/Rome] Inizio elaborazione
[13-Jan-2025 09:54:09 Europe/Rome] Trovate 64 timbrature
[13-Jan-2025 09:54:09 Europe/Rome] 20250000019 - richiamo servizio gepacon
[13-Jan-2025 09:54:10 Europe/Rome] curl data: {"success":true}
[13-Jan-2025 09:54:10 Europe/Rome] fine procedura
[13-Jan-2025 13:54:14 Europe/Rome] Inizio elaborazione
[13-Jan-2025 13:54:14 Europe/Rome] Trovate 101 timbrature
[13-Jan-2025 13:54:14 Europe/Rome] 20250000020 - richiamo servizio gepacon
[13-Jan-2025 13:54:15 Europe/Rome] curl data: {"success":true}
[13-Jan-2025 13:54:15 Europe/Rome] fine procedura
[13-Jan-2025 17:54:18 Europe/Rome] Inizio elaborazione
[13-Jan-2025 17:54:18 Europe/Rome] Trovate 63 timbrature
[13-Jan-2025 17:54:18 Europe/Rome] 20250000021 - richiamo servizio gepacon
[13-Jan-2025 17:54:19 Europe/Rome] curl data: {"success":true}
[13-Jan-2025 17:54:19 Europe/Rome] fine procedura
[14-Jan-2025 09:54:10 Europe/Rome] Inizio elaborazione
[14-Jan-2025 09:54:10 Europe/Rome] Trovate 66 timbrature
[14-Jan-2025 09:54:11 Europe/Rome] 20250000022 - richiamo servizio gepacon
[14-Jan-2025 09:54:11 Europe/Rome] curl data: {"success":true}
[14-Jan-2025 09:54:12 Europe/Rome] fine procedura
[14-Jan-2025 13:54:15 Europe/Rome] Inizio elaborazione
[14-Jan-2025 13:54:15 Europe/Rome] Trovate 107 timbrature
[14-Jan-2025 13:54:16 Europe/Rome] 20250000023 - richiamo servizio gepacon
[14-Jan-2025 13:54:16 Europe/Rome] curl data: {"success":true}
[14-Jan-2025 13:54:17 Europe/Rome] fine procedura
[14-Jan-2025 17:54:21 Europe/Rome] Inizio elaborazione
[14-Jan-2025 17:54:21 Europe/Rome] Trovate 63 timbrature
[14-Jan-2025 17:54:21 Europe/Rome] 20250000024 - richiamo servizio gepacon
[14-Jan-2025 17:54:22 Europe/Rome] curl data: {"success":true}
[14-Jan-2025 17:54:22 Europe/Rome] fine procedura
[15-Jan-2025 09:54:07 Europe/Rome] Inizio elaborazione
[15-Jan-2025 09:54:08 Europe/Rome] Trovate 62 timbrature
[15-Jan-2025 09:54:08 Europe/Rome] 20250000025 - richiamo servizio gepacon
[15-Jan-2025 09:54:09 Europe/Rome] curl data: {"success":true}
[15-Jan-2025 09:54:09 Europe/Rome] fine procedura
[15-Jan-2025 13:54:13 Europe/Rome] Inizio elaborazione
[15-Jan-2025 13:54:13 Europe/Rome] Trovate 109 timbrature
[15-Jan-2025 13:54:13 Europe/Rome] 20250000026 - richiamo servizio gepacon
[15-Jan-2025 13:54:14 Europe/Rome] curl data: {"success":true}
[15-Jan-2025 13:54:14 Europe/Rome] fine procedura
[15-Jan-2025 17:54:18 Europe/Rome] Inizio elaborazione
[15-Jan-2025 17:54:19 Europe/Rome] Trovate 60 timbrature
[15-Jan-2025 17:54:19 Europe/Rome] 20250000027 - richiamo servizio gepacon
[15-Jan-2025 17:54:20 Europe/Rome] curl data: {"success":true}
[15-Jan-2025 17:54:20 Europe/Rome] fine procedura
[16-Jan-2025 09:54:08 Europe/Rome] Inizio elaborazione
[16-Jan-2025 09:54:08 Europe/Rome] Trovate 64 timbrature
[16-Jan-2025 09:54:08 Europe/Rome] 20250000028 - richiamo servizio gepacon
[16-Jan-2025 09:54:09 Europe/Rome] curl data: {"success":true}
[16-Jan-2025 09:54:09 Europe/Rome] fine procedura
[16-Jan-2025 13:54:14 Europe/Rome] Inizio elaborazione
[16-Jan-2025 13:54:14 Europe/Rome] Trovate 107 timbrature
[16-Jan-2025 13:54:14 Europe/Rome] 20250000029 - richiamo servizio gepacon
[16-Jan-2025 13:54:15 Europe/Rome] curl data: {"success":true}
[16-Jan-2025 13:54:15 Europe/Rome] fine procedura
[16-Jan-2025 17:54:19 Europe/Rome] Inizio elaborazione
[16-Jan-2025 17:54:19 Europe/Rome] Trovate 62 timbrature
[16-Jan-2025 17:54:19 Europe/Rome] 20250000030 - richiamo servizio gepacon
[16-Jan-2025 17:54:20 Europe/Rome] curl data: {"success":true}
[16-Jan-2025 17:54:20 Europe/Rome] fine procedura
[17-Jan-2025 09:54:07 Europe/Rome] Inizio elaborazione
[17-Jan-2025 09:54:07 Europe/Rome] Trovate 62 timbrature
[17-Jan-2025 09:54:08 Europe/Rome] 20250000031 - richiamo servizio gepacon
[17-Jan-2025 09:54:08 Europe/Rome] curl data: {"success":true}
[17-Jan-2025 09:54:09 Europe/Rome] fine procedura
[17-Jan-2025 13:54:13 Europe/Rome] Inizio elaborazione
[17-Jan-2025 13:54:13 Europe/Rome] Trovate 109 timbrature
[17-Jan-2025 13:54:13 Europe/Rome] 20250000032 - richiamo servizio gepacon
[17-Jan-2025 13:54:14 Europe/Rome] curl data: {"success":true}
[17-Jan-2025 13:54:15 Europe/Rome] fine procedura
[17-Jan-2025 17:54:19 Europe/Rome] Inizio elaborazione
[17-Jan-2025 17:54:19 Europe/Rome] Trovate 58 timbrature
[17-Jan-2025 17:54:19 Europe/Rome] 20250000033 - richiamo servizio gepacon
[17-Jan-2025 17:54:20 Europe/Rome] curl data: {"success":true}
[17-Jan-2025 17:54:20 Europe/Rome] fine procedura
[18-Jan-2025 09:54:08 Europe/Rome] Inizio elaborazione
[18-Jan-2025 09:54:08 Europe/Rome] Trovate 0 timbrature
[18-Jan-2025 09:54:08 Europe/Rome] fine procedura
[18-Jan-2025 13:54:11 Europe/Rome] Inizio elaborazione
[18-Jan-2025 13:54:11 Europe/Rome] Trovate 0 timbrature
[18-Jan-2025 13:54:11 Europe/Rome] fine procedura
[18-Jan-2025 17:54:14 Europe/Rome] Inizio elaborazione
[18-Jan-2025 17:54:14 Europe/Rome] Trovate 0 timbrature
[18-Jan-2025 17:54:14 Europe/Rome] fine procedura
[19-Jan-2025 09:54:08 Europe/Rome] Inizio elaborazione
[19-Jan-2025 09:54:09 Europe/Rome] Trovate 0 timbrature
[19-Jan-2025 09:54:09 Europe/Rome] fine procedura
[19-Jan-2025 13:54:11 Europe/Rome] Inizio elaborazione
[19-Jan-2025 13:54:11 Europe/Rome] Trovate 0 timbrature
[19-Jan-2025 13:54:11 Europe/Rome] fine procedura
[19-Jan-2025 17:54:14 Europe/Rome] Inizio elaborazione
[19-Jan-2025 17:54:14 Europe/Rome] Trovate 0 timbrature
[19-Jan-2025 17:54:14 Europe/Rome] fine procedura
[20-Jan-2025 09:54:08 Europe/Rome] Inizio elaborazione
[20-Jan-2025 09:54:08 Europe/Rome] Trovate 65 timbrature
[20-Jan-2025 09:54:09 Europe/Rome] 20250000034 - richiamo servizio gepacon
[20-Jan-2025 09:54:09 Europe/Rome] curl data: {"success":true}
[20-Jan-2025 09:54:10 Europe/Rome] fine procedura
[20-Jan-2025 13:54:13 Europe/Rome] Inizio elaborazione
[20-Jan-2025 13:54:13 Europe/Rome] Trovate 93 timbrature
[20-Jan-2025 13:54:13 Europe/Rome] 20250000035 - richiamo servizio gepacon
[20-Jan-2025 13:54:14 Europe/Rome] curl data: {"success":true}
[20-Jan-2025 13:54:14 Europe/Rome] fine procedura
[20-Jan-2025 17:54:17 Europe/Rome] Inizio elaborazione
[20-Jan-2025 17:54:17 Europe/Rome] Trovate 61 timbrature
[20-Jan-2025 17:54:17 Europe/Rome] 20250000036 - richiamo servizio gepacon
[20-Jan-2025 17:54:18 Europe/Rome] curl data: {"success":true}
[20-Jan-2025 17:54:18 Europe/Rome] fine procedura
[21-Jan-2025 09:54:08 Europe/Rome] Inizio elaborazione
[21-Jan-2025 09:54:08 Europe/Rome] Trovate 61 timbrature
[21-Jan-2025 09:54:08 Europe/Rome] 20250000037 - richiamo servizio gepacon
[21-Jan-2025 09:54:09 Europe/Rome] curl data: {"success":true}
[21-Jan-2025 09:54:09 Europe/Rome] fine procedura
[21-Jan-2025 13:54:12 Europe/Rome] Inizio elaborazione
[21-Jan-2025 13:54:12 Europe/Rome] Trovate 103 timbrature
[21-Jan-2025 13:54:12 Europe/Rome] 20250000038 - richiamo servizio gepacon
[21-Jan-2025 13:54:13 Europe/Rome] curl data: {"success":true}
[21-Jan-2025 13:54:13 Europe/Rome] fine procedura
[21-Jan-2025 17:54:17 Europe/Rome] Inizio elaborazione
[21-Jan-2025 17:54:17 Europe/Rome] Trovate 60 timbrature
[21-Jan-2025 17:54:17 Europe/Rome] 20250000039 - richiamo servizio gepacon
[21-Jan-2025 17:54:18 Europe/Rome] curl data: {"success":true}
[21-Jan-2025 17:54:18 Europe/Rome] fine procedura
[22-Jan-2025 09:54:06 Europe/Rome] Inizio elaborazione
[22-Jan-2025 09:54:06 Europe/Rome] Trovate 60 timbrature
[22-Jan-2025 09:54:06 Europe/Rome] 20250000040 - richiamo servizio gepacon
[22-Jan-2025 09:54:07 Europe/Rome] curl data: {"success":true}
[22-Jan-2025 09:54:07 Europe/Rome] fine procedura
[22-Jan-2025 13:54:11 Europe/Rome] Inizio elaborazione
[22-Jan-2025 13:54:11 Europe/Rome] Trovate 102 timbrature
[22-Jan-2025 13:54:11 Europe/Rome] 20250000041 - richiamo servizio gepacon
[22-Jan-2025 13:54:12 Europe/Rome] curl data: {"success":true}
[22-Jan-2025 13:54:13 Europe/Rome] fine procedura
[22-Jan-2025 17:54:15 Europe/Rome] Inizio elaborazione
[22-Jan-2025 17:54:15 Europe/Rome] Trovate 56 timbrature
[22-Jan-2025 17:54:16 Europe/Rome] 20250000042 - richiamo servizio gepacon
[22-Jan-2025 17:54:16 Europe/Rome] curl data: {"success":true}
[22-Jan-2025 17:54:17 Europe/Rome] fine procedura
[23-Jan-2025 09:54:08 Europe/Rome] Inizio elaborazione
[23-Jan-2025 09:54:08 Europe/Rome] Trovate 58 timbrature
[23-Jan-2025 09:54:08 Europe/Rome] 20250000043 - richiamo servizio gepacon
[23-Jan-2025 09:54:09 Europe/Rome] curl data: {"success":true}
[23-Jan-2025 09:54:09 Europe/Rome] fine procedura
[23-Jan-2025 13:54:13 Europe/Rome] Inizio elaborazione
[23-Jan-2025 13:54:13 Europe/Rome] Trovate 103 timbrature
[23-Jan-2025 13:54:13 Europe/Rome] 20250000044 - richiamo servizio gepacon
[23-Jan-2025 13:54:14 Europe/Rome] curl data: {"success":true}
[23-Jan-2025 13:54:14 Europe/Rome] fine procedura
[23-Jan-2025 17:54:18 Europe/Rome] Inizio elaborazione
[23-Jan-2025 17:54:19 Europe/Rome] Trovate 57 timbrature
[23-Jan-2025 17:54:19 Europe/Rome] 20250000045 - richiamo servizio gepacon
[23-Jan-2025 17:54:19 Europe/Rome] curl data: {"success":true}
[23-Jan-2025 17:54:20 Europe/Rome] fine procedura
[24-Jan-2025 09:54:07 Europe/Rome] Inizio elaborazione
[24-Jan-2025 09:54:07 Europe/Rome] Trovate 60 timbrature
[24-Jan-2025 09:54:08 Europe/Rome] 20250000046 - richiamo servizio gepacon
[24-Jan-2025 09:54:08 Europe/Rome] curl data: {"success":true}
[24-Jan-2025 09:54:09 Europe/Rome] fine procedura
[24-Jan-2025 13:54:12 Europe/Rome] Inizio elaborazione
[24-Jan-2025 13:54:12 Europe/Rome] Trovate 106 timbrature
[24-Jan-2025 13:54:12 Europe/Rome] 20250000047 - richiamo servizio gepacon
[24-Jan-2025 13:54:13 Europe/Rome] curl data: {"success":true}
[24-Jan-2025 13:54:14 Europe/Rome] fine procedura
[24-Jan-2025 17:54:17 Europe/Rome] Inizio elaborazione
[24-Jan-2025 17:54:18 Europe/Rome] Trovate 56 timbrature
[24-Jan-2025 17:54:18 Europe/Rome] 20250000048 - richiamo servizio gepacon
[24-Jan-2025 17:54:18 Europe/Rome] curl data: {"success":true}
[24-Jan-2025 17:54:19 Europe/Rome] fine procedura
[25-Jan-2025 09:54:06 Europe/Rome] Inizio elaborazione
[25-Jan-2025 09:54:07 Europe/Rome] Trovate 7 timbrature
[25-Jan-2025 09:54:07 Europe/Rome] 20250000049 - richiamo servizio gepacon
[25-Jan-2025 09:54:07 Europe/Rome] curl data: {"success":true}
[25-Jan-2025 09:54:07 Europe/Rome] fine procedura
[25-Jan-2025 13:54:11 Europe/Rome] Inizio elaborazione
[25-Jan-2025 13:54:11 Europe/Rome] Trovate 7 timbrature
[25-Jan-2025 13:54:11 Europe/Rome] 20250000050 - richiamo servizio gepacon
[25-Jan-2025 13:54:11 Europe/Rome] curl data: {"success":true}
[25-Jan-2025 13:54:11 Europe/Rome] fine procedura
[25-Jan-2025 17:54:14 Europe/Rome] Inizio elaborazione
[25-Jan-2025 17:54:14 Europe/Rome] Trovate 0 timbrature
[25-Jan-2025 17:54:14 Europe/Rome] fine procedura
[26-Jan-2025 09:54:08 Europe/Rome] Inizio elaborazione
[26-Jan-2025 09:54:08 Europe/Rome] Trovate 0 timbrature
[26-Jan-2025 09:54:08 Europe/Rome] fine procedura
[26-Jan-2025 13:54:10 Europe/Rome] Inizio elaborazione
[26-Jan-2025 13:54:10 Europe/Rome] Trovate 0 timbrature
[26-Jan-2025 13:54:10 Europe/Rome] fine procedura
[26-Jan-2025 17:54:13 Europe/Rome] Inizio elaborazione
[26-Jan-2025 17:54:13 Europe/Rome] Trovate 0 timbrature
[26-Jan-2025 17:54:13 Europe/Rome] fine procedura
[27-Jan-2025 09:54:07 Europe/Rome] Inizio elaborazione
[27-Jan-2025 09:54:07 Europe/Rome] Trovate 63 timbrature
[27-Jan-2025 09:54:08 Europe/Rome] 20250000051 - richiamo servizio gepacon
[27-Jan-2025 09:54:15 Europe/Rome] curl data: {"success":true}
[27-Jan-2025 09:54:15 Europe/Rome] fine procedura
[27-Jan-2025 13:54:17 Europe/Rome] Inizio elaborazione
[27-Jan-2025 13:54:17 Europe/Rome] Trovate 95 timbrature
[27-Jan-2025 13:54:17 Europe/Rome] 20250000052 - richiamo servizio gepacon
[27-Jan-2025 13:54:29 Europe/Rome] curl data: {"success":true}
[27-Jan-2025 13:54:29 Europe/Rome] fine procedura
[27-Jan-2025 17:54:30 Europe/Rome] Inizio elaborazione
[27-Jan-2025 17:54:31 Europe/Rome] Trovate 61 timbrature
[27-Jan-2025 17:54:31 Europe/Rome] 20250000053 - richiamo servizio gepacon
[27-Jan-2025 17:54:31 Europe/Rome] curl data: {"success":true}
[27-Jan-2025 17:54:32 Europe/Rome] fine procedura
[28-Jan-2025 09:53:29 Europe/Rome] Inizio elaborazione
[28-Jan-2025 09:53:29 Europe/Rome] Trovate 62 timbrature
[28-Jan-2025 09:53:29 Europe/Rome] 20250000054 - richiamo servizio gepacon
[28-Jan-2025 09:53:30 Europe/Rome] curl data: {"success":true}
[28-Jan-2025 09:53:30 Europe/Rome] fine procedura
[28-Jan-2025 13:53:32 Europe/Rome] Inizio elaborazione
[28-Jan-2025 13:53:32 Europe/Rome] Trovate 101 timbrature
[28-Jan-2025 13:53:32 Europe/Rome] 20250000055 - richiamo servizio gepacon
[28-Jan-2025 13:53:33 Europe/Rome] curl data: {"success":true}
[28-Jan-2025 13:53:33 Europe/Rome] fine procedura
[28-Jan-2025 17:53:35 Europe/Rome] Inizio elaborazione
[28-Jan-2025 17:53:35 Europe/Rome] Trovate 60 timbrature
[28-Jan-2025 17:53:35 Europe/Rome] 20250000056 - richiamo servizio gepacon
[28-Jan-2025 17:53:35 Europe/Rome] curl data: {"success":true}
[28-Jan-2025 17:53:36 Europe/Rome] fine procedura
[29-Jan-2025 09:53:33 Europe/Rome] Inizio elaborazione
[29-Jan-2025 09:53:33 Europe/Rome] Trovate 60 timbrature
[29-Jan-2025 09:53:33 Europe/Rome] 20250000057 - richiamo servizio gepacon
[29-Jan-2025 09:53:34 Europe/Rome] curl data: {"success":true}
[29-Jan-2025 09:53:34 Europe/Rome] fine procedura
[29-Jan-2025 13:53:36 Europe/Rome] Inizio elaborazione
[29-Jan-2025 13:53:36 Europe/Rome] Trovate 108 timbrature
[29-Jan-2025 13:53:36 Europe/Rome] 20250000058 - richiamo servizio gepacon
[29-Jan-2025 13:53:36 Europe/Rome] curl data: {"success":true}
[29-Jan-2025 13:53:37 Europe/Rome] fine procedura
[29-Jan-2025 17:53:38 Europe/Rome] Inizio elaborazione
[29-Jan-2025 17:53:38 Europe/Rome] Trovate 60 timbrature
[29-Jan-2025 17:53:38 Europe/Rome] 20250000059 - richiamo servizio gepacon
[29-Jan-2025 17:53:39 Europe/Rome] curl data: {"success":true}
[29-Jan-2025 17:53:39 Europe/Rome] fine procedura
