[01-Oct-2024 09:55:38 Europe/Rome] Inizio elaborazione
[01-Oct-2024 09:55:38 Europe/Rome] Trovate 63 timbrature
[01-Oct-2024 09:55:38 Europe/Rome] 20240000685 - richiamo servizio gepacon
[01-Oct-2024 09:55:40 Europe/Rome] curl data: {"success":true}
[01-Oct-2024 09:55:40 Europe/Rome] fine procedura
[01-Oct-2024 13:55:42 Europe/Rome] Inizio elaborazione
[01-Oct-2024 13:55:42 Europe/Rome] Trovate 104 timbrature
[01-Oct-2024 13:55:42 Europe/Rome] 20240000686 - richiamo servizio gepacon
[01-Oct-2024 13:55:44 Europe/Rome] curl data: {"success":true}
[01-Oct-2024 13:55:44 Europe/Rome] fine procedura
[01-Oct-2024 17:55:46 Europe/Rome] Inizio elaborazione
[01-Oct-2024 17:55:47 Europe/Rome] Trovate 62 timbrature
[01-Oct-2024 17:55:47 Europe/Rome] 20240000687 - richiamo servizio gepacon
[01-Oct-2024 17:55:48 Europe/Rome] curl data: {"success":true}
[01-Oct-2024 17:55:48 Europe/Rome] fine procedura
[02-Oct-2024 09:56:22 Europe/Rome] Inizio elaborazione
[02-Oct-2024 09:56:22 Europe/Rome] Trovate 65 timbrature
[02-Oct-2024 09:56:22 Europe/Rome] 20240000688 - richiamo servizio gepacon
[02-Oct-2024 09:56:24 Europe/Rome] curl data: {"success":true}
[02-Oct-2024 09:56:24 Europe/Rome] fine procedura
[02-Oct-2024 13:56:26 Europe/Rome] Inizio elaborazione
[02-Oct-2024 13:56:26 Europe/Rome] Trovate 113 timbrature
[02-Oct-2024 13:56:26 Europe/Rome] 20240000689 - richiamo servizio gepacon
[02-Oct-2024 13:56:28 Europe/Rome] curl data: {"success":true}
[02-Oct-2024 13:56:28 Europe/Rome] fine procedura
[02-Oct-2024 17:56:30 Europe/Rome] Inizio elaborazione
[02-Oct-2024 17:56:30 Europe/Rome] Trovate 60 timbrature
[02-Oct-2024 17:56:30 Europe/Rome] 20240000690 - richiamo servizio gepacon
[02-Oct-2024 17:56:31 Europe/Rome] curl data: {"success":true}
[02-Oct-2024 17:56:31 Europe/Rome] fine procedura
[03-Oct-2024 09:54:00 Europe/Rome] Inizio elaborazione
[03-Oct-2024 09:54:00 Europe/Rome] Trovate 67 timbrature
[03-Oct-2024 09:54:00 Europe/Rome] 20240000691 - richiamo servizio gepacon
[03-Oct-2024 09:54:02 Europe/Rome] curl data: {"success":true}
[03-Oct-2024 09:54:02 Europe/Rome] fine procedura
[03-Oct-2024 13:54:04 Europe/Rome] Inizio elaborazione
[03-Oct-2024 13:54:05 Europe/Rome] Trovate 107 timbrature
[03-Oct-2024 13:54:05 Europe/Rome] 20240000692 - richiamo servizio gepacon
[03-Oct-2024 13:54:06 Europe/Rome] curl data: {"success":true}
[03-Oct-2024 13:54:06 Europe/Rome] fine procedura
[03-Oct-2024 17:54:08 Europe/Rome] Inizio elaborazione
[03-Oct-2024 17:54:08 Europe/Rome] Trovate 61 timbrature
[03-Oct-2024 17:54:08 Europe/Rome] 20240000693 - richiamo servizio gepacon
[03-Oct-2024 17:54:10 Europe/Rome] curl data: {"success":true}
[03-Oct-2024 17:54:10 Europe/Rome] fine procedura
[04-Oct-2024 09:54:01 Europe/Rome] Inizio elaborazione
[04-Oct-2024 09:54:01 Europe/Rome] Trovate 61 timbrature
[04-Oct-2024 09:54:01 Europe/Rome] 20240000694 - richiamo servizio gepacon
[04-Oct-2024 09:54:03 Europe/Rome] curl data: {"success":true}
[04-Oct-2024 09:54:03 Europe/Rome] fine procedura
[04-Oct-2024 13:54:05 Europe/Rome] Inizio elaborazione
[04-Oct-2024 13:54:05 Europe/Rome] Trovate 105 timbrature
[04-Oct-2024 13:54:05 Europe/Rome] 20240000695 - richiamo servizio gepacon
[04-Oct-2024 13:54:07 Europe/Rome] curl data: {"success":true}
[04-Oct-2024 13:54:07 Europe/Rome] fine procedura
[04-Oct-2024 17:54:09 Europe/Rome] Inizio elaborazione
[04-Oct-2024 17:54:09 Europe/Rome] Trovate 56 timbrature
[04-Oct-2024 17:54:09 Europe/Rome] 20240000696 - richiamo servizio gepacon
[04-Oct-2024 17:54:11 Europe/Rome] curl data: {"success":true}
[04-Oct-2024 17:54:11 Europe/Rome] fine procedura
[05-Oct-2024 09:54:50 Europe/Rome] Inizio elaborazione
[05-Oct-2024 09:54:50 Europe/Rome] Trovate 0 timbrature
[05-Oct-2024 09:54:50 Europe/Rome] fine procedura
[05-Oct-2024 13:54:53 Europe/Rome] Inizio elaborazione
[05-Oct-2024 13:54:53 Europe/Rome] Trovate 0 timbrature
[05-Oct-2024 13:54:53 Europe/Rome] fine procedura
[05-Oct-2024 17:54:55 Europe/Rome] Inizio elaborazione
[05-Oct-2024 17:54:55 Europe/Rome] Trovate 0 timbrature
[05-Oct-2024 17:54:55 Europe/Rome] fine procedura
[06-Oct-2024 09:55:39 Europe/Rome] Inizio elaborazione
[06-Oct-2024 09:55:39 Europe/Rome] Trovate 0 timbrature
[06-Oct-2024 09:55:39 Europe/Rome] fine procedura
[06-Oct-2024 13:55:41 Europe/Rome] Inizio elaborazione
[06-Oct-2024 13:55:41 Europe/Rome] Trovate 0 timbrature
[06-Oct-2024 13:55:41 Europe/Rome] fine procedura
[06-Oct-2024 17:55:43 Europe/Rome] Inizio elaborazione
[06-Oct-2024 17:55:43 Europe/Rome] Trovate 0 timbrature
[06-Oct-2024 17:55:43 Europe/Rome] fine procedura
[07-Oct-2024 09:55:48 Europe/Rome] Inizio elaborazione
[07-Oct-2024 09:55:48 Europe/Rome] Trovate 64 timbrature
[07-Oct-2024 09:55:48 Europe/Rome] 20240000697 - richiamo servizio gepacon
[07-Oct-2024 09:55:50 Europe/Rome] curl data: {"success":true}
[07-Oct-2024 09:55:50 Europe/Rome] fine procedura
[07-Oct-2024 13:55:52 Europe/Rome] Inizio elaborazione
[07-Oct-2024 13:55:52 Europe/Rome] Trovate 103 timbrature
[07-Oct-2024 13:55:52 Europe/Rome] 20240000698 - richiamo servizio gepacon
[07-Oct-2024 13:55:54 Europe/Rome] curl data: {"success":true}
[07-Oct-2024 13:55:54 Europe/Rome] fine procedura
[07-Oct-2024 17:55:56 Europe/Rome] Inizio elaborazione
[07-Oct-2024 17:55:56 Europe/Rome] Trovate 60 timbrature
[07-Oct-2024 17:55:56 Europe/Rome] 20240000699 - richiamo servizio gepacon
[07-Oct-2024 17:55:58 Europe/Rome] curl data: {"success":true}
[07-Oct-2024 17:55:58 Europe/Rome] fine procedura
[08-Oct-2024 09:54:04 Europe/Rome] Inizio elaborazione
[08-Oct-2024 09:54:04 Europe/Rome] Trovate 61 timbrature
[08-Oct-2024 09:54:04 Europe/Rome] 20240000700 - richiamo servizio gepacon
[08-Oct-2024 09:54:06 Europe/Rome] curl data: {"success":true}
[08-Oct-2024 09:54:06 Europe/Rome] fine procedura
[08-Oct-2024 13:54:09 Europe/Rome] Inizio elaborazione
[08-Oct-2024 13:54:09 Europe/Rome] Trovate 100 timbrature
[08-Oct-2024 13:54:10 Europe/Rome] 20240000701 - richiamo servizio gepacon
[08-Oct-2024 13:54:11 Europe/Rome] curl data: {"success":true}
[08-Oct-2024 13:54:11 Europe/Rome] fine procedura
[08-Oct-2024 17:54:13 Europe/Rome] Inizio elaborazione
[08-Oct-2024 17:54:13 Europe/Rome] Trovate 59 timbrature
[08-Oct-2024 17:54:13 Europe/Rome] 20240000702 - richiamo servizio gepacon
[08-Oct-2024 17:54:15 Europe/Rome] curl data: {"success":true}
[08-Oct-2024 17:54:15 Europe/Rome] fine procedura
[09-Oct-2024 09:54:50 Europe/Rome] Inizio elaborazione
[09-Oct-2024 09:54:50 Europe/Rome] Trovate 57 timbrature
[09-Oct-2024 09:54:50 Europe/Rome] 20240000703 - richiamo servizio gepacon
[09-Oct-2024 09:54:52 Europe/Rome] curl data: {"success":true}
[09-Oct-2024 09:54:52 Europe/Rome] fine procedura
[09-Oct-2024 13:54:54 Europe/Rome] Inizio elaborazione
[09-Oct-2024 13:54:54 Europe/Rome] Trovate 97 timbrature
[09-Oct-2024 13:54:54 Europe/Rome] 20240000704 - richiamo servizio gepacon
[09-Oct-2024 13:54:55 Europe/Rome] curl data: {"success":true}
[09-Oct-2024 13:54:55 Europe/Rome] fine procedura
[09-Oct-2024 17:54:57 Europe/Rome] Inizio elaborazione
[09-Oct-2024 17:54:57 Europe/Rome] Trovate 53 timbrature
[09-Oct-2024 17:54:58 Europe/Rome] 20240000705 - richiamo servizio gepacon
[09-Oct-2024 17:54:59 Europe/Rome] curl data: {"success":true}
[09-Oct-2024 17:54:59 Europe/Rome] fine procedura
[10-Oct-2024 09:54:06 Europe/Rome] Inizio elaborazione
[10-Oct-2024 09:54:06 Europe/Rome] Trovate 58 timbrature
[10-Oct-2024 09:54:06 Europe/Rome] 20240000706 - richiamo servizio gepacon
[10-Oct-2024 09:54:08 Europe/Rome] curl data: {"success":true}
[10-Oct-2024 09:54:08 Europe/Rome] fine procedura
[10-Oct-2024 13:54:11 Europe/Rome] Inizio elaborazione
[10-Oct-2024 13:54:11 Europe/Rome] Trovate 98 timbrature
[10-Oct-2024 13:54:11 Europe/Rome] 20240000707 - richiamo servizio gepacon
[10-Oct-2024 13:54:13 Europe/Rome] curl data: {"success":true}
[10-Oct-2024 13:54:13 Europe/Rome] fine procedura
[10-Oct-2024 17:54:16 Europe/Rome] Inizio elaborazione
[10-Oct-2024 17:54:16 Europe/Rome] Trovate 54 timbrature
[10-Oct-2024 17:54:16 Europe/Rome] 20240000708 - richiamo servizio gepacon
[10-Oct-2024 17:54:18 Europe/Rome] curl data: {"success":true}
[10-Oct-2024 17:54:18 Europe/Rome] fine procedura
[11-Oct-2024 09:54:05 Europe/Rome] Inizio elaborazione
[11-Oct-2024 09:54:05 Europe/Rome] Trovate 58 timbrature
[11-Oct-2024 09:54:05 Europe/Rome] 20240000709 - richiamo servizio gepacon
[11-Oct-2024 09:54:07 Europe/Rome] curl data: {"success":true}
[11-Oct-2024 09:54:07 Europe/Rome] fine procedura
[11-Oct-2024 13:54:09 Europe/Rome] Inizio elaborazione
[11-Oct-2024 13:54:09 Europe/Rome] Trovate 97 timbrature
[11-Oct-2024 13:54:09 Europe/Rome] 20240000710 - richiamo servizio gepacon
[11-Oct-2024 13:54:11 Europe/Rome] curl data: {"success":true}
[11-Oct-2024 13:54:11 Europe/Rome] fine procedura
[11-Oct-2024 17:54:13 Europe/Rome] Inizio elaborazione
[11-Oct-2024 17:54:13 Europe/Rome] Trovate 51 timbrature
[11-Oct-2024 17:54:13 Europe/Rome] 20240000711 - richiamo servizio gepacon
[11-Oct-2024 17:54:14 Europe/Rome] curl data: {"success":true}
[11-Oct-2024 17:54:15 Europe/Rome] fine procedura
[12-Oct-2024 09:54:08 Europe/Rome] Inizio elaborazione
[12-Oct-2024 09:54:08 Europe/Rome] Trovate 2 timbrature
[12-Oct-2024 09:54:08 Europe/Rome] 20240000712 - richiamo servizio gepacon
[12-Oct-2024 09:54:09 Europe/Rome] curl data: {"success":true}
[12-Oct-2024 09:54:09 Europe/Rome] fine procedura
[12-Oct-2024 13:54:11 Europe/Rome] Inizio elaborazione
[12-Oct-2024 13:54:11 Europe/Rome] Trovate 0 timbrature
[12-Oct-2024 13:54:11 Europe/Rome] fine procedura
[12-Oct-2024 17:54:13 Europe/Rome] Inizio elaborazione
[12-Oct-2024 17:54:13 Europe/Rome] Trovate 0 timbrature
[12-Oct-2024 17:54:13 Europe/Rome] fine procedura
[13-Oct-2024 09:54:03 Europe/Rome] Inizio elaborazione
[13-Oct-2024 09:54:03 Europe/Rome] Trovate 0 timbrature
[13-Oct-2024 09:54:03 Europe/Rome] fine procedura
[13-Oct-2024 13:54:05 Europe/Rome] Inizio elaborazione
[13-Oct-2024 13:54:05 Europe/Rome] Trovate 0 timbrature
[13-Oct-2024 13:54:05 Europe/Rome] fine procedura
[13-Oct-2024 17:54:07 Europe/Rome] Inizio elaborazione
[13-Oct-2024 17:54:07 Europe/Rome] Trovate 0 timbrature
[13-Oct-2024 17:54:07 Europe/Rome] fine procedura
[14-Oct-2024 09:56:51 Europe/Rome] Inizio elaborazione
[14-Oct-2024 09:56:52 Europe/Rome] Trovate 61 timbrature
[14-Oct-2024 09:56:52 Europe/Rome] 20240000713 - richiamo servizio gepacon
[14-Oct-2024 09:56:53 Europe/Rome] curl data: {"success":true}
[14-Oct-2024 09:56:54 Europe/Rome] fine procedura
[14-Oct-2024 13:56:56 Europe/Rome] Inizio elaborazione
[14-Oct-2024 13:56:56 Europe/Rome] Trovate 96 timbrature
[14-Oct-2024 13:56:56 Europe/Rome] 20240000714 - richiamo servizio gepacon
[14-Oct-2024 13:56:57 Europe/Rome] curl data: {"success":true}
[14-Oct-2024 13:56:57 Europe/Rome] fine procedura
[14-Oct-2024 17:57:00 Europe/Rome] Inizio elaborazione
[14-Oct-2024 17:57:00 Europe/Rome] Trovate 59 timbrature
[14-Oct-2024 17:57:00 Europe/Rome] 20240000715 - richiamo servizio gepacon
[14-Oct-2024 17:57:01 Europe/Rome] curl data: {"success":true}
[14-Oct-2024 17:57:02 Europe/Rome] fine procedura
[15-Oct-2024 09:54:05 Europe/Rome] Inizio elaborazione
[15-Oct-2024 09:54:05 Europe/Rome] Trovate 61 timbrature
[15-Oct-2024 09:54:05 Europe/Rome] 20240000716 - richiamo servizio gepacon
[15-Oct-2024 09:54:07 Europe/Rome] curl data: {"success":true}
[15-Oct-2024 09:54:07 Europe/Rome] fine procedura
[15-Oct-2024 13:54:09 Europe/Rome] Inizio elaborazione
[15-Oct-2024 13:54:09 Europe/Rome] Trovate 108 timbrature
[15-Oct-2024 13:54:09 Europe/Rome] 20240000717 - richiamo servizio gepacon
[15-Oct-2024 13:54:11 Europe/Rome] curl data: {"success":true}
[15-Oct-2024 13:54:11 Europe/Rome] fine procedura
[15-Oct-2024 17:54:14 Europe/Rome] Inizio elaborazione
[15-Oct-2024 17:54:14 Europe/Rome] Trovate 60 timbrature
[15-Oct-2024 17:54:14 Europe/Rome] 20240000718 - richiamo servizio gepacon
[15-Oct-2024 17:54:16 Europe/Rome] curl data: {"success":true}
[15-Oct-2024 17:54:16 Europe/Rome] fine procedura
[16-Oct-2024 09:54:04 Europe/Rome] Inizio elaborazione
[16-Oct-2024 09:54:04 Europe/Rome] Trovate 61 timbrature
[16-Oct-2024 09:54:04 Europe/Rome] 20240000719 - richiamo servizio gepacon
[16-Oct-2024 09:54:05 Europe/Rome] curl data: {"success":true}
[16-Oct-2024 09:54:05 Europe/Rome] fine procedura
[16-Oct-2024 13:54:08 Europe/Rome] Inizio elaborazione
[16-Oct-2024 13:54:08 Europe/Rome] Trovate 109 timbrature
[16-Oct-2024 13:54:08 Europe/Rome] 20240000720 - richiamo servizio gepacon
[16-Oct-2024 13:54:10 Europe/Rome] curl data: {"success":true}
[16-Oct-2024 13:54:10 Europe/Rome] fine procedura
[16-Oct-2024 17:54:12 Europe/Rome] Inizio elaborazione
[16-Oct-2024 17:54:12 Europe/Rome] Trovate 58 timbrature
[16-Oct-2024 17:54:12 Europe/Rome] 20240000721 - richiamo servizio gepacon
[16-Oct-2024 17:54:14 Europe/Rome] curl data: {"success":true}
[16-Oct-2024 17:54:14 Europe/Rome] fine procedura
[17-Oct-2024 09:54:06 Europe/Rome] Inizio elaborazione
[17-Oct-2024 09:54:06 Europe/Rome] Trovate 60 timbrature
[17-Oct-2024 09:54:06 Europe/Rome] 20240000722 - richiamo servizio gepacon
[17-Oct-2024 09:54:08 Europe/Rome] curl data: {"success":true}
[17-Oct-2024 09:54:08 Europe/Rome] fine procedura
[17-Oct-2024 13:54:10 Europe/Rome] Inizio elaborazione
[17-Oct-2024 13:54:10 Europe/Rome] Trovate 102 timbrature
[17-Oct-2024 13:54:10 Europe/Rome] 20240000723 - richiamo servizio gepacon
[17-Oct-2024 13:54:12 Europe/Rome] curl data: {"success":true}
[17-Oct-2024 13:54:12 Europe/Rome] fine procedura
[17-Oct-2024 17:54:15 Europe/Rome] Inizio elaborazione
[17-Oct-2024 17:54:15 Europe/Rome] Trovate 60 timbrature
[17-Oct-2024 17:54:15 Europe/Rome] 20240000724 - richiamo servizio gepacon
[17-Oct-2024 17:54:17 Europe/Rome] curl data: {"success":true}
[17-Oct-2024 17:54:17 Europe/Rome] fine procedura
[18-Oct-2024 09:54:21 Europe/Rome] Inizio elaborazione
[18-Oct-2024 09:54:21 Europe/Rome] Trovate 57 timbrature
[18-Oct-2024 09:54:21 Europe/Rome] 20240000725 - richiamo servizio gepacon
[18-Oct-2024 09:54:22 Europe/Rome] curl data: {"success":true}
[18-Oct-2024 09:54:22 Europe/Rome] fine procedura
[18-Oct-2024 13:54:24 Europe/Rome] Inizio elaborazione
[18-Oct-2024 13:54:24 Europe/Rome] Trovate 100 timbrature
[18-Oct-2024 13:54:24 Europe/Rome] 20240000726 - richiamo servizio gepacon
[18-Oct-2024 13:54:25 Europe/Rome] curl data: {"success":true}
[18-Oct-2024 13:54:25 Europe/Rome] fine procedura
[18-Oct-2024 17:54:29 Europe/Rome] Inizio elaborazione
[18-Oct-2024 17:54:29 Europe/Rome] Trovate 55 timbrature
[18-Oct-2024 17:54:29 Europe/Rome] 20240000727 - richiamo servizio gepacon
[18-Oct-2024 17:54:29 Europe/Rome] curl data: {"success":true}
[18-Oct-2024 17:54:30 Europe/Rome] fine procedura
[19-Oct-2024 09:54:06 Europe/Rome] Inizio elaborazione
[19-Oct-2024 09:54:06 Europe/Rome] Trovate 6 timbrature
[19-Oct-2024 09:54:06 Europe/Rome] 20240000728 - richiamo servizio gepacon
[19-Oct-2024 09:54:06 Europe/Rome] curl data: {"success":true}
[19-Oct-2024 09:54:06 Europe/Rome] fine procedura
[19-Oct-2024 13:54:08 Europe/Rome] Inizio elaborazione
[19-Oct-2024 13:54:09 Europe/Rome] Trovate 4 timbrature
[19-Oct-2024 13:54:09 Europe/Rome] 20240000729 - richiamo servizio gepacon
[19-Oct-2024 13:54:09 Europe/Rome] curl data: {"success":true}
[19-Oct-2024 13:54:09 Europe/Rome] fine procedura
[19-Oct-2024 17:54:11 Europe/Rome] Inizio elaborazione
[19-Oct-2024 17:54:11 Europe/Rome] Trovate 3 timbrature
[19-Oct-2024 17:54:11 Europe/Rome] 20240000730 - richiamo servizio gepacon
[19-Oct-2024 17:54:12 Europe/Rome] curl data: {"success":true}
[19-Oct-2024 17:54:12 Europe/Rome] fine procedura
[20-Oct-2024 09:54:02 Europe/Rome] Inizio elaborazione
[20-Oct-2024 09:54:02 Europe/Rome] Trovate 0 timbrature
[20-Oct-2024 09:54:02 Europe/Rome] fine procedura
[20-Oct-2024 13:54:04 Europe/Rome] Inizio elaborazione
[20-Oct-2024 13:54:04 Europe/Rome] Trovate 0 timbrature
[20-Oct-2024 13:54:04 Europe/Rome] fine procedura
[20-Oct-2024 17:54:06 Europe/Rome] Inizio elaborazione
[20-Oct-2024 17:54:06 Europe/Rome] Trovate 0 timbrature
[20-Oct-2024 17:54:06 Europe/Rome] fine procedura
[21-Oct-2024 09:54:04 Europe/Rome] Inizio elaborazione
[21-Oct-2024 09:54:04 Europe/Rome] Trovate 60 timbrature
[21-Oct-2024 09:54:04 Europe/Rome] 20240000731 - richiamo servizio gepacon
[21-Oct-2024 09:54:05 Europe/Rome] curl data: {"success":true}
[21-Oct-2024 09:54:05 Europe/Rome] fine procedura
[21-Oct-2024 13:54:07 Europe/Rome] Inizio elaborazione
[21-Oct-2024 13:54:07 Europe/Rome] Trovate 103 timbrature
[21-Oct-2024 13:54:07 Europe/Rome] 20240000732 - richiamo servizio gepacon
[21-Oct-2024 13:54:08 Europe/Rome] curl data: {"success":true}
[21-Oct-2024 13:54:08 Europe/Rome] fine procedura
[21-Oct-2024 17:54:10 Europe/Rome] Inizio elaborazione
[21-Oct-2024 17:54:10 Europe/Rome] Trovate 58 timbrature
[21-Oct-2024 17:54:11 Europe/Rome] 20240000733 - richiamo servizio gepacon
[21-Oct-2024 17:54:11 Europe/Rome] curl data: {"success":true}
[21-Oct-2024 17:54:11 Europe/Rome] fine procedura
[22-Oct-2024 09:54:07 Europe/Rome] Inizio elaborazione
[22-Oct-2024 09:54:07 Europe/Rome] Trovate 61 timbrature
[22-Oct-2024 09:54:07 Europe/Rome] 20240000734 - richiamo servizio gepacon
[22-Oct-2024 09:54:08 Europe/Rome] curl data: {"success":true}
[22-Oct-2024 09:54:08 Europe/Rome] fine procedura
[22-Oct-2024 13:54:10 Europe/Rome] Inizio elaborazione
[22-Oct-2024 13:54:11 Europe/Rome] Trovate 108 timbrature
[22-Oct-2024 13:54:11 Europe/Rome] 20240000735 - richiamo servizio gepacon
[22-Oct-2024 13:54:12 Europe/Rome] curl data: {"success":true}
[22-Oct-2024 13:54:12 Europe/Rome] fine procedura
[22-Oct-2024 17:54:14 Europe/Rome] Inizio elaborazione
[22-Oct-2024 17:54:14 Europe/Rome] Trovate 59 timbrature
[22-Oct-2024 17:54:15 Europe/Rome] 20240000736 - richiamo servizio gepacon
[22-Oct-2024 17:54:15 Europe/Rome] curl data: {"success":true}
[22-Oct-2024 17:54:15 Europe/Rome] fine procedura
[23-Oct-2024 09:54:04 Europe/Rome] Inizio elaborazione
[23-Oct-2024 09:54:04 Europe/Rome] Trovate 61 timbrature
[23-Oct-2024 09:54:04 Europe/Rome] 20240000737 - richiamo servizio gepacon
[23-Oct-2024 09:54:05 Europe/Rome] curl data: {"success":true}
[23-Oct-2024 09:54:05 Europe/Rome] fine procedura
[23-Oct-2024 13:54:08 Europe/Rome] Inizio elaborazione
[23-Oct-2024 13:54:08 Europe/Rome] Trovate 105 timbrature
[23-Oct-2024 13:54:08 Europe/Rome] 20240000738 - richiamo servizio gepacon
[23-Oct-2024 13:54:09 Europe/Rome] curl data: {"success":true}
[23-Oct-2024 13:54:09 Europe/Rome] fine procedura
[23-Oct-2024 17:54:11 Europe/Rome] Inizio elaborazione
[23-Oct-2024 17:54:11 Europe/Rome] Trovate 55 timbrature
[23-Oct-2024 17:54:11 Europe/Rome] 20240000739 - richiamo servizio gepacon
[23-Oct-2024 17:54:12 Europe/Rome] curl data: {"success":true}
[23-Oct-2024 17:54:12 Europe/Rome] fine procedura
[24-Oct-2024 09:54:05 Europe/Rome] Inizio elaborazione
[24-Oct-2024 09:54:05 Europe/Rome] Trovate 61 timbrature
[24-Oct-2024 09:54:05 Europe/Rome] 20240000740 - richiamo servizio gepacon
[24-Oct-2024 09:54:06 Europe/Rome] curl data: {"success":true}
[24-Oct-2024 09:54:06 Europe/Rome] fine procedura
[24-Oct-2024 13:54:08 Europe/Rome] Inizio elaborazione
[24-Oct-2024 13:54:08 Europe/Rome] Trovate 106 timbrature
[24-Oct-2024 13:54:09 Europe/Rome] 20240000741 - richiamo servizio gepacon
[24-Oct-2024 13:54:09 Europe/Rome] curl data: {"success":true}
[24-Oct-2024 13:54:10 Europe/Rome] fine procedura
[24-Oct-2024 17:54:12 Europe/Rome] Inizio elaborazione
[24-Oct-2024 17:54:12 Europe/Rome] Trovate 57 timbrature
[24-Oct-2024 17:54:12 Europe/Rome] 20240000742 - richiamo servizio gepacon
[24-Oct-2024 17:54:13 Europe/Rome] curl data: {"success":true}
[24-Oct-2024 17:54:13 Europe/Rome] fine procedura
[25-Oct-2024 09:54:05 Europe/Rome] Inizio elaborazione
[25-Oct-2024 09:54:05 Europe/Rome] Trovate 60 timbrature
[25-Oct-2024 09:54:06 Europe/Rome] 20240000743 - richiamo servizio gepacon
[25-Oct-2024 09:54:06 Europe/Rome] curl data: {"success":true}
[25-Oct-2024 09:54:06 Europe/Rome] fine procedura
[25-Oct-2024 13:54:08 Europe/Rome] Inizio elaborazione
[25-Oct-2024 13:54:08 Europe/Rome] Trovate 98 timbrature
[25-Oct-2024 13:54:09 Europe/Rome] 20240000744 - richiamo servizio gepacon
[25-Oct-2024 13:54:09 Europe/Rome] curl data: {"success":true}
[25-Oct-2024 13:54:09 Europe/Rome] fine procedura
[25-Oct-2024 17:54:12 Europe/Rome] Inizio elaborazione
[25-Oct-2024 17:54:12 Europe/Rome] Trovate 52 timbrature
[25-Oct-2024 17:54:12 Europe/Rome] 20240000745 - richiamo servizio gepacon
[25-Oct-2024 17:54:13 Europe/Rome] curl data: {"success":true}
[25-Oct-2024 17:54:13 Europe/Rome] fine procedura
[26-Oct-2024 09:54:05 Europe/Rome] Inizio elaborazione
[26-Oct-2024 09:54:05 Europe/Rome] Trovate 0 timbrature
[26-Oct-2024 09:54:05 Europe/Rome] fine procedura
[26-Oct-2024 13:54:08 Europe/Rome] Inizio elaborazione
[26-Oct-2024 13:54:08 Europe/Rome] Trovate 0 timbrature
[26-Oct-2024 13:54:08 Europe/Rome] fine procedura
[26-Oct-2024 17:54:09 Europe/Rome] Inizio elaborazione
[26-Oct-2024 17:54:10 Europe/Rome] Trovate 0 timbrature
[26-Oct-2024 17:54:10 Europe/Rome] fine procedura
[27-Oct-2024 09:54:02 Europe/Rome] Inizio elaborazione
[27-Oct-2024 09:54:02 Europe/Rome] Trovate 0 timbrature
[27-Oct-2024 09:54:02 Europe/Rome] fine procedura
[27-Oct-2024 13:54:05 Europe/Rome] Inizio elaborazione
[27-Oct-2024 13:54:05 Europe/Rome] Trovate 0 timbrature
[27-Oct-2024 13:54:05 Europe/Rome] fine procedura
[27-Oct-2024 17:54:07 Europe/Rome] Inizio elaborazione
[27-Oct-2024 17:54:07 Europe/Rome] Trovate 0 timbrature
[27-Oct-2024 17:54:07 Europe/Rome] fine procedura
[28-Oct-2024 09:54:06 Europe/Rome] Inizio elaborazione
[28-Oct-2024 09:54:06 Europe/Rome] Trovate 59 timbrature
[28-Oct-2024 09:54:07 Europe/Rome] 20240000746 - richiamo servizio gepacon
[28-Oct-2024 09:54:07 Europe/Rome] curl data: {"success":true}
[28-Oct-2024 09:54:08 Europe/Rome] fine procedura
[28-Oct-2024 13:54:10 Europe/Rome] Inizio elaborazione
[28-Oct-2024 13:54:10 Europe/Rome] Trovate 96 timbrature
[28-Oct-2024 13:54:10 Europe/Rome] 20240000747 - richiamo servizio gepacon
[28-Oct-2024 13:54:11 Europe/Rome] curl data: {"success":true}
[28-Oct-2024 13:54:11 Europe/Rome] fine procedura
[28-Oct-2024 17:54:15 Europe/Rome] Inizio elaborazione
[28-Oct-2024 17:54:15 Europe/Rome] Trovate 57 timbrature
[28-Oct-2024 17:54:15 Europe/Rome] 20240000748 - richiamo servizio gepacon
[28-Oct-2024 17:54:16 Europe/Rome] curl data: {"success":true}
[28-Oct-2024 17:54:16 Europe/Rome] fine procedura
[29-Oct-2024 09:54:07 Europe/Rome] Inizio elaborazione
[29-Oct-2024 09:54:08 Europe/Rome] Trovate 60 timbrature
[29-Oct-2024 09:54:08 Europe/Rome] 20240000749 - richiamo servizio gepacon
[29-Oct-2024 09:54:09 Europe/Rome] curl data: {"success":true}
[29-Oct-2024 09:54:09 Europe/Rome] fine procedura
[29-Oct-2024 13:54:11 Europe/Rome] Inizio elaborazione
[29-Oct-2024 13:54:11 Europe/Rome] Trovate 100 timbrature
[29-Oct-2024 13:54:11 Europe/Rome] 20240000750 - richiamo servizio gepacon
[29-Oct-2024 13:54:12 Europe/Rome] curl data: {"success":true}
[29-Oct-2024 13:54:12 Europe/Rome] fine procedura
[29-Oct-2024 17:54:14 Europe/Rome] Inizio elaborazione
[29-Oct-2024 17:54:14 Europe/Rome] Trovate 55 timbrature
[29-Oct-2024 17:54:14 Europe/Rome] 20240000751 - richiamo servizio gepacon
[29-Oct-2024 17:54:15 Europe/Rome] curl data: {"success":true}
[29-Oct-2024 17:54:15 Europe/Rome] fine procedura
[30-Oct-2024 09:54:02 Europe/Rome] Inizio elaborazione
[30-Oct-2024 09:54:02 Europe/Rome] Trovate 57 timbrature
[30-Oct-2024 09:54:03 Europe/Rome] 20240000752 - richiamo servizio gepacon
[30-Oct-2024 09:54:03 Europe/Rome] curl data: {"success":true}
[30-Oct-2024 09:54:03 Europe/Rome] fine procedura
[30-Oct-2024 13:54:06 Europe/Rome] Inizio elaborazione
[30-Oct-2024 13:54:06 Europe/Rome] Trovate 98 timbrature
[30-Oct-2024 13:54:06 Europe/Rome] 20240000753 - richiamo servizio gepacon
[30-Oct-2024 13:54:06 Europe/Rome] curl data: {"success":true}
[30-Oct-2024 13:54:07 Europe/Rome] fine procedura
[30-Oct-2024 17:54:09 Europe/Rome] Inizio elaborazione
[30-Oct-2024 17:54:09 Europe/Rome] Trovate 57 timbrature
[30-Oct-2024 17:54:09 Europe/Rome] 20240000754 - richiamo servizio gepacon
[30-Oct-2024 17:54:10 Europe/Rome] curl data: {"success":true}
[30-Oct-2024 17:54:10 Europe/Rome] fine procedura
[31-Oct-2024 09:54:04 Europe/Rome] Inizio elaborazione
[31-Oct-2024 09:54:04 Europe/Rome] Trovate 60 timbrature
[31-Oct-2024 09:54:04 Europe/Rome] 20240000755 - richiamo servizio gepacon
[31-Oct-2024 09:54:05 Europe/Rome] curl data: {"success":true}
[31-Oct-2024 09:54:05 Europe/Rome] fine procedura
[31-Oct-2024 13:54:07 Europe/Rome] Inizio elaborazione
[31-Oct-2024 13:54:07 Europe/Rome] Trovate 100 timbrature
[31-Oct-2024 13:54:07 Europe/Rome] 20240000756 - richiamo servizio gepacon
[31-Oct-2024 13:54:08 Europe/Rome] curl data: {"success":true}
[31-Oct-2024 13:54:08 Europe/Rome] fine procedura
[31-Oct-2024 17:54:10 Europe/Rome] Inizio elaborazione
[31-Oct-2024 17:54:10 Europe/Rome] Trovate 57 timbrature
[31-Oct-2024 17:54:10 Europe/Rome] 20240000757 - richiamo servizio gepacon
[31-Oct-2024 17:54:11 Europe/Rome] curl data: {"success":true}
[31-Oct-2024 17:54:11 Europe/Rome] fine procedura
