[01-Feb-2025 04:53:41 UTC] Avvio lettura da MySQL sito web
[01-Feb-2025 04:53:45 UTC] Avvio lettura da LCCOMP0F
[01-Feb-2025 04:53:45 UTC] Salto indirizzo mail:ulrike-joos@enders-pro:indirizzo mail non valido
[01-Feb-2025 04:53:45 UTC] Totale mail inviate: 0
[01-Feb-2025 04:53:45 UTC] Totale errori: 1
[01-Feb-2025 05:03:51 UTC] Avvio lettura da MySQL sito web
[01-Feb-2025 05:03:53 UTC] Avvio lettura da LCCOMP0F
[01-Feb-2025 05:03:53 UTC] Salto indirizzo mail:ulrike-joos@enders-pro:indirizzo mail non valido
[01-Feb-2025 05:03:53 UTC] Totale mail inviate: 0
[01-Feb-2025 05:03:53 UTC] Totale errori: 1
[01-Feb-2025 05:13:57 UTC] Avvio lettura da MySQL sito web
[01-Feb-2025 05:13:59 UTC] Avvio lettura da LCCOMP0F
[01-Feb-2025 05:13:59 UTC] Salto indirizzo mail:ulrike-joos@enders-pro:indirizzo mail non valido
[01-Feb-2025 05:13:59 UTC] Totale mail inviate: 0
[01-Feb-2025 05:13:59 UTC] Totale errori: 1
[01-Feb-2025 05:24:04 UTC] Avvio lettura da MySQL sito web
[01-Feb-2025 05:24:06 UTC] Avvio lettura da LCCOMP0F
[01-Feb-2025 05:24:06 UTC] Salto indirizzo mail:ulrike-joos@enders-pro:indirizzo mail non valido
[01-Feb-2025 05:24:06 UTC] Totale mail inviate: 0
[01-Feb-2025 05:24:06 UTC] Totale errori: 1
[01-Feb-2025 05:34:11 UTC] Avvio lettura da MySQL sito web
[01-Feb-2025 05:34:13 UTC] Avvio lettura da LCCOMP0F
[01-Feb-2025 05:34:13 UTC] Salto indirizzo mail:ulrike-joos@enders-pro:indirizzo mail non valido
[01-Feb-2025 05:34:13 UTC] Totale mail inviate: 0
[01-Feb-2025 05:34:13 UTC] Totale errori: 1
[01-Feb-2025 05:44:17 UTC] Avvio lettura da MySQL sito web
[01-Feb-2025 05:44:19 UTC] Avvio lettura da LCCOMP0F
[01-Feb-2025 05:44:19 UTC] Salto indirizzo mail:ulrike-joos@enders-pro:indirizzo mail non valido
[01-Feb-2025 05:44:19 UTC] Totale mail inviate: 0
[01-Feb-2025 05:44:19 UTC] Totale errori: 1
[01-Feb-2025 05:54:24 UTC] Avvio lettura da MySQL sito web
[01-Feb-2025 05:54:26 UTC] Avvio lettura da LCCOMP0F
[01-Feb-2025 05:54:26 UTC] Salto indirizzo mail:ulrike-joos@enders-pro:indirizzo mail non valido
[01-Feb-2025 05:54:26 UTC] Totale mail inviate: 0
[01-Feb-2025 05:54:26 UTC] Totale errori: 1
[01-Feb-2025 06:04:33 UTC] Avvio lettura da MySQL sito web
[01-Feb-2025 06:04:36 UTC] Avvio lettura da LCCOMP0F
[01-Feb-2025 06:04:36 UTC] Salto indirizzo mail:ulrike-joos@enders-pro:indirizzo mail non valido
[01-Feb-2025 06:04:36 UTC] Totale mail inviate: 0
[01-Feb-2025 06:04:36 UTC] Totale errori: 1
[01-Feb-2025 06:14:42 UTC] Avvio lettura da MySQL sito web
[01-Feb-2025 06:14:44 UTC] Avvio lettura da LCCOMP0F
[01-Feb-2025 06:14:44 UTC] Salto indirizzo mail:ulrike-joos@enders-pro:indirizzo mail non valido
[01-Feb-2025 06:14:44 UTC] Totale mail inviate: 0
[01-Feb-2025 06:14:44 UTC] Totale errori: 1
[01-Feb-2025 06:24:48 UTC] Avvio lettura da MySQL sito web
[01-Feb-2025 06:24:50 UTC] Invio mail a:anand@singhaniatableting.com da viktoriia.gorzova@rgpballs.com
[01-Feb-2025 06:24:54 UTC] Mail inviata a anand@singhaniatableting.com
[01-Feb-2025 06:24:55 UTC] Avvio lettura da LCCOMP0F
[01-Feb-2025 06:24:55 UTC] Salto indirizzo mail:ulrike-joos@enders-pro:indirizzo mail non valido
[01-Feb-2025 06:24:55 UTC] Totale mail inviate: 1
[01-Feb-2025 06:24:55 UTC] Totale errori: 1
[01-Feb-2025 06:35:00 UTC] Avvio lettura da MySQL sito web
[01-Feb-2025 06:35:02 UTC] Avvio lettura da LCCOMP0F
[01-Feb-2025 06:35:02 UTC] Salto indirizzo mail:ulrike-joos@enders-pro:indirizzo mail non valido
[01-Feb-2025 06:35:02 UTC] Totale mail inviate: 0
[01-Feb-2025 06:35:02 UTC] Totale errori: 1
[01-Feb-2025 06:45:06 UTC] Avvio lettura da MySQL sito web
[01-Feb-2025 06:45:08 UTC] Avvio lettura da LCCOMP0F
[01-Feb-2025 06:45:08 UTC] Salto indirizzo mail:ulrike-joos@enders-pro:indirizzo mail non valido
[01-Feb-2025 06:45:08 UTC] Totale mail inviate: 0
[01-Feb-2025 06:45:08 UTC] Totale errori: 1
[01-Feb-2025 06:55:13 UTC] Avvio lettura da MySQL sito web
[01-Feb-2025 06:55:15 UTC] Avvio lettura da LCCOMP0F
[01-Feb-2025 06:55:15 UTC] Salto indirizzo mail:ulrike-joos@enders-pro:indirizzo mail non valido
[01-Feb-2025 06:55:15 UTC] Totale mail inviate: 0
[01-Feb-2025 06:55:15 UTC] Totale errori: 1
[01-Feb-2025 07:05:20 UTC] Avvio lettura da MySQL sito web
[01-Feb-2025 07:05:22 UTC] Avvio lettura da LCCOMP0F
[01-Feb-2025 07:05:22 UTC] Salto indirizzo mail:ulrike-joos@enders-pro:indirizzo mail non valido
[01-Feb-2025 07:05:22 UTC] Totale mail inviate: 0
[01-Feb-2025 07:05:22 UTC] Totale errori: 1
[01-Feb-2025 07:15:27 UTC] Avvio lettura da MySQL sito web
[01-Feb-2025 07:15:29 UTC] Avvio lettura da LCCOMP0F
[01-Feb-2025 07:15:29 UTC] Salto indirizzo mail:ulrike-joos@enders-pro:indirizzo mail non valido
[01-Feb-2025 07:15:29 UTC] Totale mail inviate: 0
[01-Feb-2025 07:15:29 UTC] Totale errori: 1
[01-Feb-2025 07:25:34 UTC] Avvio lettura da MySQL sito web
[01-Feb-2025 07:25:36 UTC] Avvio lettura da LCCOMP0F
[01-Feb-2025 07:25:36 UTC] Salto indirizzo mail:ulrike-joos@enders-pro:indirizzo mail non valido
[01-Feb-2025 07:25:36 UTC] Totale mail inviate: 0
[01-Feb-2025 07:25:36 UTC] Totale errori: 1
[01-Feb-2025 07:35:41 UTC] Avvio lettura da MySQL sito web
[01-Feb-2025 07:35:44 UTC] Avvio lettura da LCCOMP0F
[01-Feb-2025 07:35:44 UTC] Salto indirizzo mail:ulrike-joos@enders-pro:indirizzo mail non valido
[01-Feb-2025 07:35:44 UTC] Totale mail inviate: 0
[01-Feb-2025 07:35:44 UTC] Totale errori: 1
[01-Feb-2025 07:45:47 UTC] Avvio lettura da MySQL sito web
[01-Feb-2025 07:45:49 UTC] Avvio lettura da LCCOMP0F
[01-Feb-2025 07:45:49 UTC] Salto indirizzo mail:ulrike-joos@enders-pro:indirizzo mail non valido
[01-Feb-2025 07:45:49 UTC] Totale mail inviate: 0
[01-Feb-2025 07:45:49 UTC] Totale errori: 1
[01-Feb-2025 08:05:54 UTC] Avvio lettura da MySQL sito web
[01-Feb-2025 08:05:56 UTC] Avvio lettura da LCCOMP0F
[01-Feb-2025 08:05:56 UTC] Salto indirizzo mail:ulrike-joos@enders-pro:indirizzo mail non valido
[01-Feb-2025 08:05:56 UTC] Totale mail inviate: 0
[01-Feb-2025 08:05:56 UTC] Totale errori: 1
[01-Feb-2025 08:16:00 UTC] Avvio lettura da MySQL sito web
[01-Feb-2025 08:16:02 UTC] Avvio lettura da LCCOMP0F
[01-Feb-2025 08:16:02 UTC] Salto indirizzo mail:ulrike-joos@enders-pro:indirizzo mail non valido
[01-Feb-2025 08:16:02 UTC] Totale mail inviate: 0
[01-Feb-2025 08:16:02 UTC] Totale errori: 1
[01-Feb-2025 08:26:06 UTC] Avvio lettura da MySQL sito web
[01-Feb-2025 08:26:09 UTC] Avvio lettura da LCCOMP0F
[01-Feb-2025 08:26:09 UTC] Salto indirizzo mail:ulrike-joos@enders-pro:indirizzo mail non valido
[01-Feb-2025 08:26:09 UTC] Totale mail inviate: 0
[01-Feb-2025 08:26:09 UTC] Totale errori: 1
[01-Feb-2025 08:36:13 UTC] Avvio lettura da MySQL sito web
[01-Feb-2025 08:36:15 UTC] Avvio lettura da LCCOMP0F
[01-Feb-2025 08:36:15 UTC] Salto indirizzo mail:ulrike-joos@enders-pro:indirizzo mail non valido
[01-Feb-2025 08:36:15 UTC] Totale mail inviate: 0
[01-Feb-2025 08:36:15 UTC] Totale errori: 1
[01-Feb-2025 08:46:20 UTC] Avvio lettura da MySQL sito web
[01-Feb-2025 08:46:22 UTC] Avvio lettura da LCCOMP0F
[01-Feb-2025 08:46:22 UTC] Salto indirizzo mail:ulrike-joos@enders-pro:indirizzo mail non valido
[01-Feb-2025 08:46:22 UTC] Totale mail inviate: 0
[01-Feb-2025 08:46:22 UTC] Totale errori: 1
[01-Feb-2025 08:56:27 UTC] Avvio lettura da MySQL sito web
[01-Feb-2025 08:56:29 UTC] Avvio lettura da LCCOMP0F
[01-Feb-2025 08:56:29 UTC] Salto indirizzo mail:ulrike-joos@enders-pro:indirizzo mail non valido
[01-Feb-2025 08:56:29 UTC] Totale mail inviate: 0
[01-Feb-2025 08:56:29 UTC] Totale errori: 1
[01-Feb-2025 09:06:36 UTC] Avvio lettura da MySQL sito web
[01-Feb-2025 09:06:38 UTC] Avvio lettura da LCCOMP0F
[01-Feb-2025 09:06:38 UTC] Salto indirizzo mail:ulrike-joos@enders-pro:indirizzo mail non valido
[01-Feb-2025 09:06:38 UTC] Totale mail inviate: 0
[01-Feb-2025 09:06:38 UTC] Totale errori: 1
[01-Feb-2025 09:16:43 UTC] Avvio lettura da MySQL sito web
[01-Feb-2025 09:16:45 UTC] Avvio lettura da LCCOMP0F
[01-Feb-2025 09:16:45 UTC] Salto indirizzo mail:ulrike-joos@enders-pro:indirizzo mail non valido
[01-Feb-2025 09:16:45 UTC] Totale mail inviate: 0
[01-Feb-2025 09:16:45 UTC] Totale errori: 1
[01-Feb-2025 09:26:50 UTC] Avvio lettura da MySQL sito web
[01-Feb-2025 09:26:52 UTC] Avvio lettura da LCCOMP0F
[01-Feb-2025 09:26:52 UTC] Salto indirizzo mail:ulrike-joos@enders-pro:indirizzo mail non valido
[01-Feb-2025 09:26:52 UTC] Totale mail inviate: 0
[01-Feb-2025 09:26:52 UTC] Totale errori: 1
[01-Feb-2025 09:36:58 UTC] Avvio lettura da MySQL sito web
[01-Feb-2025 09:37:00 UTC] Avvio lettura da LCCOMP0F
[01-Feb-2025 09:37:00 UTC] Salto indirizzo mail:ulrike-joos@enders-pro:indirizzo mail non valido
[01-Feb-2025 09:37:00 UTC] Totale mail inviate: 0
[01-Feb-2025 09:37:00 UTC] Totale errori: 1
[01-Feb-2025 09:47:06 UTC] Avvio lettura da MySQL sito web
[01-Feb-2025 09:47:09 UTC] Avvio lettura da LCCOMP0F
[01-Feb-2025 09:47:09 UTC] Salto indirizzo mail:ulrike-joos@enders-pro:indirizzo mail non valido
[01-Feb-2025 09:47:09 UTC] Totale mail inviate: 0
[01-Feb-2025 09:47:09 UTC] Totale errori: 1
[01-Feb-2025 09:57:15 UTC] Avvio lettura da MySQL sito web
[01-Feb-2025 09:57:17 UTC] Avvio lettura da LCCOMP0F
[01-Feb-2025 09:57:17 UTC] Salto indirizzo mail:ulrike-joos@enders-pro:indirizzo mail non valido
[01-Feb-2025 09:57:17 UTC] Totale mail inviate: 0
[01-Feb-2025 09:57:17 UTC] Totale errori: 1
[01-Feb-2025 10:07:24 UTC] Avvio lettura da MySQL sito web
[01-Feb-2025 10:07:26 UTC] Avvio lettura da LCCOMP0F
[01-Feb-2025 10:07:26 UTC] Salto indirizzo mail:ulrike-joos@enders-pro:indirizzo mail non valido
[01-Feb-2025 10:07:26 UTC] Totale mail inviate: 0
[01-Feb-2025 10:07:26 UTC] Totale errori: 1
[01-Feb-2025 10:17:33 UTC] Avvio lettura da MySQL sito web
[01-Feb-2025 10:17:35 UTC] Avvio lettura da LCCOMP0F
[01-Feb-2025 10:17:35 UTC] Salto indirizzo mail:ulrike-joos@enders-pro:indirizzo mail non valido
[01-Feb-2025 10:17:35 UTC] Totale mail inviate: 0
[01-Feb-2025 10:17:35 UTC] Totale errori: 1
[01-Feb-2025 10:27:41 UTC] Avvio lettura da MySQL sito web
[01-Feb-2025 10:27:43 UTC] Avvio lettura da LCCOMP0F
[01-Feb-2025 10:27:43 UTC] Salto indirizzo mail:ulrike-joos@enders-pro:indirizzo mail non valido
[01-Feb-2025 10:27:43 UTC] Totale mail inviate: 0
[01-Feb-2025 10:27:43 UTC] Totale errori: 1
[01-Feb-2025 10:37:49 UTC] Avvio lettura da MySQL sito web
[01-Feb-2025 10:37:51 UTC] Avvio lettura da LCCOMP0F
[01-Feb-2025 10:37:51 UTC] Salto indirizzo mail:ulrike-joos@enders-pro:indirizzo mail non valido
[01-Feb-2025 10:37:51 UTC] Totale mail inviate: 0
[01-Feb-2025 10:37:51 UTC] Totale errori: 1
[01-Feb-2025 10:47:57 UTC] Avvio lettura da MySQL sito web
[01-Feb-2025 10:47:59 UTC] Avvio lettura da LCCOMP0F
[01-Feb-2025 10:47:59 UTC] Salto indirizzo mail:ulrike-joos@enders-pro:indirizzo mail non valido
[01-Feb-2025 10:47:59 UTC] Totale mail inviate: 0
[01-Feb-2025 10:47:59 UTC] Totale errori: 1
[01-Feb-2025 10:58:06 UTC] Avvio lettura da MySQL sito web
[01-Feb-2025 10:58:09 UTC] Avvio lettura da LCCOMP0F
[01-Feb-2025 10:58:09 UTC] Salto indirizzo mail:ulrike-joos@enders-pro:indirizzo mail non valido
[01-Feb-2025 10:58:09 UTC] Totale mail inviate: 0
[01-Feb-2025 10:58:09 UTC] Totale errori: 1
[01-Feb-2025 11:08:17 UTC] Avvio lettura da MySQL sito web
[01-Feb-2025 11:08:19 UTC] Avvio lettura da LCCOMP0F
[01-Feb-2025 11:08:19 UTC] Salto indirizzo mail:ulrike-joos@enders-pro:indirizzo mail non valido
[01-Feb-2025 11:08:19 UTC] Totale mail inviate: 0
[01-Feb-2025 11:08:19 UTC] Totale errori: 1
[01-Feb-2025 11:18:26 UTC] Avvio lettura da MySQL sito web
[01-Feb-2025 11:18:28 UTC] Avvio lettura da LCCOMP0F
[01-Feb-2025 11:18:28 UTC] Salto indirizzo mail:ulrike-joos@enders-pro:indirizzo mail non valido
[01-Feb-2025 11:18:28 UTC] Totale mail inviate: 0
[01-Feb-2025 11:18:28 UTC] Totale errori: 1
[01-Feb-2025 11:28:34 UTC] Avvio lettura da MySQL sito web
[01-Feb-2025 11:28:37 UTC] Avvio lettura da LCCOMP0F
[01-Feb-2025 11:28:37 UTC] Salto indirizzo mail:ulrike-joos@enders-pro:indirizzo mail non valido
[01-Feb-2025 11:28:37 UTC] Totale mail inviate: 0
[01-Feb-2025 11:28:37 UTC] Totale errori: 1
[01-Feb-2025 11:38:44 UTC] Avvio lettura da MySQL sito web
[01-Feb-2025 11:38:47 UTC] Avvio lettura da LCCOMP0F
[01-Feb-2025 11:38:47 UTC] Salto indirizzo mail:ulrike-joos@enders-pro:indirizzo mail non valido
[01-Feb-2025 11:38:47 UTC] Totale mail inviate: 0
[01-Feb-2025 11:38:47 UTC] Totale errori: 1
[01-Feb-2025 11:48:54 UTC] Avvio lettura da MySQL sito web
[01-Feb-2025 11:48:57 UTC] Avvio lettura da LCCOMP0F
[01-Feb-2025 11:48:57 UTC] Salto indirizzo mail:ulrike-joos@enders-pro:indirizzo mail non valido
[01-Feb-2025 11:48:57 UTC] Totale mail inviate: 0
[01-Feb-2025 11:48:57 UTC] Totale errori: 1
[01-Feb-2025 11:59:04 UTC] Avvio lettura da MySQL sito web
[01-Feb-2025 11:59:06 UTC] Avvio lettura da LCCOMP0F
[01-Feb-2025 11:59:06 UTC] Salto indirizzo mail:ulrike-joos@enders-pro:indirizzo mail non valido
[01-Feb-2025 11:59:06 UTC] Totale mail inviate: 0
[01-Feb-2025 11:59:06 UTC] Totale errori: 1
[01-Feb-2025 12:09:14 UTC] Avvio lettura da MySQL sito web
[01-Feb-2025 12:09:16 UTC] Avvio lettura da LCCOMP0F
[01-Feb-2025 12:09:16 UTC] Salto indirizzo mail:ulrike-joos@enders-pro:indirizzo mail non valido
[01-Feb-2025 12:09:16 UTC] Totale mail inviate: 0
[01-Feb-2025 12:09:16 UTC] Totale errori: 1
[01-Feb-2025 12:19:23 UTC] Avvio lettura da MySQL sito web
[01-Feb-2025 12:19:26 UTC] Avvio lettura da LCCOMP0F
[01-Feb-2025 12:19:26 UTC] Salto indirizzo mail:ulrike-joos@enders-pro:indirizzo mail non valido
[01-Feb-2025 12:19:26 UTC] Totale mail inviate: 0
[01-Feb-2025 12:19:26 UTC] Totale errori: 1
[01-Feb-2025 12:29:33 UTC] Avvio lettura da MySQL sito web
[01-Feb-2025 12:29:35 UTC] Avvio lettura da LCCOMP0F
[01-Feb-2025 12:29:35 UTC] Salto indirizzo mail:ulrike-joos@enders-pro:indirizzo mail non valido
[01-Feb-2025 12:29:35 UTC] Totale mail inviate: 0
[01-Feb-2025 12:29:35 UTC] Totale errori: 1
[01-Feb-2025 12:39:42 UTC] Avvio lettura da MySQL sito web
[01-Feb-2025 12:39:44 UTC] Avvio lettura da LCCOMP0F
[01-Feb-2025 12:39:44 UTC] Salto indirizzo mail:ulrike-joos@enders-pro:indirizzo mail non valido
[01-Feb-2025 12:39:44 UTC] Totale mail inviate: 0
[01-Feb-2025 12:39:44 UTC] Totale errori: 1
[01-Feb-2025 12:59:51 UTC] Avvio lettura da MySQL sito web
[01-Feb-2025 12:59:54 UTC] Avvio lettura da LCCOMP0F
[01-Feb-2025 12:59:54 UTC] Salto indirizzo mail:ulrike-joos@enders-pro:indirizzo mail non valido
[01-Feb-2025 12:59:54 UTC] Totale mail inviate: 0
[01-Feb-2025 12:59:54 UTC] Totale errori: 1
[01-Feb-2025 13:10:00 UTC] Avvio lettura da MySQL sito web
[01-Feb-2025 13:10:03 UTC] Avvio lettura da LCCOMP0F
[01-Feb-2025 13:10:03 UTC] Salto indirizzo mail:ulrike-joos@enders-pro:indirizzo mail non valido
[01-Feb-2025 13:10:03 UTC] Totale mail inviate: 0
[01-Feb-2025 13:10:03 UTC] Totale errori: 1
[01-Feb-2025 13:20:08 UTC] Avvio lettura da MySQL sito web
[01-Feb-2025 13:20:10 UTC] Avvio lettura da LCCOMP0F
[01-Feb-2025 13:20:10 UTC] Salto indirizzo mail:ulrike-joos@enders-pro:indirizzo mail non valido
[01-Feb-2025 13:20:10 UTC] Totale mail inviate: 0
[01-Feb-2025 13:20:10 UTC] Totale errori: 1
[01-Feb-2025 13:30:16 UTC] Avvio lettura da MySQL sito web
[01-Feb-2025 13:30:18 UTC] Avvio lettura da LCCOMP0F
[01-Feb-2025 13:30:18 UTC] Salto indirizzo mail:ulrike-joos@enders-pro:indirizzo mail non valido
[01-Feb-2025 13:30:18 UTC] Totale mail inviate: 0
[01-Feb-2025 13:30:18 UTC] Totale errori: 1
[01-Feb-2025 13:40:24 UTC] Avvio lettura da MySQL sito web
[01-Feb-2025 13:40:26 UTC] Avvio lettura da LCCOMP0F
[01-Feb-2025 13:40:26 UTC] Salto indirizzo mail:ulrike-joos@enders-pro:indirizzo mail non valido
[01-Feb-2025 13:40:26 UTC] Totale mail inviate: 0
[01-Feb-2025 13:40:26 UTC] Totale errori: 1
[01-Feb-2025 13:50:31 UTC] Avvio lettura da MySQL sito web
[01-Feb-2025 13:50:33 UTC] Avvio lettura da LCCOMP0F
[01-Feb-2025 13:50:33 UTC] Salto indirizzo mail:ulrike-joos@enders-pro:indirizzo mail non valido
[01-Feb-2025 13:50:33 UTC] Totale mail inviate: 0
[01-Feb-2025 13:50:33 UTC] Totale errori: 1
[01-Feb-2025 14:00:38 UTC] Avvio lettura da MySQL sito web
[01-Feb-2025 14:00:41 UTC] Avvio lettura da LCCOMP0F
[01-Feb-2025 14:00:41 UTC] Salto indirizzo mail:ulrike-joos@enders-pro:indirizzo mail non valido
[01-Feb-2025 14:00:41 UTC] Totale mail inviate: 0
[01-Feb-2025 14:00:41 UTC] Totale errori: 1
[01-Feb-2025 14:10:46 UTC] Avvio lettura da MySQL sito web
[01-Feb-2025 14:10:48 UTC] Avvio lettura da LCCOMP0F
[01-Feb-2025 14:10:48 UTC] Salto indirizzo mail:ulrike-joos@enders-pro:indirizzo mail non valido
[01-Feb-2025 14:10:48 UTC] Totale mail inviate: 0
[01-Feb-2025 14:10:48 UTC] Totale errori: 1
[01-Feb-2025 14:20:53 UTC] Avvio lettura da MySQL sito web
[01-Feb-2025 14:20:55 UTC] Avvio lettura da LCCOMP0F
[01-Feb-2025 14:20:55 UTC] Salto indirizzo mail:ulrike-joos@enders-pro:indirizzo mail non valido
[01-Feb-2025 14:20:55 UTC] Totale mail inviate: 0
[01-Feb-2025 14:20:55 UTC] Totale errori: 1
[01-Feb-2025 14:31:00 UTC] Avvio lettura da MySQL sito web
[01-Feb-2025 14:31:02 UTC] Avvio lettura da LCCOMP0F
[01-Feb-2025 14:31:02 UTC] Salto indirizzo mail:ulrike-joos@enders-pro:indirizzo mail non valido
[01-Feb-2025 14:31:02 UTC] Totale mail inviate: 0
[01-Feb-2025 14:31:02 UTC] Totale errori: 1
[01-Feb-2025 14:41:07 UTC] Avvio lettura da MySQL sito web
[01-Feb-2025 14:41:09 UTC] Avvio lettura da LCCOMP0F
[01-Feb-2025 14:41:09 UTC] Salto indirizzo mail:ulrike-joos@enders-pro:indirizzo mail non valido
[01-Feb-2025 14:41:09 UTC] Totale mail inviate: 0
[01-Feb-2025 14:41:09 UTC] Totale errori: 1
[01-Feb-2025 14:51:14 UTC] Avvio lettura da MySQL sito web
[01-Feb-2025 14:51:16 UTC] Avvio lettura da LCCOMP0F
[01-Feb-2025 14:51:16 UTC] Salto indirizzo mail:ulrike-joos@enders-pro:indirizzo mail non valido
[01-Feb-2025 14:51:16 UTC] Totale mail inviate: 0
[01-Feb-2025 14:51:16 UTC] Totale errori: 1
[01-Feb-2025 15:01:21 UTC] Avvio lettura da MySQL sito web
[01-Feb-2025 15:01:23 UTC] Avvio lettura da LCCOMP0F
[01-Feb-2025 15:01:23 UTC] Salto indirizzo mail:ulrike-joos@enders-pro:indirizzo mail non valido
[01-Feb-2025 15:01:23 UTC] Totale mail inviate: 0
[01-Feb-2025 15:01:23 UTC] Totale errori: 1
[01-Feb-2025 15:11:27 UTC] Avvio lettura da MySQL sito web
[01-Feb-2025 15:11:29 UTC] Avvio lettura da LCCOMP0F
[01-Feb-2025 15:11:29 UTC] Salto indirizzo mail:ulrike-joos@enders-pro:indirizzo mail non valido
[01-Feb-2025 15:11:29 UTC] Totale mail inviate: 0
[01-Feb-2025 15:11:29 UTC] Totale errori: 1
[01-Feb-2025 15:21:34 UTC] Avvio lettura da MySQL sito web
[01-Feb-2025 15:21:36 UTC] Avvio lettura da LCCOMP0F
[01-Feb-2025 15:21:36 UTC] Salto indirizzo mail:ulrike-joos@enders-pro:indirizzo mail non valido
[01-Feb-2025 15:21:36 UTC] Totale mail inviate: 0
[01-Feb-2025 15:21:36 UTC] Totale errori: 1
[01-Feb-2025 15:31:40 UTC] Avvio lettura da MySQL sito web
[01-Feb-2025 15:31:42 UTC] Avvio lettura da LCCOMP0F
[01-Feb-2025 15:31:42 UTC] Salto indirizzo mail:ulrike-joos@enders-pro:indirizzo mail non valido
[01-Feb-2025 15:31:42 UTC] Totale mail inviate: 0
[01-Feb-2025 15:31:42 UTC] Totale errori: 1
[01-Feb-2025 15:41:47 UTC] Avvio lettura da MySQL sito web
[01-Feb-2025 15:41:49 UTC] Avvio lettura da LCCOMP0F
[01-Feb-2025 15:41:49 UTC] Salto indirizzo mail:ulrike-joos@enders-pro:indirizzo mail non valido
[01-Feb-2025 15:41:49 UTC] Totale mail inviate: 0
[01-Feb-2025 15:41:49 UTC] Totale errori: 1
[01-Feb-2025 15:51:53 UTC] Avvio lettura da MySQL sito web
[01-Feb-2025 15:51:56 UTC] Avvio lettura da LCCOMP0F
[01-Feb-2025 15:51:56 UTC] Salto indirizzo mail:ulrike-joos@enders-pro:indirizzo mail non valido
[01-Feb-2025 15:51:56 UTC] Totale mail inviate: 0
[01-Feb-2025 15:51:56 UTC] Totale errori: 1
[01-Feb-2025 16:02:01 UTC] Avvio lettura da MySQL sito web
[01-Feb-2025 16:02:03 UTC] Avvio lettura da LCCOMP0F
[01-Feb-2025 16:02:03 UTC] Salto indirizzo mail:ulrike-joos@enders-pro:indirizzo mail non valido
[01-Feb-2025 16:02:03 UTC] Totale mail inviate: 0
[01-Feb-2025 16:02:03 UTC] Totale errori: 1
[01-Feb-2025 16:12:08 UTC] Avvio lettura da MySQL sito web
[01-Feb-2025 16:12:10 UTC] Avvio lettura da LCCOMP0F
[01-Feb-2025 16:12:10 UTC] Salto indirizzo mail:ulrike-joos@enders-pro:indirizzo mail non valido
[01-Feb-2025 16:12:10 UTC] Totale mail inviate: 0
[01-Feb-2025 16:12:10 UTC] Totale errori: 1
[01-Feb-2025 16:22:15 UTC] Avvio lettura da MySQL sito web
[01-Feb-2025 16:22:17 UTC] Avvio lettura da LCCOMP0F
[01-Feb-2025 16:22:17 UTC] Salto indirizzo mail:ulrike-joos@enders-pro:indirizzo mail non valido
[01-Feb-2025 16:22:17 UTC] Totale mail inviate: 0
[01-Feb-2025 16:22:17 UTC] Totale errori: 1
[01-Feb-2025 16:32:21 UTC] Avvio lettura da MySQL sito web
[01-Feb-2025 16:32:23 UTC] Avvio lettura da LCCOMP0F
[01-Feb-2025 16:32:23 UTC] Salto indirizzo mail:ulrike-joos@enders-pro:indirizzo mail non valido
[01-Feb-2025 16:32:23 UTC] Totale mail inviate: 0
[01-Feb-2025 16:32:23 UTC] Totale errori: 1
[01-Feb-2025 16:42:28 UTC] Avvio lettura da MySQL sito web
[01-Feb-2025 16:42:30 UTC] Avvio lettura da LCCOMP0F
[01-Feb-2025 16:42:30 UTC] Salto indirizzo mail:ulrike-joos@enders-pro:indirizzo mail non valido
[01-Feb-2025 16:42:30 UTC] Totale mail inviate: 0
[01-Feb-2025 16:42:30 UTC] Totale errori: 1
[01-Feb-2025 16:52:35 UTC] Avvio lettura da MySQL sito web
[01-Feb-2025 16:52:37 UTC] Avvio lettura da LCCOMP0F
[01-Feb-2025 16:52:37 UTC] Salto indirizzo mail:ulrike-joos@enders-pro:indirizzo mail non valido
[01-Feb-2025 16:52:37 UTC] Totale mail inviate: 0
[01-Feb-2025 16:52:37 UTC] Totale errori: 1
[01-Feb-2025 17:02:41 UTC] Avvio lettura da MySQL sito web
[01-Feb-2025 17:02:44 UTC] Avvio lettura da LCCOMP0F
[01-Feb-2025 17:02:44 UTC] Salto indirizzo mail:ulrike-joos@enders-pro:indirizzo mail non valido
[01-Feb-2025 17:02:44 UTC] Totale mail inviate: 0
[01-Feb-2025 17:02:44 UTC] Totale errori: 1
[01-Feb-2025 17:12:48 UTC] Avvio lettura da MySQL sito web
[01-Feb-2025 17:12:49 UTC] Avvio lettura da LCCOMP0F
[01-Feb-2025 17:12:49 UTC] Salto indirizzo mail:ulrike-joos@enders-pro:indirizzo mail non valido
[01-Feb-2025 17:12:49 UTC] Totale mail inviate: 0
[01-Feb-2025 17:12:49 UTC] Totale errori: 1
[01-Feb-2025 17:22:54 UTC] Avvio lettura da MySQL sito web
[01-Feb-2025 17:22:56 UTC] Avvio lettura da LCCOMP0F
[01-Feb-2025 17:22:56 UTC] Salto indirizzo mail:ulrike-joos@enders-pro:indirizzo mail non valido
[01-Feb-2025 17:22:56 UTC] Totale mail inviate: 0
[01-Feb-2025 17:22:56 UTC] Totale errori: 1
[01-Feb-2025 17:33:00 UTC] Avvio lettura da MySQL sito web
[01-Feb-2025 17:33:01 UTC] Avvio lettura da LCCOMP0F
[01-Feb-2025 17:33:01 UTC] Salto indirizzo mail:ulrike-joos@enders-pro:indirizzo mail non valido
[01-Feb-2025 17:33:01 UTC] Totale mail inviate: 0
[01-Feb-2025 17:33:01 UTC] Totale errori: 1
[01-Feb-2025 17:43:05 UTC] Avvio lettura da MySQL sito web
[01-Feb-2025 17:43:07 UTC] Avvio lettura da LCCOMP0F
[01-Feb-2025 17:43:07 UTC] Salto indirizzo mail:ulrike-joos@enders-pro:indirizzo mail non valido
[01-Feb-2025 17:43:07 UTC] Totale mail inviate: 0
[01-Feb-2025 17:43:07 UTC] Totale errori: 1
[01-Feb-2025 17:53:12 UTC] Avvio lettura da MySQL sito web
[01-Feb-2025 17:53:14 UTC] Avvio lettura da LCCOMP0F
[01-Feb-2025 17:53:14 UTC] Salto indirizzo mail:ulrike-joos@enders-pro:indirizzo mail non valido
[01-Feb-2025 17:53:14 UTC] Totale mail inviate: 0
[01-Feb-2025 17:53:14 UTC] Totale errori: 1
[01-Feb-2025 18:03:19 UTC] Avvio lettura da MySQL sito web
[01-Feb-2025 18:03:21 UTC] Avvio lettura da LCCOMP0F
[01-Feb-2025 18:03:21 UTC] Salto indirizzo mail:ulrike-joos@enders-pro:indirizzo mail non valido
[01-Feb-2025 18:03:21 UTC] Totale mail inviate: 0
[01-Feb-2025 18:03:21 UTC] Totale errori: 1
[01-Feb-2025 18:13:25 UTC] Avvio lettura da MySQL sito web
[01-Feb-2025 18:13:27 UTC] Avvio lettura da LCCOMP0F
[01-Feb-2025 18:13:27 UTC] Salto indirizzo mail:ulrike-joos@enders-pro:indirizzo mail non valido
[01-Feb-2025 18:13:27 UTC] Totale mail inviate: 0
[01-Feb-2025 18:13:27 UTC] Totale errori: 1
[01-Feb-2025 18:23:32 UTC] Avvio lettura da MySQL sito web
[01-Feb-2025 18:23:34 UTC] Avvio lettura da LCCOMP0F
[01-Feb-2025 18:23:34 UTC] Salto indirizzo mail:ulrike-joos@enders-pro:indirizzo mail non valido
[01-Feb-2025 18:23:34 UTC] Totale mail inviate: 0
[01-Feb-2025 18:23:34 UTC] Totale errori: 1
[01-Feb-2025 18:33:39 UTC] Avvio lettura da MySQL sito web
[01-Feb-2025 18:33:42 UTC] Avvio lettura da LCCOMP0F
[01-Feb-2025 18:33:42 UTC] Salto indirizzo mail:ulrike-joos@enders-pro:indirizzo mail non valido
[01-Feb-2025 18:33:42 UTC] Totale mail inviate: 0
[01-Feb-2025 18:33:42 UTC] Totale errori: 1
[01-Feb-2025 18:43:46 UTC] Avvio lettura da MySQL sito web
[01-Feb-2025 18:43:47 UTC] Avvio lettura da LCCOMP0F
[01-Feb-2025 18:43:47 UTC] Salto indirizzo mail:ulrike-joos@enders-pro:indirizzo mail non valido
[01-Feb-2025 18:43:47 UTC] Totale mail inviate: 0
[01-Feb-2025 18:43:47 UTC] Totale errori: 1
[01-Feb-2025 18:53:51 UTC] Avvio lettura da MySQL sito web
[01-Feb-2025 18:53:53 UTC] Avvio lettura da LCCOMP0F
[01-Feb-2025 18:53:53 UTC] Salto indirizzo mail:ulrike-joos@enders-pro:indirizzo mail non valido
[01-Feb-2025 18:53:53 UTC] Totale mail inviate: 0
[01-Feb-2025 18:53:53 UTC] Totale errori: 1
[01-Feb-2025 19:03:58 UTC] Avvio lettura da MySQL sito web
[01-Feb-2025 19:04:00 UTC] Avvio lettura da LCCOMP0F
[01-Feb-2025 19:04:00 UTC] Salto indirizzo mail:ulrike-joos@enders-pro:indirizzo mail non valido
[01-Feb-2025 19:04:00 UTC] Totale mail inviate: 0
[01-Feb-2025 19:04:00 UTC] Totale errori: 1
[01-Feb-2025 19:14:05 UTC] Avvio lettura da MySQL sito web
[01-Feb-2025 19:14:07 UTC] Avvio lettura da LCCOMP0F
[01-Feb-2025 19:14:07 UTC] Salto indirizzo mail:ulrike-joos@enders-pro:indirizzo mail non valido
[01-Feb-2025 19:14:07 UTC] Totale mail inviate: 0
[01-Feb-2025 19:14:07 UTC] Totale errori: 1
[01-Feb-2025 19:24:11 UTC] Avvio lettura da MySQL sito web
[01-Feb-2025 19:24:13 UTC] Avvio lettura da LCCOMP0F
[01-Feb-2025 19:24:13 UTC] Salto indirizzo mail:ulrike-joos@enders-pro:indirizzo mail non valido
[01-Feb-2025 19:24:13 UTC] Totale mail inviate: 0
[01-Feb-2025 19:24:13 UTC] Totale errori: 1
[01-Feb-2025 19:34:18 UTC] Avvio lettura da MySQL sito web
[01-Feb-2025 19:34:20 UTC] Avvio lettura da LCCOMP0F
[01-Feb-2025 19:34:20 UTC] Salto indirizzo mail:ulrike-joos@enders-pro:indirizzo mail non valido
[01-Feb-2025 19:34:20 UTC] Totale mail inviate: 0
[01-Feb-2025 19:34:20 UTC] Totale errori: 1
[01-Feb-2025 19:44:25 UTC] Avvio lettura da MySQL sito web
[01-Feb-2025 19:44:27 UTC] Avvio lettura da LCCOMP0F
[01-Feb-2025 19:44:27 UTC] Salto indirizzo mail:ulrike-joos@enders-pro:indirizzo mail non valido
[01-Feb-2025 19:44:27 UTC] Totale mail inviate: 0
[01-Feb-2025 19:44:27 UTC] Totale errori: 1
[01-Feb-2025 19:54:34 UTC] Avvio lettura da MySQL sito web
[01-Feb-2025 19:54:36 UTC] Avvio lettura da LCCOMP0F
[01-Feb-2025 19:54:36 UTC] Salto indirizzo mail:ulrike-joos@enders-pro:indirizzo mail non valido
[01-Feb-2025 19:54:36 UTC] Totale mail inviate: 0
[01-Feb-2025 19:54:36 UTC] Totale errori: 1
[01-Feb-2025 20:04:41 UTC] Avvio lettura da MySQL sito web
[01-Feb-2025 20:04:43 UTC] Avvio lettura da LCCOMP0F
[01-Feb-2025 20:04:43 UTC] Salto indirizzo mail:ulrike-joos@enders-pro:indirizzo mail non valido
[01-Feb-2025 20:04:43 UTC] Totale mail inviate: 0
[01-Feb-2025 20:04:43 UTC] Totale errori: 1
[01-Feb-2025 20:14:48 UTC] Avvio lettura da MySQL sito web
[01-Feb-2025 20:14:50 UTC] Avvio lettura da LCCOMP0F
[01-Feb-2025 20:14:50 UTC] Salto indirizzo mail:ulrike-joos@enders-pro:indirizzo mail non valido
[01-Feb-2025 20:14:50 UTC] Totale mail inviate: 0
[01-Feb-2025 20:14:50 UTC] Totale errori: 1
[01-Feb-2025 20:24:54 UTC] Avvio lettura da MySQL sito web
[01-Feb-2025 20:24:56 UTC] Avvio lettura da LCCOMP0F
[01-Feb-2025 20:24:56 UTC] Salto indirizzo mail:ulrike-joos@enders-pro:indirizzo mail non valido
[01-Feb-2025 20:24:56 UTC] Totale mail inviate: 0
[01-Feb-2025 20:24:56 UTC] Totale errori: 1
[01-Feb-2025 20:35:01 UTC] Avvio lettura da MySQL sito web
[01-Feb-2025 20:35:03 UTC] Invio mail a:claudia.alongi@libero.it da beatrice.barcella@rgpballs.com
[01-Feb-2025 20:35:09 UTC] Mail inviata a claudia.alongi@libero.it
[01-Feb-2025 20:35:10 UTC] Avvio lettura da LCCOMP0F
[01-Feb-2025 20:35:10 UTC] Salto indirizzo mail:ulrike-joos@enders-pro:indirizzo mail non valido
[01-Feb-2025 20:35:10 UTC] Totale mail inviate: 1
[01-Feb-2025 20:35:10 UTC] Totale errori: 1
[01-Feb-2025 20:45:15 UTC] Avvio lettura da MySQL sito web
[01-Feb-2025 20:45:17 UTC] Avvio lettura da LCCOMP0F
[01-Feb-2025 20:45:17 UTC] Salto indirizzo mail:ulrike-joos@enders-pro:indirizzo mail non valido
[01-Feb-2025 20:45:17 UTC] Totale mail inviate: 0
[01-Feb-2025 20:45:17 UTC] Totale errori: 1
[01-Feb-2025 20:55:22 UTC] Avvio lettura da MySQL sito web
[01-Feb-2025 20:55:24 UTC] Avvio lettura da LCCOMP0F
[01-Feb-2025 20:55:24 UTC] Salto indirizzo mail:ulrike-joos@enders-pro:indirizzo mail non valido
[01-Feb-2025 20:55:24 UTC] Totale mail inviate: 0
[01-Feb-2025 20:55:24 UTC] Totale errori: 1
[01-Feb-2025 21:05:29 UTC] Avvio lettura da MySQL sito web
[01-Feb-2025 21:05:32 UTC] Avvio lettura da LCCOMP0F
[01-Feb-2025 21:05:32 UTC] Salto indirizzo mail:ulrike-joos@enders-pro:indirizzo mail non valido
[01-Feb-2025 21:05:32 UTC] Totale mail inviate: 0
[01-Feb-2025 21:05:32 UTC] Totale errori: 1
[01-Feb-2025 21:15:37 UTC] Avvio lettura da MySQL sito web
[01-Feb-2025 21:15:40 UTC] Avvio lettura da LCCOMP0F
[01-Feb-2025 21:15:40 UTC] Salto indirizzo mail:ulrike-joos@enders-pro:indirizzo mail non valido
[01-Feb-2025 21:15:40 UTC] Totale mail inviate: 0
[01-Feb-2025 21:15:40 UTC] Totale errori: 1
[01-Feb-2025 21:25:44 UTC] Avvio lettura da MySQL sito web
[01-Feb-2025 21:25:46 UTC] Avvio lettura da LCCOMP0F
[01-Feb-2025 21:25:46 UTC] Salto indirizzo mail:ulrike-joos@enders-pro:indirizzo mail non valido
[01-Feb-2025 21:25:46 UTC] Totale mail inviate: 0
[01-Feb-2025 21:25:46 UTC] Totale errori: 1
[01-Feb-2025 21:35:51 UTC] Avvio lettura da MySQL sito web
[01-Feb-2025 21:35:53 UTC] Avvio lettura da LCCOMP0F
[01-Feb-2025 21:35:53 UTC] Salto indirizzo mail:ulrike-joos@enders-pro:indirizzo mail non valido
[01-Feb-2025 21:35:53 UTC] Totale mail inviate: 0
[01-Feb-2025 21:35:53 UTC] Totale errori: 1
[01-Feb-2025 21:45:58 UTC] Avvio lettura da MySQL sito web
[01-Feb-2025 21:46:00 UTC] Avvio lettura da LCCOMP0F
[01-Feb-2025 21:46:00 UTC] Salto indirizzo mail:ulrike-joos@enders-pro:indirizzo mail non valido
[01-Feb-2025 21:46:00 UTC] Totale mail inviate: 0
[01-Feb-2025 21:46:00 UTC] Totale errori: 1
[01-Feb-2025 21:56:05 UTC] Avvio lettura da MySQL sito web
[01-Feb-2025 21:56:07 UTC] Avvio lettura da LCCOMP0F
[01-Feb-2025 21:56:07 UTC] Salto indirizzo mail:ulrike-joos@enders-pro:indirizzo mail non valido
[01-Feb-2025 21:56:07 UTC] Totale mail inviate: 0
[01-Feb-2025 21:56:07 UTC] Totale errori: 1
[01-Feb-2025 22:06:11 UTC] Avvio lettura da MySQL sito web
[01-Feb-2025 22:06:13 UTC] Avvio lettura da LCCOMP0F
[01-Feb-2025 22:06:13 UTC] Salto indirizzo mail:ulrike-joos@enders-pro:indirizzo mail non valido
[01-Feb-2025 22:06:13 UTC] Totale mail inviate: 0
[01-Feb-2025 22:06:13 UTC] Totale errori: 1
[01-Feb-2025 22:16:17 UTC] Avvio lettura da MySQL sito web
[01-Feb-2025 22:16:19 UTC] Avvio lettura da LCCOMP0F
[01-Feb-2025 22:16:19 UTC] Salto indirizzo mail:ulrike-joos@enders-pro:indirizzo mail non valido
[01-Feb-2025 22:16:19 UTC] Totale mail inviate: 0
[01-Feb-2025 22:16:19 UTC] Totale errori: 1
[01-Feb-2025 22:26:25 UTC] Avvio lettura da MySQL sito web
[01-Feb-2025 22:26:27 UTC] Avvio lettura da LCCOMP0F
[01-Feb-2025 22:26:27 UTC] Salto indirizzo mail:ulrike-joos@enders-pro:indirizzo mail non valido
[01-Feb-2025 22:26:27 UTC] Totale mail inviate: 0
[01-Feb-2025 22:26:27 UTC] Totale errori: 1
[01-Feb-2025 22:36:31 UTC] Avvio lettura da MySQL sito web
[01-Feb-2025 22:36:34 UTC] Avvio lettura da LCCOMP0F
[01-Feb-2025 22:36:34 UTC] Salto indirizzo mail:ulrike-joos@enders-pro:indirizzo mail non valido
[01-Feb-2025 22:36:34 UTC] Totale mail inviate: 0
[01-Feb-2025 22:36:34 UTC] Totale errori: 1
[01-Feb-2025 22:46:40 UTC] Avvio lettura da MySQL sito web
[01-Feb-2025 22:46:42 UTC] Avvio lettura da LCCOMP0F
[01-Feb-2025 22:46:42 UTC] Salto indirizzo mail:ulrike-joos@enders-pro:indirizzo mail non valido
[01-Feb-2025 22:46:42 UTC] Totale mail inviate: 0
[01-Feb-2025 22:46:42 UTC] Totale errori: 1
[01-Feb-2025 22:56:49 UTC] Avvio lettura da MySQL sito web
[01-Feb-2025 22:56:51 UTC] Avvio lettura da LCCOMP0F
[01-Feb-2025 22:56:51 UTC] Salto indirizzo mail:ulrike-joos@enders-pro:indirizzo mail non valido
[01-Feb-2025 22:56:51 UTC] Totale mail inviate: 0
[01-Feb-2025 22:56:51 UTC] Totale errori: 1
[02-Feb-2025 04:53:35 UTC] Avvio lettura da MySQL sito web
[02-Feb-2025 04:53:40 UTC] Invio mail a:camillouguth@gmail.com da viktoriia.gorzova@rgpballs.com
[02-Feb-2025 04:53:45 UTC] Mail inviata a camillouguth@gmail.com
[02-Feb-2025 04:53:46 UTC] Avvio lettura da LCCOMP0F
[02-Feb-2025 04:53:47 UTC] Salto indirizzo mail:ulrike-joos@enders-pro:indirizzo mail non valido
[02-Feb-2025 04:53:47 UTC] Totale mail inviate: 1
[02-Feb-2025 04:53:47 UTC] Totale errori: 1
[02-Feb-2025 05:03:52 UTC] Avvio lettura da MySQL sito web
[02-Feb-2025 05:03:54 UTC] Avvio lettura da LCCOMP0F
[02-Feb-2025 05:03:54 UTC] Salto indirizzo mail:ulrike-joos@enders-pro:indirizzo mail non valido
[02-Feb-2025 05:03:54 UTC] Totale mail inviate: 0
[02-Feb-2025 05:03:54 UTC] Totale errori: 1
[02-Feb-2025 05:13:58 UTC] Avvio lettura da MySQL sito web
[02-Feb-2025 05:14:00 UTC] Avvio lettura da LCCOMP0F
[02-Feb-2025 05:14:00 UTC] Salto indirizzo mail:ulrike-joos@enders-pro:indirizzo mail non valido
[02-Feb-2025 05:14:00 UTC] Totale mail inviate: 0
[02-Feb-2025 05:14:00 UTC] Totale errori: 1
[02-Feb-2025 05:24:05 UTC] Avvio lettura da MySQL sito web
[02-Feb-2025 05:24:07 UTC] Avvio lettura da LCCOMP0F
[02-Feb-2025 05:24:07 UTC] Salto indirizzo mail:ulrike-joos@enders-pro:indirizzo mail non valido
[02-Feb-2025 05:24:07 UTC] Totale mail inviate: 0
[02-Feb-2025 05:24:07 UTC] Totale errori: 1
[02-Feb-2025 05:34:12 UTC] Avvio lettura da MySQL sito web
[02-Feb-2025 05:34:14 UTC] Avvio lettura da LCCOMP0F
[02-Feb-2025 05:34:14 UTC] Salto indirizzo mail:ulrike-joos@enders-pro:indirizzo mail non valido
[02-Feb-2025 05:34:14 UTC] Totale mail inviate: 0
[02-Feb-2025 05:34:14 UTC] Totale errori: 1
[02-Feb-2025 05:44:19 UTC] Avvio lettura da MySQL sito web
[02-Feb-2025 05:44:21 UTC] Avvio lettura da LCCOMP0F
[02-Feb-2025 05:44:21 UTC] Salto indirizzo mail:ulrike-joos@enders-pro:indirizzo mail non valido
[02-Feb-2025 05:44:21 UTC] Totale mail inviate: 0
[02-Feb-2025 05:44:21 UTC] Totale errori: 1
[02-Feb-2025 05:54:25 UTC] Avvio lettura da MySQL sito web
[02-Feb-2025 05:54:27 UTC] Avvio lettura da LCCOMP0F
[02-Feb-2025 05:54:27 UTC] Salto indirizzo mail:ulrike-joos@enders-pro:indirizzo mail non valido
[02-Feb-2025 05:54:27 UTC] Totale mail inviate: 0
[02-Feb-2025 05:54:27 UTC] Totale errori: 1
[02-Feb-2025 06:04:34 UTC] Avvio lettura da MySQL sito web
[02-Feb-2025 06:04:36 UTC] Avvio lettura da LCCOMP0F
[02-Feb-2025 06:04:36 UTC] Salto indirizzo mail:ulrike-joos@enders-pro:indirizzo mail non valido
[02-Feb-2025 06:04:36 UTC] Totale mail inviate: 0
[02-Feb-2025 06:04:36 UTC] Totale errori: 1
[02-Feb-2025 06:14:41 UTC] Avvio lettura da MySQL sito web
[02-Feb-2025 06:14:43 UTC] Avvio lettura da LCCOMP0F
[02-Feb-2025 06:14:43 UTC] Salto indirizzo mail:ulrike-joos@enders-pro:indirizzo mail non valido
[02-Feb-2025 06:14:43 UTC] Totale mail inviate: 0
[02-Feb-2025 06:14:43 UTC] Totale errori: 1
[02-Feb-2025 06:24:47 UTC] Avvio lettura da MySQL sito web
[02-Feb-2025 06:24:50 UTC] Avvio lettura da LCCOMP0F
[02-Feb-2025 06:24:50 UTC] Salto indirizzo mail:ulrike-joos@enders-pro:indirizzo mail non valido
[02-Feb-2025 06:24:50 UTC] Totale mail inviate: 0
[02-Feb-2025 06:24:50 UTC] Totale errori: 1
[02-Feb-2025 06:34:55 UTC] Avvio lettura da MySQL sito web
[02-Feb-2025 06:34:57 UTC] Avvio lettura da LCCOMP0F
[02-Feb-2025 06:34:57 UTC] Salto indirizzo mail:ulrike-joos@enders-pro:indirizzo mail non valido
[02-Feb-2025 06:34:57 UTC] Totale mail inviate: 0
[02-Feb-2025 06:34:57 UTC] Totale errori: 1
[02-Feb-2025 06:45:02 UTC] Avvio lettura da MySQL sito web
[02-Feb-2025 06:45:04 UTC] Avvio lettura da LCCOMP0F
[02-Feb-2025 06:45:04 UTC] Salto indirizzo mail:ulrike-joos@enders-pro:indirizzo mail non valido
[02-Feb-2025 06:45:04 UTC] Totale mail inviate: 0
[02-Feb-2025 06:45:04 UTC] Totale errori: 1
[02-Feb-2025 06:55:09 UTC] Avvio lettura da MySQL sito web
[02-Feb-2025 06:55:11 UTC] Avvio lettura da LCCOMP0F
[02-Feb-2025 06:55:11 UTC] Salto indirizzo mail:ulrike-joos@enders-pro:indirizzo mail non valido
[02-Feb-2025 06:55:11 UTC] Totale mail inviate: 0
[02-Feb-2025 06:55:11 UTC] Totale errori: 1
[02-Feb-2025 07:05:16 UTC] Avvio lettura da MySQL sito web
[02-Feb-2025 07:05:18 UTC] Avvio lettura da LCCOMP0F
[02-Feb-2025 07:05:18 UTC] Salto indirizzo mail:ulrike-joos@enders-pro:indirizzo mail non valido
[02-Feb-2025 07:05:18 UTC] Totale mail inviate: 0
[02-Feb-2025 07:05:18 UTC] Totale errori: 1
[02-Feb-2025 07:15:23 UTC] Avvio lettura da MySQL sito web
[02-Feb-2025 07:15:25 UTC] Avvio lettura da LCCOMP0F
[02-Feb-2025 07:15:25 UTC] Salto indirizzo mail:ulrike-joos@enders-pro:indirizzo mail non valido
[02-Feb-2025 07:15:25 UTC] Totale mail inviate: 0
[02-Feb-2025 07:15:25 UTC] Totale errori: 1
[02-Feb-2025 07:25:29 UTC] Avvio lettura da MySQL sito web
[02-Feb-2025 07:25:31 UTC] Avvio lettura da LCCOMP0F
[02-Feb-2025 07:25:31 UTC] Salto indirizzo mail:ulrike-joos@enders-pro:indirizzo mail non valido
[02-Feb-2025 07:25:31 UTC] Totale mail inviate: 0
[02-Feb-2025 07:25:31 UTC] Totale errori: 1
[02-Feb-2025 07:35:36 UTC] Avvio lettura da MySQL sito web
[02-Feb-2025 07:35:39 UTC] Avvio lettura da LCCOMP0F
[02-Feb-2025 07:35:39 UTC] Salto indirizzo mail:ulrike-joos@enders-pro:indirizzo mail non valido
[02-Feb-2025 07:35:39 UTC] Totale mail inviate: 0
[02-Feb-2025 07:35:39 UTC] Totale errori: 1
[02-Feb-2025 07:55:45 UTC] Avvio lettura da MySQL sito web
[02-Feb-2025 07:55:46 UTC] Avvio lettura da LCCOMP0F
[02-Feb-2025 07:55:46 UTC] Salto indirizzo mail:ulrike-joos@enders-pro:indirizzo mail non valido
[02-Feb-2025 07:55:46 UTC] Totale mail inviate: 0
[02-Feb-2025 07:55:46 UTC] Totale errori: 1
[02-Feb-2025 08:15:52 UTC] Avvio lettura da MySQL sito web
[02-Feb-2025 08:15:54 UTC] Avvio lettura da LCCOMP0F
[02-Feb-2025 08:15:54 UTC] Salto indirizzo mail:ulrike-joos@enders-pro:indirizzo mail non valido
[02-Feb-2025 08:15:54 UTC] Totale mail inviate: 0
[02-Feb-2025 08:15:54 UTC] Totale errori: 1
[02-Feb-2025 08:25:58 UTC] Avvio lettura da MySQL sito web
[02-Feb-2025 08:26:00 UTC] Avvio lettura da LCCOMP0F
[02-Feb-2025 08:26:00 UTC] Salto indirizzo mail:ulrike-joos@enders-pro:indirizzo mail non valido
[02-Feb-2025 08:26:00 UTC] Totale mail inviate: 0
[02-Feb-2025 08:26:00 UTC] Totale errori: 1
[02-Feb-2025 08:36:04 UTC] Avvio lettura da MySQL sito web
[02-Feb-2025 08:36:06 UTC] Avvio lettura da LCCOMP0F
[02-Feb-2025 08:36:06 UTC] Salto indirizzo mail:ulrike-joos@enders-pro:indirizzo mail non valido
[02-Feb-2025 08:36:06 UTC] Totale mail inviate: 0
[02-Feb-2025 08:36:06 UTC] Totale errori: 1
[02-Feb-2025 08:46:11 UTC] Avvio lettura da MySQL sito web
[02-Feb-2025 08:46:13 UTC] Avvio lettura da LCCOMP0F
[02-Feb-2025 08:46:13 UTC] Salto indirizzo mail:ulrike-joos@enders-pro:indirizzo mail non valido
[02-Feb-2025 08:46:13 UTC] Totale mail inviate: 0
[02-Feb-2025 08:46:13 UTC] Totale errori: 1
[02-Feb-2025 08:56:19 UTC] Avvio lettura da MySQL sito web
[02-Feb-2025 08:56:22 UTC] Avvio lettura da LCCOMP0F
[02-Feb-2025 08:56:22 UTC] Salto indirizzo mail:ulrike-joos@enders-pro:indirizzo mail non valido
[02-Feb-2025 08:56:22 UTC] Totale mail inviate: 0
[02-Feb-2025 08:56:22 UTC] Totale errori: 1
[02-Feb-2025 09:06:27 UTC] Avvio lettura da MySQL sito web
[02-Feb-2025 09:06:29 UTC] Avvio lettura da LCCOMP0F
[02-Feb-2025 09:06:29 UTC] Salto indirizzo mail:ulrike-joos@enders-pro:indirizzo mail non valido
[02-Feb-2025 09:06:29 UTC] Totale mail inviate: 0
[02-Feb-2025 09:06:29 UTC] Totale errori: 1
[02-Feb-2025 09:16:34 UTC] Avvio lettura da MySQL sito web
[02-Feb-2025 09:16:36 UTC] Avvio lettura da LCCOMP0F
[02-Feb-2025 09:16:36 UTC] Salto indirizzo mail:ulrike-joos@enders-pro:indirizzo mail non valido
[02-Feb-2025 09:16:36 UTC] Totale mail inviate: 0
[02-Feb-2025 09:16:36 UTC] Totale errori: 1
[02-Feb-2025 09:26:40 UTC] Avvio lettura da MySQL sito web
[02-Feb-2025 09:26:42 UTC] Avvio lettura da LCCOMP0F
[02-Feb-2025 09:26:42 UTC] Salto indirizzo mail:ulrike-joos@enders-pro:indirizzo mail non valido
[02-Feb-2025 09:26:42 UTC] Totale mail inviate: 0
[02-Feb-2025 09:26:42 UTC] Totale errori: 1
[02-Feb-2025 09:36:46 UTC] Avvio lettura da MySQL sito web
[02-Feb-2025 09:36:48 UTC] Avvio lettura da LCCOMP0F
[02-Feb-2025 09:36:48 UTC] Salto indirizzo mail:ulrike-joos@enders-pro:indirizzo mail non valido
[02-Feb-2025 09:36:48 UTC] Totale mail inviate: 0
[02-Feb-2025 09:36:48 UTC] Totale errori: 1
[02-Feb-2025 09:46:52 UTC] Avvio lettura da MySQL sito web
[02-Feb-2025 09:46:54 UTC] Avvio lettura da LCCOMP0F
[02-Feb-2025 09:46:54 UTC] Salto indirizzo mail:ulrike-joos@enders-pro:indirizzo mail non valido
[02-Feb-2025 09:46:54 UTC] Totale mail inviate: 0
[02-Feb-2025 09:46:54 UTC] Totale errori: 1
[02-Feb-2025 09:56:58 UTC] Avvio lettura da MySQL sito web
[02-Feb-2025 09:56:59 UTC] Avvio lettura da LCCOMP0F
[02-Feb-2025 09:56:59 UTC] Salto indirizzo mail:ulrike-joos@enders-pro:indirizzo mail non valido
[02-Feb-2025 09:56:59 UTC] Totale mail inviate: 0
[02-Feb-2025 09:56:59 UTC] Totale errori: 1
[02-Feb-2025 10:07:05 UTC] Avvio lettura da MySQL sito web
[02-Feb-2025 10:07:07 UTC] Avvio lettura da LCCOMP0F
[02-Feb-2025 10:07:07 UTC] Salto indirizzo mail:ulrike-joos@enders-pro:indirizzo mail non valido
[02-Feb-2025 10:07:07 UTC] Totale mail inviate: 0
[02-Feb-2025 10:07:07 UTC] Totale errori: 1
[02-Feb-2025 10:17:14 UTC] Avvio lettura da MySQL sito web
[02-Feb-2025 10:17:17 UTC] Avvio lettura da LCCOMP0F
[02-Feb-2025 10:17:17 UTC] Salto indirizzo mail:ulrike-joos@enders-pro:indirizzo mail non valido
[02-Feb-2025 10:17:17 UTC] Totale mail inviate: 0
[02-Feb-2025 10:17:17 UTC] Totale errori: 1
[02-Feb-2025 10:27:23 UTC] Avvio lettura da MySQL sito web
[02-Feb-2025 10:27:25 UTC] Avvio lettura da LCCOMP0F
[02-Feb-2025 10:27:25 UTC] Salto indirizzo mail:ulrike-joos@enders-pro:indirizzo mail non valido
[02-Feb-2025 10:27:25 UTC] Totale mail inviate: 0
[02-Feb-2025 10:27:25 UTC] Totale errori: 1
[02-Feb-2025 10:37:31 UTC] Avvio lettura da MySQL sito web
[02-Feb-2025 10:37:33 UTC] Avvio lettura da LCCOMP0F
[02-Feb-2025 10:37:33 UTC] Salto indirizzo mail:ulrike-joos@enders-pro:indirizzo mail non valido
[02-Feb-2025 10:37:33 UTC] Totale mail inviate: 0
[02-Feb-2025 10:37:33 UTC] Totale errori: 1
[02-Feb-2025 10:47:40 UTC] Avvio lettura da MySQL sito web
[02-Feb-2025 10:47:42 UTC] Avvio lettura da LCCOMP0F
[02-Feb-2025 10:47:42 UTC] Salto indirizzo mail:ulrike-joos@enders-pro:indirizzo mail non valido
[02-Feb-2025 10:47:42 UTC] Totale mail inviate: 0
[02-Feb-2025 10:47:42 UTC] Totale errori: 1
[02-Feb-2025 10:57:47 UTC] Avvio lettura da MySQL sito web
[02-Feb-2025 10:57:49 UTC] Avvio lettura da LCCOMP0F
[02-Feb-2025 10:57:49 UTC] Salto indirizzo mail:ulrike-joos@enders-pro:indirizzo mail non valido
[02-Feb-2025 10:57:49 UTC] Totale mail inviate: 0
[02-Feb-2025 10:57:49 UTC] Totale errori: 1
[02-Feb-2025 11:07:56 UTC] Avvio lettura da MySQL sito web
[02-Feb-2025 11:07:58 UTC] Avvio lettura da LCCOMP0F
[02-Feb-2025 11:07:59 UTC] Salto indirizzo mail:ulrike-joos@enders-pro:indirizzo mail non valido
[02-Feb-2025 11:07:59 UTC] Totale mail inviate: 0
[02-Feb-2025 11:07:59 UTC] Totale errori: 1
[02-Feb-2025 11:18:05 UTC] Avvio lettura da MySQL sito web
[02-Feb-2025 11:18:07 UTC] Avvio lettura da LCCOMP0F
[02-Feb-2025 11:18:07 UTC] Salto indirizzo mail:ulrike-joos@enders-pro:indirizzo mail non valido
[02-Feb-2025 11:18:07 UTC] Totale mail inviate: 0
[02-Feb-2025 11:18:07 UTC] Totale errori: 1
[02-Feb-2025 11:28:13 UTC] Avvio lettura da MySQL sito web
[02-Feb-2025 11:28:15 UTC] Avvio lettura da LCCOMP0F
[02-Feb-2025 11:28:15 UTC] Salto indirizzo mail:ulrike-joos@enders-pro:indirizzo mail non valido
[02-Feb-2025 11:28:15 UTC] Totale mail inviate: 0
[02-Feb-2025 11:28:15 UTC] Totale errori: 1
[02-Feb-2025 11:38:21 UTC] Avvio lettura da MySQL sito web
[02-Feb-2025 11:38:24 UTC] Avvio lettura da LCCOMP0F
[02-Feb-2025 11:38:24 UTC] Salto indirizzo mail:ulrike-joos@enders-pro:indirizzo mail non valido
[02-Feb-2025 11:38:24 UTC] Totale mail inviate: 0
[02-Feb-2025 11:38:24 UTC] Totale errori: 1
[02-Feb-2025 11:48:30 UTC] Avvio lettura da MySQL sito web
[02-Feb-2025 11:48:33 UTC] Avvio lettura da LCCOMP0F
[02-Feb-2025 11:48:33 UTC] Salto indirizzo mail:ulrike-joos@enders-pro:indirizzo mail non valido
[02-Feb-2025 11:48:33 UTC] Totale mail inviate: 0
[02-Feb-2025 11:48:33 UTC] Totale errori: 1
[02-Feb-2025 11:58:39 UTC] Avvio lettura da MySQL sito web
[02-Feb-2025 11:58:41 UTC] Avvio lettura da LCCOMP0F
[02-Feb-2025 11:58:41 UTC] Salto indirizzo mail:ulrike-joos@enders-pro:indirizzo mail non valido
[02-Feb-2025 11:58:41 UTC] Totale mail inviate: 0
[02-Feb-2025 11:58:41 UTC] Totale errori: 1
[02-Feb-2025 12:08:48 UTC] Avvio lettura da MySQL sito web
[02-Feb-2025 12:08:50 UTC] Avvio lettura da LCCOMP0F
[02-Feb-2025 12:08:50 UTC] Salto indirizzo mail:ulrike-joos@enders-pro:indirizzo mail non valido
[02-Feb-2025 12:08:50 UTC] Totale mail inviate: 0
[02-Feb-2025 12:08:50 UTC] Totale errori: 1
[02-Feb-2025 12:18:55 UTC] Avvio lettura da MySQL sito web
[02-Feb-2025 12:18:57 UTC] Avvio lettura da LCCOMP0F
[02-Feb-2025 12:18:57 UTC] Salto indirizzo mail:ulrike-joos@enders-pro:indirizzo mail non valido
[02-Feb-2025 12:18:57 UTC] Totale mail inviate: 0
[02-Feb-2025 12:18:57 UTC] Totale errori: 1
[02-Feb-2025 12:29:03 UTC] Avvio lettura da MySQL sito web
[02-Feb-2025 12:29:05 UTC] Avvio lettura da LCCOMP0F
[02-Feb-2025 12:29:05 UTC] Salto indirizzo mail:ulrike-joos@enders-pro:indirizzo mail non valido
[02-Feb-2025 12:29:05 UTC] Totale mail inviate: 0
[02-Feb-2025 12:29:05 UTC] Totale errori: 1
[02-Feb-2025 12:39:11 UTC] Avvio lettura da MySQL sito web
[02-Feb-2025 12:39:13 UTC] Invio mail a:vbouillard@gmail.com da viktoriia.gorzova@rgpballs.com
[02-Feb-2025 12:39:14 UTC] Mail inviata a vbouillard@gmail.com
[02-Feb-2025 12:39:15 UTC] Avvio lettura da LCCOMP0F
[02-Feb-2025 12:39:15 UTC] Salto indirizzo mail:ulrike-joos@enders-pro:indirizzo mail non valido
[02-Feb-2025 12:39:15 UTC] Totale mail inviate: 1
[02-Feb-2025 12:39:15 UTC] Totale errori: 1
[02-Feb-2025 12:49:21 UTC] Avvio lettura da MySQL sito web
[02-Feb-2025 12:49:23 UTC] Avvio lettura da LCCOMP0F
[02-Feb-2025 12:49:23 UTC] Salto indirizzo mail:ulrike-joos@enders-pro:indirizzo mail non valido
[02-Feb-2025 12:49:23 UTC] Totale mail inviate: 0
[02-Feb-2025 12:49:23 UTC] Totale errori: 1
[02-Feb-2025 12:59:30 UTC] Avvio lettura da MySQL sito web
[02-Feb-2025 12:59:32 UTC] Invio mail a:franz@deckenbach.com da viktoriia.gorzova@rgpballs.com
[02-Feb-2025 12:59:32 UTC] Mail inviata a franz@deckenbach.com
[02-Feb-2025 12:59:33 UTC] Avvio lettura da LCCOMP0F
[02-Feb-2025 12:59:33 UTC] Salto indirizzo mail:ulrike-joos@enders-pro:indirizzo mail non valido
[02-Feb-2025 12:59:33 UTC] Totale mail inviate: 1
[02-Feb-2025 12:59:33 UTC] Totale errori: 1
[02-Feb-2025 13:09:40 UTC] Avvio lettura da MySQL sito web
[02-Feb-2025 13:09:42 UTC] Avvio lettura da LCCOMP0F
[02-Feb-2025 13:09:42 UTC] Salto indirizzo mail:ulrike-joos@enders-pro:indirizzo mail non valido
[02-Feb-2025 13:09:42 UTC] Totale mail inviate: 0
[02-Feb-2025 13:09:42 UTC] Totale errori: 1
[02-Feb-2025 13:29:50 UTC] Avvio lettura da MySQL sito web
[02-Feb-2025 13:29:52 UTC] Avvio lettura da LCCOMP0F
[02-Feb-2025 13:29:52 UTC] Salto indirizzo mail:ulrike-joos@enders-pro:indirizzo mail non valido
[02-Feb-2025 13:29:52 UTC] Totale mail inviate: 0
[02-Feb-2025 13:29:52 UTC] Totale errori: 1
[02-Feb-2025 13:49:57 UTC] Avvio lettura da MySQL sito web
[02-Feb-2025 13:49:59 UTC] Avvio lettura da LCCOMP0F
[02-Feb-2025 13:49:59 UTC] Salto indirizzo mail:ulrike-joos@enders-pro:indirizzo mail non valido
[02-Feb-2025 13:49:59 UTC] Totale mail inviate: 0
[02-Feb-2025 13:49:59 UTC] Totale errori: 1
[02-Feb-2025 14:00:05 UTC] Avvio lettura da MySQL sito web
[02-Feb-2025 14:00:06 UTC] Avvio lettura da LCCOMP0F
[02-Feb-2025 14:00:06 UTC] Salto indirizzo mail:ulrike-joos@enders-pro:indirizzo mail non valido
[02-Feb-2025 14:00:06 UTC] Totale mail inviate: 0
[02-Feb-2025 14:00:06 UTC] Totale errori: 1
[02-Feb-2025 14:10:11 UTC] Avvio lettura da MySQL sito web
[02-Feb-2025 14:10:13 UTC] Avvio lettura da LCCOMP0F
[02-Feb-2025 14:10:13 UTC] Salto indirizzo mail:ulrike-joos@enders-pro:indirizzo mail non valido
[02-Feb-2025 14:10:13 UTC] Totale mail inviate: 0
[02-Feb-2025 14:10:13 UTC] Totale errori: 1
[02-Feb-2025 14:20:18 UTC] Avvio lettura da MySQL sito web
[02-Feb-2025 14:20:20 UTC] Avvio lettura da LCCOMP0F
[02-Feb-2025 14:20:20 UTC] Salto indirizzo mail:ulrike-joos@enders-pro:indirizzo mail non valido
[02-Feb-2025 14:20:20 UTC] Totale mail inviate: 0
[02-Feb-2025 14:20:20 UTC] Totale errori: 1
[02-Feb-2025 14:30:25 UTC] Avvio lettura da MySQL sito web
[02-Feb-2025 14:30:28 UTC] Avvio lettura da LCCOMP0F
[02-Feb-2025 14:30:28 UTC] Salto indirizzo mail:ulrike-joos@enders-pro:indirizzo mail non valido
[02-Feb-2025 14:30:28 UTC] Totale mail inviate: 0
[02-Feb-2025 14:30:28 UTC] Totale errori: 1
[02-Feb-2025 14:40:32 UTC] Avvio lettura da MySQL sito web
[02-Feb-2025 14:40:34 UTC] Invio mail a:umbertocastiglione1@tin.it da beatrice.barcella@rgpballs.com
[02-Feb-2025 14:40:36 UTC] Mail inviata a umbertocastiglione1@tin.it
[02-Feb-2025 14:40:38 UTC] Avvio lettura da LCCOMP0F
[02-Feb-2025 14:40:38 UTC] Salto indirizzo mail:ulrike-joos@enders-pro:indirizzo mail non valido
[02-Feb-2025 14:40:38 UTC] Totale mail inviate: 1
[02-Feb-2025 14:40:38 UTC] Totale errori: 1
[02-Feb-2025 14:50:42 UTC] Avvio lettura da MySQL sito web
[02-Feb-2025 14:50:44 UTC] Avvio lettura da LCCOMP0F
[02-Feb-2025 14:50:44 UTC] Salto indirizzo mail:ulrike-joos@enders-pro:indirizzo mail non valido
[02-Feb-2025 14:50:44 UTC] Totale mail inviate: 0
[02-Feb-2025 14:50:44 UTC] Totale errori: 1
[02-Feb-2025 15:00:48 UTC] Avvio lettura da MySQL sito web
[02-Feb-2025 15:00:50 UTC] Avvio lettura da LCCOMP0F
[02-Feb-2025 15:00:50 UTC] Salto indirizzo mail:ulrike-joos@enders-pro:indirizzo mail non valido
[02-Feb-2025 15:00:50 UTC] Totale mail inviate: 0
[02-Feb-2025 15:00:50 UTC] Totale errori: 1
[02-Feb-2025 15:10:54 UTC] Avvio lettura da MySQL sito web
[02-Feb-2025 15:10:55 UTC] Avvio lettura da LCCOMP0F
[02-Feb-2025 15:10:56 UTC] Salto indirizzo mail:ulrike-joos@enders-pro:indirizzo mail non valido
[02-Feb-2025 15:10:56 UTC] Totale mail inviate: 0
[02-Feb-2025 15:10:56 UTC] Totale errori: 1
[02-Feb-2025 15:20:59 UTC] Avvio lettura da MySQL sito web
[02-Feb-2025 15:21:01 UTC] Avvio lettura da LCCOMP0F
[02-Feb-2025 15:21:01 UTC] Salto indirizzo mail:ulrike-joos@enders-pro:indirizzo mail non valido
[02-Feb-2025 15:21:01 UTC] Totale mail inviate: 0
[02-Feb-2025 15:21:01 UTC] Totale errori: 1
[02-Feb-2025 15:31:06 UTC] Avvio lettura da MySQL sito web
[02-Feb-2025 15:31:08 UTC] Avvio lettura da LCCOMP0F
[02-Feb-2025 15:31:08 UTC] Salto indirizzo mail:ulrike-joos@enders-pro:indirizzo mail non valido
[02-Feb-2025 15:31:08 UTC] Totale mail inviate: 0
[02-Feb-2025 15:31:08 UTC] Totale errori: 1
[02-Feb-2025 15:41:13 UTC] Avvio lettura da MySQL sito web
[02-Feb-2025 15:41:15 UTC] Avvio lettura da LCCOMP0F
[02-Feb-2025 15:41:15 UTC] Salto indirizzo mail:ulrike-joos@enders-pro:indirizzo mail non valido
[02-Feb-2025 15:41:15 UTC] Totale mail inviate: 0
[02-Feb-2025 15:41:15 UTC] Totale errori: 1
[02-Feb-2025 15:51:20 UTC] Avvio lettura da MySQL sito web
[02-Feb-2025 15:51:22 UTC] Avvio lettura da LCCOMP0F
[02-Feb-2025 15:51:22 UTC] Salto indirizzo mail:ulrike-joos@enders-pro:indirizzo mail non valido
[02-Feb-2025 15:51:22 UTC] Totale mail inviate: 0
[02-Feb-2025 15:51:22 UTC] Totale errori: 1
[02-Feb-2025 16:01:27 UTC] Avvio lettura da MySQL sito web
[02-Feb-2025 16:01:29 UTC] Avvio lettura da LCCOMP0F
[02-Feb-2025 16:01:29 UTC] Salto indirizzo mail:ulrike-joos@enders-pro:indirizzo mail non valido
[02-Feb-2025 16:01:29 UTC] Totale mail inviate: 0
[02-Feb-2025 16:01:29 UTC] Totale errori: 1
[02-Feb-2025 16:11:34 UTC] Avvio lettura da MySQL sito web
[02-Feb-2025 16:11:36 UTC] Avvio lettura da LCCOMP0F
[02-Feb-2025 16:11:36 UTC] Salto indirizzo mail:ulrike-joos@enders-pro:indirizzo mail non valido
[02-Feb-2025 16:11:36 UTC] Totale mail inviate: 0
[02-Feb-2025 16:11:36 UTC] Totale errori: 1
[02-Feb-2025 16:21:41 UTC] Avvio lettura da MySQL sito web
[02-Feb-2025 16:21:42 UTC] Invio mail a:stefano.santarelli0@alice.it da beatrice.barcella@rgpballs.com
[02-Feb-2025 16:21:43 UTC] Mail inviata a stefano.santarelli0@alice.it
[02-Feb-2025 16:21:44 UTC] Avvio lettura da LCCOMP0F
[02-Feb-2025 16:21:44 UTC] Salto indirizzo mail:ulrike-joos@enders-pro:indirizzo mail non valido
[02-Feb-2025 16:21:44 UTC] Totale mail inviate: 1
[02-Feb-2025 16:21:44 UTC] Totale errori: 1
[02-Feb-2025 16:31:48 UTC] Avvio lettura da MySQL sito web
[02-Feb-2025 16:31:50 UTC] Avvio lettura da LCCOMP0F
[02-Feb-2025 16:31:50 UTC] Salto indirizzo mail:ulrike-joos@enders-pro:indirizzo mail non valido
[02-Feb-2025 16:31:50 UTC] Totale mail inviate: 0
[02-Feb-2025 16:31:50 UTC] Totale errori: 1
[02-Feb-2025 16:41:53 UTC] Avvio lettura da MySQL sito web
[02-Feb-2025 16:41:55 UTC] Avvio lettura da LCCOMP0F
[02-Feb-2025 16:41:55 UTC] Salto indirizzo mail:ulrike-joos@enders-pro:indirizzo mail non valido
[02-Feb-2025 16:41:55 UTC] Totale mail inviate: 0
[02-Feb-2025 16:41:55 UTC] Totale errori: 1
[02-Feb-2025 16:51:59 UTC] Avvio lettura da MySQL sito web
[02-Feb-2025 16:52:02 UTC] Avvio lettura da LCCOMP0F
[02-Feb-2025 16:52:02 UTC] Salto indirizzo mail:ulrike-joos@enders-pro:indirizzo mail non valido
[02-Feb-2025 16:52:02 UTC] Totale mail inviate: 0
[02-Feb-2025 16:52:02 UTC] Totale errori: 1
[02-Feb-2025 17:02:07 UTC] Avvio lettura da MySQL sito web
[02-Feb-2025 17:02:09 UTC] Avvio lettura da LCCOMP0F
[02-Feb-2025 17:02:09 UTC] Salto indirizzo mail:ulrike-joos@enders-pro:indirizzo mail non valido
[02-Feb-2025 17:02:09 UTC] Totale mail inviate: 0
[02-Feb-2025 17:02:09 UTC] Totale errori: 1
[02-Feb-2025 17:12:14 UTC] Avvio lettura da MySQL sito web
[02-Feb-2025 17:12:16 UTC] Avvio lettura da LCCOMP0F
[02-Feb-2025 17:12:16 UTC] Salto indirizzo mail:ulrike-joos@enders-pro:indirizzo mail non valido
[02-Feb-2025 17:12:16 UTC] Totale mail inviate: 0
[02-Feb-2025 17:12:16 UTC] Totale errori: 1
[02-Feb-2025 17:22:20 UTC] Avvio lettura da MySQL sito web
[02-Feb-2025 17:22:22 UTC] Avvio lettura da LCCOMP0F
[02-Feb-2025 17:22:23 UTC] Salto indirizzo mail:ulrike-joos@enders-pro:indirizzo mail non valido
[02-Feb-2025 17:22:23 UTC] Totale mail inviate: 0
[02-Feb-2025 17:22:23 UTC] Totale errori: 1
[02-Feb-2025 17:32:27 UTC] Avvio lettura da MySQL sito web
[02-Feb-2025 17:32:29 UTC] Avvio lettura da LCCOMP0F
[02-Feb-2025 17:32:29 UTC] Salto indirizzo mail:ulrike-joos@enders-pro:indirizzo mail non valido
[02-Feb-2025 17:32:29 UTC] Totale mail inviate: 0
[02-Feb-2025 17:32:29 UTC] Totale errori: 1
[02-Feb-2025 17:42:34 UTC] Avvio lettura da MySQL sito web
[02-Feb-2025 17:42:36 UTC] Avvio lettura da LCCOMP0F
[02-Feb-2025 17:42:36 UTC] Salto indirizzo mail:ulrike-joos@enders-pro:indirizzo mail non valido
[02-Feb-2025 17:42:36 UTC] Totale mail inviate: 0
[02-Feb-2025 17:42:36 UTC] Totale errori: 1
[02-Feb-2025 17:52:40 UTC] Avvio lettura da MySQL sito web
[02-Feb-2025 17:52:42 UTC] Avvio lettura da LCCOMP0F
[02-Feb-2025 17:52:42 UTC] Salto indirizzo mail:ulrike-joos@enders-pro:indirizzo mail non valido
[02-Feb-2025 17:52:42 UTC] Totale mail inviate: 0
[02-Feb-2025 17:52:42 UTC] Totale errori: 1
[02-Feb-2025 18:02:47 UTC] Avvio lettura da MySQL sito web
[02-Feb-2025 18:02:49 UTC] Avvio lettura da LCCOMP0F
[02-Feb-2025 18:02:49 UTC] Salto indirizzo mail:ulrike-joos@enders-pro:indirizzo mail non valido
[02-Feb-2025 18:02:49 UTC] Totale mail inviate: 0
[02-Feb-2025 18:02:49 UTC] Totale errori: 1
[02-Feb-2025 18:12:54 UTC] Avvio lettura da MySQL sito web
[02-Feb-2025 18:12:56 UTC] Avvio lettura da LCCOMP0F
[02-Feb-2025 18:12:56 UTC] Salto indirizzo mail:ulrike-joos@enders-pro:indirizzo mail non valido
[02-Feb-2025 18:12:56 UTC] Totale mail inviate: 0
[02-Feb-2025 18:12:56 UTC] Totale errori: 1
[02-Feb-2025 18:23:02 UTC] Avvio lettura da MySQL sito web
[02-Feb-2025 18:23:04 UTC] Avvio lettura da LCCOMP0F
[02-Feb-2025 18:23:04 UTC] Salto indirizzo mail:ulrike-joos@enders-pro:indirizzo mail non valido
[02-Feb-2025 18:23:04 UTC] Totale mail inviate: 0
[02-Feb-2025 18:23:04 UTC] Totale errori: 1
[02-Feb-2025 18:33:09 UTC] Avvio lettura da MySQL sito web
[02-Feb-2025 18:33:11 UTC] Avvio lettura da LCCOMP0F
[02-Feb-2025 18:33:11 UTC] Salto indirizzo mail:ulrike-joos@enders-pro:indirizzo mail non valido
[02-Feb-2025 18:33:11 UTC] Totale mail inviate: 0
[02-Feb-2025 18:33:11 UTC] Totale errori: 1
[02-Feb-2025 18:43:15 UTC] Avvio lettura da MySQL sito web
[02-Feb-2025 18:43:17 UTC] Avvio lettura da LCCOMP0F
[02-Feb-2025 18:43:17 UTC] Salto indirizzo mail:ulrike-joos@enders-pro:indirizzo mail non valido
[02-Feb-2025 18:43:17 UTC] Totale mail inviate: 0
[02-Feb-2025 18:43:17 UTC] Totale errori: 1
[02-Feb-2025 18:53:22 UTC] Avvio lettura da MySQL sito web
[02-Feb-2025 18:53:24 UTC] Avvio lettura da LCCOMP0F
[02-Feb-2025 18:53:24 UTC] Salto indirizzo mail:ulrike-joos@enders-pro:indirizzo mail non valido
[02-Feb-2025 18:53:24 UTC] Totale mail inviate: 0
[02-Feb-2025 18:53:24 UTC] Totale errori: 1
[02-Feb-2025 19:03:29 UTC] Avvio lettura da MySQL sito web
[02-Feb-2025 19:03:31 UTC] Avvio lettura da LCCOMP0F
[02-Feb-2025 19:03:31 UTC] Salto indirizzo mail:ulrike-joos@enders-pro:indirizzo mail non valido
[02-Feb-2025 19:03:31 UTC] Totale mail inviate: 0
[02-Feb-2025 19:03:31 UTC] Totale errori: 1
[02-Feb-2025 19:13:35 UTC] Avvio lettura da MySQL sito web
[02-Feb-2025 19:13:38 UTC] Avvio lettura da LCCOMP0F
[02-Feb-2025 19:13:38 UTC] Salto indirizzo mail:ulrike-joos@enders-pro:indirizzo mail non valido
[02-Feb-2025 19:13:38 UTC] Totale mail inviate: 0
[02-Feb-2025 19:13:38 UTC] Totale errori: 1
[02-Feb-2025 19:23:43 UTC] Avvio lettura da MySQL sito web
[02-Feb-2025 19:23:45 UTC] Avvio lettura da LCCOMP0F
[02-Feb-2025 19:23:45 UTC] Salto indirizzo mail:ulrike-joos@enders-pro:indirizzo mail non valido
[02-Feb-2025 19:23:45 UTC] Totale mail inviate: 0
[02-Feb-2025 19:23:45 UTC] Totale errori: 1
[02-Feb-2025 19:33:50 UTC] Avvio lettura da MySQL sito web
[02-Feb-2025 19:33:52 UTC] Avvio lettura da LCCOMP0F
[02-Feb-2025 19:33:52 UTC] Salto indirizzo mail:ulrike-joos@enders-pro:indirizzo mail non valido
[02-Feb-2025 19:33:52 UTC] Totale mail inviate: 0
[02-Feb-2025 19:33:52 UTC] Totale errori: 1
[02-Feb-2025 19:43:57 UTC] Avvio lettura da MySQL sito web
[02-Feb-2025 19:43:59 UTC] Avvio lettura da LCCOMP0F
[02-Feb-2025 19:43:59 UTC] Salto indirizzo mail:ulrike-joos@enders-pro:indirizzo mail non valido
[02-Feb-2025 19:43:59 UTC] Totale mail inviate: 0
[02-Feb-2025 19:43:59 UTC] Totale errori: 1
[02-Feb-2025 19:54:03 UTC] Avvio lettura da MySQL sito web
[02-Feb-2025 19:54:05 UTC] Avvio lettura da LCCOMP0F
[02-Feb-2025 19:54:05 UTC] Salto indirizzo mail:ulrike-joos@enders-pro:indirizzo mail non valido
[02-Feb-2025 19:54:05 UTC] Totale mail inviate: 0
[02-Feb-2025 19:54:05 UTC] Totale errori: 1
[02-Feb-2025 20:04:10 UTC] Avvio lettura da MySQL sito web
[02-Feb-2025 20:04:12 UTC] Avvio lettura da LCCOMP0F
[02-Feb-2025 20:04:12 UTC] Salto indirizzo mail:ulrike-joos@enders-pro:indirizzo mail non valido
[02-Feb-2025 20:04:12 UTC] Totale mail inviate: 0
[02-Feb-2025 20:04:12 UTC] Totale errori: 1
[02-Feb-2025 20:14:16 UTC] Avvio lettura da MySQL sito web
[02-Feb-2025 20:14:18 UTC] Avvio lettura da LCCOMP0F
[02-Feb-2025 20:14:18 UTC] Salto indirizzo mail:ulrike-joos@enders-pro:indirizzo mail non valido
[02-Feb-2025 20:14:18 UTC] Totale mail inviate: 0
[02-Feb-2025 20:14:18 UTC] Totale errori: 1
[02-Feb-2025 20:24:23 UTC] Avvio lettura da MySQL sito web
[02-Feb-2025 20:24:25 UTC] Avvio lettura da LCCOMP0F
[02-Feb-2025 20:24:25 UTC] Salto indirizzo mail:ulrike-joos@enders-pro:indirizzo mail non valido
[02-Feb-2025 20:24:25 UTC] Totale mail inviate: 0
[02-Feb-2025 20:24:25 UTC] Totale errori: 1
[02-Feb-2025 20:34:29 UTC] Avvio lettura da MySQL sito web
[02-Feb-2025 20:34:31 UTC] Avvio lettura da LCCOMP0F
[02-Feb-2025 20:34:31 UTC] Salto indirizzo mail:ulrike-joos@enders-pro:indirizzo mail non valido
[02-Feb-2025 20:34:31 UTC] Totale mail inviate: 0
[02-Feb-2025 20:34:31 UTC] Totale errori: 1
[02-Feb-2025 20:44:36 UTC] Avvio lettura da MySQL sito web
[02-Feb-2025 20:44:39 UTC] Avvio lettura da LCCOMP0F
[02-Feb-2025 20:44:39 UTC] Salto indirizzo mail:ulrike-joos@enders-pro:indirizzo mail non valido
[02-Feb-2025 20:44:39 UTC] Totale mail inviate: 0
[02-Feb-2025 20:44:39 UTC] Totale errori: 1
[02-Feb-2025 20:54:44 UTC] Avvio lettura da MySQL sito web
[02-Feb-2025 20:54:47 UTC] Avvio lettura da LCCOMP0F
[02-Feb-2025 20:54:47 UTC] Salto indirizzo mail:ulrike-joos@enders-pro:indirizzo mail non valido
[02-Feb-2025 20:54:47 UTC] Totale mail inviate: 0
[02-Feb-2025 20:54:47 UTC] Totale errori: 1
[02-Feb-2025 21:04:52 UTC] Avvio lettura da MySQL sito web
[02-Feb-2025 21:04:54 UTC] Avvio lettura da LCCOMP0F
[02-Feb-2025 21:04:54 UTC] Salto indirizzo mail:ulrike-joos@enders-pro:indirizzo mail non valido
[02-Feb-2025 21:04:54 UTC] Totale mail inviate: 0
[02-Feb-2025 21:04:54 UTC] Totale errori: 1
[02-Feb-2025 21:14:58 UTC] Avvio lettura da MySQL sito web
[02-Feb-2025 21:15:01 UTC] Avvio lettura da LCCOMP0F
[02-Feb-2025 21:15:01 UTC] Salto indirizzo mail:ulrike-joos@enders-pro:indirizzo mail non valido
[02-Feb-2025 21:15:01 UTC] Totale mail inviate: 0
[02-Feb-2025 21:15:01 UTC] Totale errori: 1
[02-Feb-2025 21:25:06 UTC] Avvio lettura da MySQL sito web
[02-Feb-2025 21:25:08 UTC] Avvio lettura da LCCOMP0F
[02-Feb-2025 21:25:08 UTC] Salto indirizzo mail:ulrike-joos@enders-pro:indirizzo mail non valido
[02-Feb-2025 21:25:08 UTC] Totale mail inviate: 0
[02-Feb-2025 21:25:08 UTC] Totale errori: 1
[02-Feb-2025 21:35:12 UTC] Avvio lettura da MySQL sito web
[02-Feb-2025 21:35:15 UTC] Avvio lettura da LCCOMP0F
[02-Feb-2025 21:35:15 UTC] Salto indirizzo mail:ulrike-joos@enders-pro:indirizzo mail non valido
[02-Feb-2025 21:35:15 UTC] Totale mail inviate: 0
[02-Feb-2025 21:35:15 UTC] Totale errori: 1
[02-Feb-2025 21:45:19 UTC] Avvio lettura da MySQL sito web
[02-Feb-2025 21:45:21 UTC] Avvio lettura da LCCOMP0F
[02-Feb-2025 21:45:21 UTC] Salto indirizzo mail:ulrike-joos@enders-pro:indirizzo mail non valido
[02-Feb-2025 21:45:21 UTC] Totale mail inviate: 0
[02-Feb-2025 21:45:21 UTC] Totale errori: 1
[02-Feb-2025 21:55:26 UTC] Avvio lettura da MySQL sito web
[02-Feb-2025 21:55:28 UTC] Avvio lettura da LCCOMP0F
[02-Feb-2025 21:55:28 UTC] Salto indirizzo mail:ulrike-joos@enders-pro:indirizzo mail non valido
[02-Feb-2025 21:55:28 UTC] Totale mail inviate: 0
[02-Feb-2025 21:55:28 UTC] Totale errori: 1
[02-Feb-2025 22:05:33 UTC] Avvio lettura da MySQL sito web
[02-Feb-2025 22:05:35 UTC] Avvio lettura da LCCOMP0F
[02-Feb-2025 22:05:35 UTC] Salto indirizzo mail:ulrike-joos@enders-pro:indirizzo mail non valido
[02-Feb-2025 22:05:35 UTC] Totale mail inviate: 0
[02-Feb-2025 22:05:35 UTC] Totale errori: 1
[02-Feb-2025 22:15:40 UTC] Avvio lettura da MySQL sito web
[02-Feb-2025 22:15:42 UTC] Avvio lettura da LCCOMP0F
[02-Feb-2025 22:15:42 UTC] Salto indirizzo mail:ulrike-joos@enders-pro:indirizzo mail non valido
[02-Feb-2025 22:15:42 UTC] Totale mail inviate: 0
[02-Feb-2025 22:15:42 UTC] Totale errori: 1
[02-Feb-2025 22:25:48 UTC] Avvio lettura da MySQL sito web
[02-Feb-2025 22:25:50 UTC] Avvio lettura da LCCOMP0F
[02-Feb-2025 22:25:50 UTC] Salto indirizzo mail:ulrike-joos@enders-pro:indirizzo mail non valido
[02-Feb-2025 22:25:50 UTC] Totale mail inviate: 0
[02-Feb-2025 22:25:50 UTC] Totale errori: 1
[02-Feb-2025 22:35:55 UTC] Avvio lettura da MySQL sito web
[02-Feb-2025 22:35:57 UTC] Avvio lettura da LCCOMP0F
[02-Feb-2025 22:35:57 UTC] Salto indirizzo mail:ulrike-joos@enders-pro:indirizzo mail non valido
[02-Feb-2025 22:35:57 UTC] Totale mail inviate: 0
[02-Feb-2025 22:35:57 UTC] Totale errori: 1
[02-Feb-2025 22:46:02 UTC] Avvio lettura da MySQL sito web
[02-Feb-2025 22:46:05 UTC] Avvio lettura da LCCOMP0F
[02-Feb-2025 22:46:05 UTC] Salto indirizzo mail:ulrike-joos@enders-pro:indirizzo mail non valido
[02-Feb-2025 22:46:05 UTC] Totale mail inviate: 0
[02-Feb-2025 22:46:05 UTC] Totale errori: 1
[02-Feb-2025 22:56:09 UTC] Avvio lettura da MySQL sito web
[02-Feb-2025 22:56:11 UTC] Avvio lettura da LCCOMP0F
[02-Feb-2025 22:56:11 UTC] Salto indirizzo mail:ulrike-joos@enders-pro:indirizzo mail non valido
[02-Feb-2025 22:56:11 UTC] Totale mail inviate: 0
[02-Feb-2025 22:56:11 UTC] Totale errori: 1
[03-Feb-2025 04:53:36 UTC] Avvio lettura da MySQL sito web
[03-Feb-2025 04:53:39 UTC] Avvio lettura da LCCOMP0F
[03-Feb-2025 04:53:39 UTC] Salto indirizzo mail:ulrike-joos@enders-pro:indirizzo mail non valido
[03-Feb-2025 04:53:39 UTC] Totale mail inviate: 0
[03-Feb-2025 04:53:39 UTC] Totale errori: 1
[03-Feb-2025 05:03:44 UTC] Avvio lettura da MySQL sito web
[03-Feb-2025 05:03:46 UTC] Avvio lettura da LCCOMP0F
[03-Feb-2025 05:03:46 UTC] Salto indirizzo mail:ulrike-joos@enders-pro:indirizzo mail non valido
[03-Feb-2025 05:03:46 UTC] Totale mail inviate: 0
[03-Feb-2025 05:03:46 UTC] Totale errori: 1
[03-Feb-2025 05:13:50 UTC] Avvio lettura da MySQL sito web
[03-Feb-2025 05:13:52 UTC] Avvio lettura da LCCOMP0F
[03-Feb-2025 05:13:52 UTC] Salto indirizzo mail:ulrike-joos@enders-pro:indirizzo mail non valido
[03-Feb-2025 05:13:52 UTC] Totale mail inviate: 0
[03-Feb-2025 05:13:52 UTC] Totale errori: 1
[03-Feb-2025 05:23:56 UTC] Avvio lettura da MySQL sito web
[03-Feb-2025 05:23:59 UTC] Avvio lettura da LCCOMP0F
[03-Feb-2025 05:23:59 UTC] Salto indirizzo mail:ulrike-joos@enders-pro:indirizzo mail non valido
[03-Feb-2025 05:23:59 UTC] Totale mail inviate: 0
[03-Feb-2025 05:23:59 UTC] Totale errori: 1
[03-Feb-2025 05:34:03 UTC] Avvio lettura da MySQL sito web
[03-Feb-2025 05:34:05 UTC] Avvio lettura da LCCOMP0F
[03-Feb-2025 05:34:05 UTC] Salto indirizzo mail:ulrike-joos@enders-pro:indirizzo mail non valido
[03-Feb-2025 05:34:05 UTC] Totale mail inviate: 0
[03-Feb-2025 05:34:05 UTC] Totale errori: 1
[03-Feb-2025 05:44:10 UTC] Avvio lettura da MySQL sito web
[03-Feb-2025 05:44:12 UTC] Avvio lettura da LCCOMP0F
[03-Feb-2025 05:44:12 UTC] Salto indirizzo mail:ulrike-joos@enders-pro:indirizzo mail non valido
[03-Feb-2025 05:44:12 UTC] Totale mail inviate: 0
[03-Feb-2025 05:44:12 UTC] Totale errori: 1
[03-Feb-2025 05:54:16 UTC] Avvio lettura da MySQL sito web
[03-Feb-2025 05:54:18 UTC] Avvio lettura da LCCOMP0F
[03-Feb-2025 05:54:19 UTC] Salto indirizzo mail:ulrike-joos@enders-pro:indirizzo mail non valido
[03-Feb-2025 05:54:19 UTC] Totale mail inviate: 0
[03-Feb-2025 05:54:19 UTC] Totale errori: 1
[03-Feb-2025 06:04:25 UTC] Avvio lettura da MySQL sito web
[03-Feb-2025 06:04:28 UTC] Avvio lettura da LCCOMP0F
[03-Feb-2025 06:04:28 UTC] Salto indirizzo mail:ulrike-joos@enders-pro:indirizzo mail non valido
[03-Feb-2025 06:04:28 UTC] Totale mail inviate: 0
[03-Feb-2025 06:04:28 UTC] Totale errori: 1
[03-Feb-2025 06:14:32 UTC] Avvio lettura da MySQL sito web
[03-Feb-2025 06:14:34 UTC] Avvio lettura da LCCOMP0F
[03-Feb-2025 06:14:34 UTC] Salto indirizzo mail:ulrike-joos@enders-pro:indirizzo mail non valido
[03-Feb-2025 06:14:34 UTC] Totale mail inviate: 0
[03-Feb-2025 06:14:34 UTC] Totale errori: 1
[03-Feb-2025 06:24:38 UTC] Avvio lettura da MySQL sito web
[03-Feb-2025 06:24:40 UTC] Avvio lettura da LCCOMP0F
[03-Feb-2025 06:24:40 UTC] Salto indirizzo mail:ulrike-joos@enders-pro:indirizzo mail non valido
[03-Feb-2025 06:24:40 UTC] Totale mail inviate: 0
[03-Feb-2025 06:24:40 UTC] Totale errori: 1
[03-Feb-2025 06:34:44 UTC] Avvio lettura da MySQL sito web
[03-Feb-2025 06:34:46 UTC] Avvio lettura da LCCOMP0F
[03-Feb-2025 06:34:46 UTC] Salto indirizzo mail:ulrike-joos@enders-pro:indirizzo mail non valido
[03-Feb-2025 06:34:46 UTC] Totale mail inviate: 0
[03-Feb-2025 06:34:46 UTC] Totale errori: 1
[03-Feb-2025 06:44:50 UTC] Avvio lettura da MySQL sito web
[03-Feb-2025 06:44:52 UTC] Avvio lettura da LCCOMP0F
[03-Feb-2025 06:44:52 UTC] Salto indirizzo mail:ulrike-joos@enders-pro:indirizzo mail non valido
[03-Feb-2025 06:44:52 UTC] Totale mail inviate: 0
[03-Feb-2025 06:44:52 UTC] Totale errori: 1
[03-Feb-2025 06:54:56 UTC] Avvio lettura da MySQL sito web
[03-Feb-2025 06:54:58 UTC] Avvio lettura da LCCOMP0F
[03-Feb-2025 06:54:58 UTC] Salto indirizzo mail:ulrike-joos@enders-pro:indirizzo mail non valido
[03-Feb-2025 06:54:58 UTC] Totale mail inviate: 0
[03-Feb-2025 06:54:58 UTC] Totale errori: 1
[03-Feb-2025 07:05:02 UTC] Avvio lettura da MySQL sito web
[03-Feb-2025 07:05:04 UTC] Avvio lettura da LCCOMP0F
[03-Feb-2025 07:05:04 UTC] Salto indirizzo mail:ulrike-joos@enders-pro:indirizzo mail non valido
[03-Feb-2025 07:05:04 UTC] Totale mail inviate: 0
[03-Feb-2025 07:05:04 UTC] Totale errori: 1
[03-Feb-2025 07:15:09 UTC] Avvio lettura da MySQL sito web
[03-Feb-2025 07:15:11 UTC] Avvio lettura da LCCOMP0F
[03-Feb-2025 07:15:11 UTC] Salto indirizzo mail:ulrike-joos@enders-pro:indirizzo mail non valido
[03-Feb-2025 07:15:11 UTC] Totale mail inviate: 0
[03-Feb-2025 07:15:11 UTC] Totale errori: 1
[03-Feb-2025 07:25:16 UTC] Avvio lettura da MySQL sito web
[03-Feb-2025 07:25:18 UTC] Avvio lettura da LCCOMP0F
[03-Feb-2025 07:25:18 UTC] Salto indirizzo mail:ulrike-joos@enders-pro:indirizzo mail non valido
[03-Feb-2025 07:25:18 UTC] Totale mail inviate: 0
[03-Feb-2025 07:25:18 UTC] Totale errori: 1
[03-Feb-2025 07:45:25 UTC] Avvio lettura da MySQL sito web
[03-Feb-2025 07:45:28 UTC] Avvio lettura da LCCOMP0F
[03-Feb-2025 07:45:28 UTC] Salto indirizzo mail:ulrike-joos@enders-pro:indirizzo mail non valido
[03-Feb-2025 07:45:28 UTC] Totale mail inviate: 0
[03-Feb-2025 07:45:28 UTC] Totale errori: 1
[03-Feb-2025 07:55:32 UTC] Avvio lettura da MySQL sito web
[03-Feb-2025 07:55:35 UTC] Avvio lettura da LCCOMP0F
[03-Feb-2025 07:55:35 UTC] Salto indirizzo mail:ulrike-joos@enders-pro:indirizzo mail non valido
[03-Feb-2025 07:55:35 UTC] Totale mail inviate: 0
[03-Feb-2025 07:55:35 UTC] Totale errori: 1
[03-Feb-2025 08:05:40 UTC] Avvio lettura da MySQL sito web
[03-Feb-2025 08:05:42 UTC] Avvio lettura da LCCOMP0F
[03-Feb-2025 08:05:42 UTC] Salto indirizzo mail:ulrike-joos@enders-pro:indirizzo mail non valido
[03-Feb-2025 08:05:42 UTC] Totale mail inviate: 0
[03-Feb-2025 08:05:42 UTC] Totale errori: 1
[03-Feb-2025 08:15:48 UTC] Avvio lettura da MySQL sito web
[03-Feb-2025 08:15:50 UTC] Avvio lettura da LCCOMP0F
[03-Feb-2025 08:15:50 UTC] Salto indirizzo mail:ulrike-joos@enders-pro:indirizzo mail non valido
[03-Feb-2025 08:15:50 UTC] Totale mail inviate: 0
[03-Feb-2025 08:15:50 UTC] Totale errori: 1
[03-Feb-2025 08:25:55 UTC] Avvio lettura da MySQL sito web
[03-Feb-2025 08:25:57 UTC] Avvio lettura da LCCOMP0F
[03-Feb-2025 08:25:57 UTC] Salto indirizzo mail:ulrike-joos@enders-pro:indirizzo mail non valido
[03-Feb-2025 08:25:57 UTC] Totale mail inviate: 0
[03-Feb-2025 08:25:57 UTC] Totale errori: 1
[03-Feb-2025 08:36:02 UTC] Avvio lettura da MySQL sito web
[03-Feb-2025 08:36:04 UTC] Avvio lettura da LCCOMP0F
[03-Feb-2025 08:36:04 UTC] Salto indirizzo mail:ulrike-joos@enders-pro:indirizzo mail non valido
[03-Feb-2025 08:36:04 UTC] Totale mail inviate: 0
[03-Feb-2025 08:36:04 UTC] Totale errori: 1
[03-Feb-2025 08:46:09 UTC] Avvio lettura da MySQL sito web
[03-Feb-2025 08:46:11 UTC] Invio mail a:timosborne84@gmail.com da viktoriia.gorzova@rgpballs.com
[03-Feb-2025 08:46:12 UTC] Mail inviata a timosborne84@gmail.com
[03-Feb-2025 08:46:13 UTC] Avvio lettura da LCCOMP0F
[03-Feb-2025 08:46:13 UTC] Salto indirizzo mail:ulrike-joos@enders-pro:indirizzo mail non valido
[03-Feb-2025 08:46:13 UTC] Totale mail inviate: 1
[03-Feb-2025 08:46:13 UTC] Totale errori: 1
[03-Feb-2025 08:56:19 UTC] Avvio lettura da MySQL sito web
[03-Feb-2025 08:56:22 UTC] Avvio lettura da LCCOMP0F
[03-Feb-2025 08:56:22 UTC] Salto indirizzo mail:ulrike-joos@enders-pro:indirizzo mail non valido
[03-Feb-2025 08:56:22 UTC] Totale mail inviate: 0
[03-Feb-2025 08:56:22 UTC] Totale errori: 1
[03-Feb-2025 09:06:27 UTC] Avvio lettura da MySQL sito web
[03-Feb-2025 09:06:29 UTC] Avvio lettura da LCCOMP0F
[03-Feb-2025 09:06:29 UTC] Salto indirizzo mail:ulrike-joos@enders-pro:indirizzo mail non valido
[03-Feb-2025 09:06:29 UTC] Totale mail inviate: 0
[03-Feb-2025 09:06:29 UTC] Totale errori: 1
[03-Feb-2025 09:16:35 UTC] Avvio lettura da MySQL sito web
[03-Feb-2025 09:16:38 UTC] Invio mail a:angelo.disavino@kartell.it da beatrice.barcella@rgpballs.com
[03-Feb-2025 09:16:38 UTC] Mail inviata a angelo.disavino@kartell.it
[03-Feb-2025 09:16:39 UTC] Avvio lettura da LCCOMP0F
[03-Feb-2025 09:16:39 UTC] Salto indirizzo mail:ulrike-joos@enders-pro:indirizzo mail non valido
[03-Feb-2025 09:16:39 UTC] Totale mail inviate: 1
[03-Feb-2025 09:16:39 UTC] Totale errori: 1
[03-Feb-2025 09:26:45 UTC] Avvio lettura da MySQL sito web
[03-Feb-2025 09:26:47 UTC] Avvio lettura da LCCOMP0F
[03-Feb-2025 09:26:47 UTC] Salto indirizzo mail:ulrike-joos@enders-pro:indirizzo mail non valido
[03-Feb-2025 09:26:47 UTC] Totale mail inviate: 0
[03-Feb-2025 09:26:47 UTC] Totale errori: 1
[03-Feb-2025 09:36:53 UTC] Avvio lettura da MySQL sito web
[03-Feb-2025 09:36:55 UTC] Avvio lettura da LCCOMP0F
[03-Feb-2025 09:36:55 UTC] Salto indirizzo mail:ulrike-joos@enders-pro:indirizzo mail non valido
[03-Feb-2025 09:36:55 UTC] Totale mail inviate: 0
[03-Feb-2025 09:36:55 UTC] Totale errori: 1
[03-Feb-2025 09:47:01 UTC] Avvio lettura da MySQL sito web
[03-Feb-2025 09:47:04 UTC] Avvio lettura da LCCOMP0F
[03-Feb-2025 09:47:04 UTC] Salto indirizzo mail:ulrike-joos@enders-pro:indirizzo mail non valido
[03-Feb-2025 09:47:04 UTC] Totale mail inviate: 0
[03-Feb-2025 09:47:04 UTC] Totale errori: 1
[03-Feb-2025 09:57:10 UTC] Avvio lettura da MySQL sito web
[03-Feb-2025 09:57:13 UTC] Avvio lettura da LCCOMP0F
[03-Feb-2025 09:57:13 UTC] Salto indirizzo mail:ulrike-joos@enders-pro:indirizzo mail non valido
[03-Feb-2025 09:57:13 UTC] Totale mail inviate: 0
[03-Feb-2025 09:57:13 UTC] Totale errori: 1
[03-Feb-2025 10:07:20 UTC] Avvio lettura da MySQL sito web
[03-Feb-2025 10:07:23 UTC] Invio mail a:o.lederle@precitec.de da viktoriia.gorzova@rgpballs.com
[03-Feb-2025 10:07:23 UTC] Mail inviata a o.lederle@precitec.de
[03-Feb-2025 10:07:24 UTC] Avvio lettura da LCCOMP0F
[03-Feb-2025 10:07:24 UTC] Salto indirizzo mail:ulrike-joos@enders-pro:indirizzo mail non valido
[03-Feb-2025 10:07:24 UTC] Totale mail inviate: 1
[03-Feb-2025 10:07:24 UTC] Totale errori: 1
[03-Feb-2025 10:17:30 UTC] Avvio lettura da MySQL sito web
[03-Feb-2025 10:17:32 UTC] Avvio lettura da LCCOMP0F
[03-Feb-2025 10:17:32 UTC] Salto indirizzo mail:ulrike-joos@enders-pro:indirizzo mail non valido
[03-Feb-2025 10:17:32 UTC] Totale mail inviate: 0
[03-Feb-2025 10:17:32 UTC] Totale errori: 1
[03-Feb-2025 10:27:40 UTC] Avvio lettura da MySQL sito web
[03-Feb-2025 10:27:42 UTC] Avvio lettura da LCCOMP0F
[03-Feb-2025 10:27:42 UTC] Salto indirizzo mail:ulrike-joos@enders-pro:indirizzo mail non valido
[03-Feb-2025 10:27:42 UTC] Totale mail inviate: 0
[03-Feb-2025 10:27:42 UTC] Totale errori: 1
[03-Feb-2025 10:37:48 UTC] Avvio lettura da MySQL sito web
[03-Feb-2025 10:37:51 UTC] Avvio lettura da LCCOMP0F
[03-Feb-2025 10:37:51 UTC] Salto indirizzo mail:ulrike-joos@enders-pro:indirizzo mail non valido
[03-Feb-2025 10:37:51 UTC] Totale mail inviate: 0
[03-Feb-2025 10:37:51 UTC] Totale errori: 1
[03-Feb-2025 10:47:57 UTC] Avvio lettura da MySQL sito web
[03-Feb-2025 10:47:59 UTC] Avvio lettura da LCCOMP0F
[03-Feb-2025 10:47:59 UTC] Salto indirizzo mail:ulrike-joos@enders-pro:indirizzo mail non valido
[03-Feb-2025 10:47:59 UTC] Totale mail inviate: 0
[03-Feb-2025 10:47:59 UTC] Totale errori: 1
[03-Feb-2025 10:58:05 UTC] Avvio lettura da MySQL sito web
[03-Feb-2025 10:58:08 UTC] Avvio lettura da LCCOMP0F
[03-Feb-2025 10:58:08 UTC] Salto indirizzo mail:ulrike-joos@enders-pro:indirizzo mail non valido
[03-Feb-2025 10:58:08 UTC] Totale mail inviate: 0
[03-Feb-2025 10:58:08 UTC] Totale errori: 1
[03-Feb-2025 11:08:14 UTC] Avvio lettura da MySQL sito web
[03-Feb-2025 11:08:17 UTC] Avvio lettura da LCCOMP0F
[03-Feb-2025 11:08:17 UTC] Salto indirizzo mail:ulrike-joos@enders-pro:indirizzo mail non valido
[03-Feb-2025 11:08:17 UTC] Totale mail inviate: 0
[03-Feb-2025 11:08:17 UTC] Totale errori: 1
[03-Feb-2025 11:18:22 UTC] Avvio lettura da MySQL sito web
[03-Feb-2025 11:18:25 UTC] Avvio lettura da LCCOMP0F
[03-Feb-2025 11:18:25 UTC] Salto indirizzo mail:ulrike-joos@enders-pro:indirizzo mail non valido
[03-Feb-2025 11:18:25 UTC] Totale mail inviate: 0
[03-Feb-2025 11:18:25 UTC] Totale errori: 1
[03-Feb-2025 11:28:31 UTC] Avvio lettura da MySQL sito web
[03-Feb-2025 11:28:33 UTC] Avvio lettura da LCCOMP0F
[03-Feb-2025 11:28:34 UTC] Salto indirizzo mail:ulrike-joos@enders-pro:indirizzo mail non valido
[03-Feb-2025 11:28:34 UTC] Totale mail inviate: 0
[03-Feb-2025 11:28:34 UTC] Totale errori: 1
[03-Feb-2025 11:38:40 UTC] Avvio lettura da MySQL sito web
[03-Feb-2025 11:38:43 UTC] Avvio lettura da LCCOMP0F
[03-Feb-2025 11:38:43 UTC] Salto indirizzo mail:ulrike-joos@enders-pro:indirizzo mail non valido
[03-Feb-2025 11:38:43 UTC] Totale mail inviate: 0
[03-Feb-2025 11:38:43 UTC] Totale errori: 1
[03-Feb-2025 11:48:47 UTC] Avvio lettura da MySQL sito web
[03-Feb-2025 11:48:50 UTC] Avvio lettura da LCCOMP0F
[03-Feb-2025 11:48:50 UTC] Salto indirizzo mail:ulrike-joos@enders-pro:indirizzo mail non valido
[03-Feb-2025 11:48:50 UTC] Totale mail inviate: 0
[03-Feb-2025 11:48:50 UTC] Totale errori: 1
[03-Feb-2025 11:58:57 UTC] Avvio lettura da MySQL sito web
[03-Feb-2025 11:58:59 UTC] Invio mail a:thomas.lemon@sagentiainnovation.com da viktoriia.gorzova@rgpballs.com
[03-Feb-2025 11:59:00 UTC] Mail inviata a thomas.lemon@sagentiainnovation.com
[03-Feb-2025 11:59:01 UTC] Avvio lettura da LCCOMP0F
[03-Feb-2025 11:59:01 UTC] Salto indirizzo mail:ulrike-joos@enders-pro:indirizzo mail non valido
[03-Feb-2025 11:59:01 UTC] Totale mail inviate: 1
[03-Feb-2025 11:59:01 UTC] Totale errori: 1
[03-Feb-2025 12:19:08 UTC] Avvio lettura da MySQL sito web
[03-Feb-2025 12:19:10 UTC] Invio mail a:desquermeshayden@gmail.com da viktoriia.gorzova@rgpballs.com
[03-Feb-2025 12:19:11 UTC] Mail inviata a desquermeshayden@gmail.com
[03-Feb-2025 12:19:12 UTC] Avvio lettura da LCCOMP0F
[03-Feb-2025 12:19:12 UTC] Salto indirizzo mail:ulrike-joos@enders-pro:indirizzo mail non valido
[03-Feb-2025 12:19:12 UTC] Totale mail inviate: 1
[03-Feb-2025 12:19:12 UTC] Totale errori: 1
[03-Feb-2025 12:29:17 UTC] Avvio lettura da MySQL sito web
[03-Feb-2025 12:29:20 UTC] Avvio lettura da LCCOMP0F
[03-Feb-2025 12:29:20 UTC] Salto indirizzo mail:ulrike-joos@enders-pro:indirizzo mail non valido
[03-Feb-2025 12:29:20 UTC] Totale mail inviate: 0
[03-Feb-2025 12:29:20 UTC] Totale errori: 1
[03-Feb-2025 12:39:26 UTC] Avvio lettura da MySQL sito web
[03-Feb-2025 12:39:28 UTC] Avvio lettura da LCCOMP0F
[03-Feb-2025 12:39:28 UTC] Salto indirizzo mail:ulrike-joos@enders-pro:indirizzo mail non valido
[03-Feb-2025 12:39:28 UTC] Totale mail inviate: 0
[03-Feb-2025 12:39:28 UTC] Totale errori: 1
[03-Feb-2025 12:49:33 UTC] Avvio lettura da MySQL sito web
[03-Feb-2025 12:49:36 UTC] Avvio lettura da LCCOMP0F
[03-Feb-2025 12:49:36 UTC] Salto indirizzo mail:ulrike-joos@enders-pro:indirizzo mail non valido
[03-Feb-2025 12:49:36 UTC] Totale mail inviate: 0
[03-Feb-2025 12:49:36 UTC] Totale errori: 1
[03-Feb-2025 12:59:41 UTC] Avvio lettura da MySQL sito web
[03-Feb-2025 12:59:43 UTC] Invio mail a:roger.siren@bufab.com da viktoriia.gorzova@rgpballs.com
[03-Feb-2025 12:59:44 UTC] Mail inviata a roger.siren@bufab.com
[03-Feb-2025 12:59:45 UTC] Avvio lettura da LCCOMP0F
[03-Feb-2025 12:59:45 UTC] Salto indirizzo mail:ulrike-joos@enders-pro:indirizzo mail non valido
[03-Feb-2025 12:59:45 UTC] Totale mail inviate: 1
[03-Feb-2025 12:59:45 UTC] Totale errori: 1
[03-Feb-2025 13:09:50 UTC] Avvio lettura da MySQL sito web
[03-Feb-2025 13:09:53 UTC] Invio mail a:raphael.bouchereau428@gmail.com da viktoriia.gorzova@rgpballs.com
[03-Feb-2025 13:09:53 UTC] Mail inviata a raphael.bouchereau428@gmail.com
[03-Feb-2025 13:09:54 UTC] Avvio lettura da LCCOMP0F
[03-Feb-2025 13:09:54 UTC] Salto indirizzo mail:ulrike-joos@enders-pro:indirizzo mail non valido
[03-Feb-2025 13:09:54 UTC] Totale mail inviate: 1
[03-Feb-2025 13:09:54 UTC] Totale errori: 1
[03-Feb-2025 13:20:02 UTC] Avvio lettura da MySQL sito web
[03-Feb-2025 13:20:05 UTC] Avvio lettura da LCCOMP0F
[03-Feb-2025 13:20:06 UTC] Salto indirizzo mail:ulrike-joos@enders-pro:indirizzo mail non valido
[03-Feb-2025 13:20:06 UTC] Totale mail inviate: 0
[03-Feb-2025 13:20:06 UTC] Totale errori: 1
[03-Feb-2025 13:30:10 UTC] Avvio lettura da MySQL sito web
[03-Feb-2025 13:30:13 UTC] Invio mail a:denriquez@swissmec.ch da viktoriia.gorzova@rgpballs.com
[03-Feb-2025 13:30:13 UTC] Mail inviata a denriquez@swissmec.ch
[03-Feb-2025 13:30:14 UTC] Avvio lettura da LCCOMP0F
[03-Feb-2025 13:30:14 UTC] Salto indirizzo mail:ulrike-joos@enders-pro:indirizzo mail non valido
[03-Feb-2025 13:30:14 UTC] Totale mail inviate: 1
[03-Feb-2025 13:30:14 UTC] Totale errori: 1
[03-Feb-2025 13:40:20 UTC] Avvio lettura da MySQL sito web
[03-Feb-2025 13:40:22 UTC] Invio mail a:paul.fliser@biothrust.de da viktoriia.gorzova@rgpballs.com
[03-Feb-2025 13:40:23 UTC] Mail inviata a paul.fliser@biothrust.de
[03-Feb-2025 13:40:24 UTC] Avvio lettura da LCCOMP0F
[03-Feb-2025 13:40:24 UTC] Salto indirizzo mail:ulrike-joos@enders-pro:indirizzo mail non valido
[03-Feb-2025 13:40:24 UTC] Totale mail inviate: 1
[03-Feb-2025 13:40:24 UTC] Totale errori: 1
[03-Feb-2025 13:50:29 UTC] Avvio lettura da MySQL sito web
[03-Feb-2025 13:50:32 UTC] Avvio lettura da LCCOMP0F
[03-Feb-2025 13:50:32 UTC] Salto indirizzo mail:ulrike-joos@enders-pro:indirizzo mail non valido
[03-Feb-2025 13:50:32 UTC] Totale mail inviate: 0
[03-Feb-2025 13:50:32 UTC] Totale errori: 1
[03-Feb-2025 14:00:37 UTC] Avvio lettura da MySQL sito web
[03-Feb-2025 14:00:40 UTC] Avvio lettura da LCCOMP0F
[03-Feb-2025 14:00:40 UTC] Salto indirizzo mail:ulrike-joos@enders-pro:indirizzo mail non valido
[03-Feb-2025 14:00:40 UTC] Totale mail inviate: 0
[03-Feb-2025 14:00:40 UTC] Totale errori: 1
[03-Feb-2025 14:10:44 UTC] Avvio lettura da MySQL sito web
[03-Feb-2025 14:10:46 UTC] Avvio lettura da LCCOMP0F
[03-Feb-2025 14:10:46 UTC] Salto indirizzo mail:ulrike-joos@enders-pro:indirizzo mail non valido
[03-Feb-2025 14:10:46 UTC] Totale mail inviate: 0
[03-Feb-2025 14:10:46 UTC] Totale errori: 1
